ERROR - 2025-12-14 15:35:20 --> mysqli_sql_exception: MySQL server has gone away in C:\xampp\htdocs\HMS\system\Database\MySQLi\Connection.php:327
Stack trace:
#0 C:\xampp\htdocs\HMS\system\Database\MySQLi\Connection.php(327): mysqli->query('SELECT *\nFROM `...', 0)
#1 C:\xampp\htdocs\HMS\system\Database\BaseConnection.php(729): CodeIgniter\Database\MySQLi\Connection->execute('SELECT *\nFROM `...')
#2 C:\xampp\htdocs\HMS\system\Database\BaseConnection.php(646): CodeIgniter\Database\BaseConnection->simpleQuery('SELECT *\nFROM `...')
#3 C:\xampp\htdocs\HMS\system\Database\BaseBuilder.php(1649): CodeIgniter\Database\BaseConnection->query('SELECT *\nFROM `...', Array, false)
#4 C:\xampp\htdocs\HMS\app\Controllers\Auth.php(41): CodeIgniter\Database\BaseBuilder->get()
#5 C:\xampp\htdocs\HMS\system\CodeIgniter.php(933): App\Controllers\Auth->processLogin()
#6 C:\xampp\htdocs\HMS\system\CodeIgniter.php(507): CodeIgniter\CodeIgniter->runController(Object(App\Controllers\Auth))
#7 C:\xampp\htdocs\HMS\system\CodeIgniter.php(354): CodeIgniter\CodeIgniter->handleRequest(NULL, Object(Config\Cache), false)
#8 C:\xampp\htdocs\HMS\system\Boot.php(363): CodeIgniter\CodeIgniter->run()
#9 C:\xampp\htdocs\HMS\system\Boot.php(68): CodeIgniter\Boot::runCodeIgniter(Object(CodeIgniter\CodeIgniter))
#10 C:\xampp\htdocs\HMS\index.php(59): CodeIgniter\Boot::bootWeb(Object(Config\Paths))
#11 {main}
CRITICAL - 2025-12-14 15:35:20 --> CodeIgniter\Database\Exceptions\DatabaseException: MySQL server has gone away
[Method: POST, Route: login]
in SYSTEMPATH\Database\BaseConnection.php on line 684.
 1 SYSTEMPATH\Database\BaseBuilder.php(1649): CodeIgniter\Database\BaseConnection->query('SELECT *
FROM `users`
WHERE `email` = :email:
AND `status` = :status:', [...], false)
 2 APPPATH\Controllers\Auth.php(41): CodeIgniter\Database\BaseBuilder->get()
 3 SYSTEMPATH\CodeIgniter.php(933): App\Controllers\Auth->processLogin()
 4 SYSTEMPATH\CodeIgniter.php(507): CodeIgniter\CodeIgniter->runController(Object(App\Controllers\Auth))
 5 SYSTEMPATH\CodeIgniter.php(354): CodeIgniter\CodeIgniter->handleRequest(null, Object(Config\Cache), false)
 6 SYSTEMPATH\Boot.php(363): CodeIgniter\CodeIgniter->run()
 7 SYSTEMPATH\Boot.php(68): CodeIgniter\Boot::runCodeIgniter(Object(CodeIgniter\CodeIgniter))
 8 FCPATH\index.php(59): CodeIgniter\Boot::bootWeb(Object(Config\Paths))
CRITICAL - 2025-12-14 15:35:20 --> [Caused by] CodeIgniter\Database\Exceptions\DatabaseException: MySQL server has gone away
in SYSTEMPATH\Database\MySQLi\Connection.php on line 332.
 1 SYSTEMPATH\Database\BaseConnection.php(729): CodeIgniter\Database\MySQLi\Connection->execute('SELECT *
FROM `users`
WHERE `email` = \'reception@hms.com\'
AND `status` = \'active\'')
 2 SYSTEMPATH\Database\BaseConnection.php(646): CodeIgniter\Database\BaseConnection->simpleQuery('SELECT *
FROM `users`
WHERE `email` = \'reception@hms.com\'
AND `status` = \'active\'')
 3 SYSTEMPATH\Database\BaseBuilder.php(1649): CodeIgniter\Database\BaseConnection->query('SELECT *
FROM `users`
WHERE `email` = :email:
AND `status` = :status:', [...], false)
 4 APPPATH\Controllers\Auth.php(41): CodeIgniter\Database\BaseBuilder->get()
 5 SYSTEMPATH\CodeIgniter.php(933): App\Controllers\Auth->processLogin()
 6 SYSTEMPATH\CodeIgniter.php(507): CodeIgniter\CodeIgniter->runController(Object(App\Controllers\Auth))
 7 SYSTEMPATH\CodeIgniter.php(354): CodeIgniter\CodeIgniter->handleRequest(null, Object(Config\Cache), false)
 8 SYSTEMPATH\Boot.php(363): CodeIgniter\CodeIgniter->run()
 9 SYSTEMPATH\Boot.php(68): CodeIgniter\Boot::runCodeIgniter(Object(CodeIgniter\CodeIgniter))
10 FCPATH\index.php(59): CodeIgniter\Boot::bootWeb(Object(Config\Paths))
CRITICAL - 2025-12-14 15:35:20 --> [Caused by] mysqli_sql_exception: MySQL server has gone away
in SYSTEMPATH\Database\MySQLi\Connection.php on line 327.
 1 SYSTEMPATH\Database\MySQLi\Connection.php(327): mysqli->query('SELECT *
FROM `users`
WHERE `email` = \'reception@hms.com\'
AND `status` = \'active\'', 0)
 2 SYSTEMPATH\Database\BaseConnection.php(729): CodeIgniter\Database\MySQLi\Connection->execute('SELECT *
FROM `users`
WHERE `email` = \'reception@hms.com\'
AND `status` = \'active\'')
 3 SYSTEMPATH\Database\BaseConnection.php(646): CodeIgniter\Database\BaseConnection->simpleQuery('SELECT *
FROM `users`
WHERE `email` = \'reception@hms.com\'
AND `status` = \'active\'')
 4 SYSTEMPATH\Database\BaseBuilder.php(1649): CodeIgniter\Database\BaseConnection->query('SELECT *
FROM `users`
WHERE `email` = :email:
AND `status` = :status:', [...], false)
 5 APPPATH\Controllers\Auth.php(41): CodeIgniter\Database\BaseBuilder->get()
 6 SYSTEMPATH\CodeIgniter.php(933): App\Controllers\Auth->processLogin()
 7 SYSTEMPATH\CodeIgniter.php(507): CodeIgniter\CodeIgniter->runController(Object(App\Controllers\Auth))
 8 SYSTEMPATH\CodeIgniter.php(354): CodeIgniter\CodeIgniter->handleRequest(null, Object(Config\Cache), false)
 9 SYSTEMPATH\Boot.php(363): CodeIgniter\CodeIgniter->run()
10 SYSTEMPATH\Boot.php(68): CodeIgniter\Boot::runCodeIgniter(Object(CodeIgniter\CodeIgniter))
11 FCPATH\index.php(59): CodeIgniter\Boot::bootWeb(Object(Config\Paths))
ERROR - 2025-12-14 17:08:36 --> mysqli_sql_exception: Table 'hms.lab_specimen_tracking' doesn't exist in C:\xampp\htdocs\HMS\system\Database\MySQLi\Connection.php:327
Stack trace:
#0 C:\xampp\htdocs\HMS\system\Database\MySQLi\Connection.php(327): mysqli->query('SELECT *\nFROM `...', 0)
#1 C:\xampp\htdocs\HMS\system\Database\BaseConnection.php(729): CodeIgniter\Database\MySQLi\Connection->execute('SELECT *\nFROM `...')
#2 C:\xampp\htdocs\HMS\system\Database\BaseConnection.php(646): CodeIgniter\Database\BaseConnection->simpleQuery('SELECT *\nFROM `...')
#3 C:\xampp\htdocs\HMS\system\Database\BaseBuilder.php(1649): CodeIgniter\Database\BaseConnection->query('SELECT *\nFROM `...', Array, false)
#4 C:\xampp\htdocs\HMS\system\Model.php(330): CodeIgniter\Database\BaseBuilder->get()
#5 C:\xampp\htdocs\HMS\system\BaseModel.php(715): CodeIgniter\Model->doFirst()
#6 C:\xampp\htdocs\HMS\app\Models\LabSpecimenTrackingModel.php(37): CodeIgniter\BaseModel->first()
#7 C:\xampp\htdocs\HMS\app\Controllers\Nurse.php(2264): App\Models\LabSpecimenTrackingModel->getByRequestId(35)
#8 C:\xampp\htdocs\HMS\system\CodeIgniter.php(933): App\Controllers\Nurse->labRequests()
#9 C:\xampp\htdocs\HMS\system\CodeIgniter.php(507): CodeIgniter\CodeIgniter->runController(Object(App\Controllers\Nurse))
#10 C:\xampp\htdocs\HMS\system\CodeIgniter.php(354): CodeIgniter\CodeIgniter->handleRequest(NULL, Object(Config\Cache), false)
#11 C:\xampp\htdocs\HMS\system\Boot.php(363): CodeIgniter\CodeIgniter->run()
#12 C:\xampp\htdocs\HMS\system\Boot.php(68): CodeIgniter\Boot::runCodeIgniter(Object(CodeIgniter\CodeIgniter))
#13 C:\xampp\htdocs\HMS\index.php(59): CodeIgniter\Boot::bootWeb(Object(Config\Paths))
#14 {main}
CRITICAL - 2025-12-14 17:08:36 --> CodeIgniter\Database\Exceptions\DatabaseException: Table 'hms.lab_specimen_tracking' doesn't exist
[Method: GET, Route: nurse/lab-requests]
in SYSTEMPATH\Database\BaseConnection.php on line 684.
 1 SYSTEMPATH\Database\BaseBuilder.php(1649): CodeIgniter\Database\BaseConnection->query('SELECT *
FROM `lab_specimen_tracking`
WHERE `request_id` = :request_id:
 LIMIT 1', [...], false)
 2 SYSTEMPATH\Model.php(330): CodeIgniter\Database\BaseBuilder->get()
 3 SYSTEMPATH\BaseModel.php(715): CodeIgniter\Model->doFirst()
 4 APPPATH\Models\LabSpecimenTrackingModel.php(37): CodeIgniter\BaseModel->first()
 5 APPPATH\Controllers\Nurse.php(2264): App\Models\LabSpecimenTrackingModel->getByRequestId(35)
 6 SYSTEMPATH\CodeIgniter.php(933): App\Controllers\Nurse->labRequests()
 7 SYSTEMPATH\CodeIgniter.php(507): CodeIgniter\CodeIgniter->runController(Object(App\Controllers\Nurse))
 8 SYSTEMPATH\CodeIgniter.php(354): CodeIgniter\CodeIgniter->handleRequest(null, Object(Config\Cache), false)
 9 SYSTEMPATH\Boot.php(363): CodeIgniter\CodeIgniter->run()
10 SYSTEMPATH\Boot.php(68): CodeIgniter\Boot::runCodeIgniter(Object(CodeIgniter\CodeIgniter))
11 FCPATH\index.php(59): CodeIgniter\Boot::bootWeb(Object(Config\Paths))
CRITICAL - 2025-12-14 17:08:36 --> [Caused by] CodeIgniter\Database\Exceptions\DatabaseException: Table 'hms.lab_specimen_tracking' doesn't exist
in SYSTEMPATH\Database\MySQLi\Connection.php on line 332.
 1 SYSTEMPATH\Database\BaseConnection.php(729): CodeIgniter\Database\MySQLi\Connection->execute('SELECT *
FROM `lab_specimen_tracking`
WHERE `request_id` = 35
 LIMIT 1')
 2 SYSTEMPATH\Database\BaseConnection.php(646): CodeIgniter\Database\BaseConnection->simpleQuery('SELECT *
FROM `lab_specimen_tracking`
WHERE `request_id` = 35
 LIMIT 1')
 3 SYSTEMPATH\Database\BaseBuilder.php(1649): CodeIgniter\Database\BaseConnection->query('SELECT *
FROM `lab_specimen_tracking`
WHERE `request_id` = :request_id:
 LIMIT 1', [...], false)
 4 SYSTEMPATH\Model.php(330): CodeIgniter\Database\BaseBuilder->get()
 5 SYSTEMPATH\BaseModel.php(715): CodeIgniter\Model->doFirst()
 6 APPPATH\Models\LabSpecimenTrackingModel.php(37): CodeIgniter\BaseModel->first()
 7 APPPATH\Controllers\Nurse.php(2264): App\Models\LabSpecimenTrackingModel->getByRequestId(35)
 8 SYSTEMPATH\CodeIgniter.php(933): App\Controllers\Nurse->labRequests()
 9 SYSTEMPATH\CodeIgniter.php(507): CodeIgniter\CodeIgniter->runController(Object(App\Controllers\Nurse))
10 SYSTEMPATH\CodeIgniter.php(354): CodeIgniter\CodeIgniter->handleRequest(null, Object(Config\Cache), false)
11 SYSTEMPATH\Boot.php(363): CodeIgniter\CodeIgniter->run()
12 SYSTEMPATH\Boot.php(68): CodeIgniter\Boot::runCodeIgniter(Object(CodeIgniter\CodeIgniter))
13 FCPATH\index.php(59): CodeIgniter\Boot::bootWeb(Object(Config\Paths))
CRITICAL - 2025-12-14 17:08:36 --> [Caused by] mysqli_sql_exception: Table 'hms.lab_specimen_tracking' doesn't exist
in SYSTEMPATH\Database\MySQLi\Connection.php on line 327.
 1 SYSTEMPATH\Database\MySQLi\Connection.php(327): mysqli->query('SELECT *
FROM `lab_specimen_tracking`
WHERE `request_id` = 35
 LIMIT 1', 0)
 2 SYSTEMPATH\Database\BaseConnection.php(729): CodeIgniter\Database\MySQLi\Connection->execute('SELECT *
FROM `lab_specimen_tracking`
WHERE `request_id` = 35
 LIMIT 1')
 3 SYSTEMPATH\Database\BaseConnection.php(646): CodeIgniter\Database\BaseConnection->simpleQuery('SELECT *
FROM `lab_specimen_tracking`
WHERE `request_id` = 35
 LIMIT 1')
 4 SYSTEMPATH\Database\BaseBuilder.php(1649): CodeIgniter\Database\BaseConnection->query('SELECT *
FROM `lab_specimen_tracking`
WHERE `request_id` = :request_id:
 LIMIT 1', [...], false)
 5 SYSTEMPATH\Model.php(330): CodeIgniter\Database\BaseBuilder->get()
 6 SYSTEMPATH\BaseModel.php(715): CodeIgniter\Model->doFirst()
 7 APPPATH\Models\LabSpecimenTrackingModel.php(37): CodeIgniter\BaseModel->first()
 8 APPPATH\Controllers\Nurse.php(2264): App\Models\LabSpecimenTrackingModel->getByRequestId(35)
 9 SYSTEMPATH\CodeIgniter.php(933): App\Controllers\Nurse->labRequests()
10 SYSTEMPATH\CodeIgniter.php(507): CodeIgniter\CodeIgniter->runController(Object(App\Controllers\Nurse))
11 SYSTEMPATH\CodeIgniter.php(354): CodeIgniter\CodeIgniter->handleRequest(null, Object(Config\Cache), false)
12 SYSTEMPATH\Boot.php(363): CodeIgniter\CodeIgniter->run()
13 SYSTEMPATH\Boot.php(68): CodeIgniter\Boot::runCodeIgniter(Object(CodeIgniter\CodeIgniter))
14 FCPATH\index.php(59): CodeIgniter\Boot::bootWeb(Object(Config\Paths))
ERROR - 2025-12-14 17:09:12 --> mysqli_sql_exception: Table 'hms.lab_specimen_tracking' doesn't exist in C:\xampp\htdocs\HMS\system\Database\MySQLi\Connection.php:327
Stack trace:
#0 C:\xampp\htdocs\HMS\system\Database\MySQLi\Connection.php(327): mysqli->query('SELECT *\nFROM `...', 0)
#1 C:\xampp\htdocs\HMS\system\Database\BaseConnection.php(729): CodeIgniter\Database\MySQLi\Connection->execute('SELECT *\nFROM `...')
#2 C:\xampp\htdocs\HMS\system\Database\BaseConnection.php(646): CodeIgniter\Database\BaseConnection->simpleQuery('SELECT *\nFROM `...')
#3 C:\xampp\htdocs\HMS\system\Database\BaseBuilder.php(1649): CodeIgniter\Database\BaseConnection->query('SELECT *\nFROM `...', Array, false)
#4 C:\xampp\htdocs\HMS\system\Model.php(330): CodeIgniter\Database\BaseBuilder->get()
#5 C:\xampp\htdocs\HMS\system\BaseModel.php(715): CodeIgniter\Model->doFirst()
#6 C:\xampp\htdocs\HMS\app\Models\LabSpecimenTrackingModel.php(37): CodeIgniter\BaseModel->first()
#7 C:\xampp\htdocs\HMS\app\Controllers\Nurse.php(2264): App\Models\LabSpecimenTrackingModel->getByRequestId(35)
#8 C:\xampp\htdocs\HMS\system\CodeIgniter.php(933): App\Controllers\Nurse->labRequests()
#9 C:\xampp\htdocs\HMS\system\CodeIgniter.php(507): CodeIgniter\CodeIgniter->runController(Object(App\Controllers\Nurse))
#10 C:\xampp\htdocs\HMS\system\CodeIgniter.php(354): CodeIgniter\CodeIgniter->handleRequest(NULL, Object(Config\Cache), false)
#11 C:\xampp\htdocs\HMS\system\Boot.php(363): CodeIgniter\CodeIgniter->run()
#12 C:\xampp\htdocs\HMS\system\Boot.php(68): CodeIgniter\Boot::runCodeIgniter(Object(CodeIgniter\CodeIgniter))
#13 C:\xampp\htdocs\HMS\index.php(59): CodeIgniter\Boot::bootWeb(Object(Config\Paths))
#14 {main}
CRITICAL - 2025-12-14 17:09:12 --> CodeIgniter\Database\Exceptions\DatabaseException: Table 'hms.lab_specimen_tracking' doesn't exist
[Method: GET, Route: nurse/lab-requests]
in SYSTEMPATH\Database\BaseConnection.php on line 684.
 1 SYSTEMPATH\Database\BaseBuilder.php(1649): CodeIgniter\Database\BaseConnection->query('SELECT *
FROM `lab_specimen_tracking`
WHERE `request_id` = :request_id:
 LIMIT 1', [...], false)
 2 SYSTEMPATH\Model.php(330): CodeIgniter\Database\BaseBuilder->get()
 3 SYSTEMPATH\BaseModel.php(715): CodeIgniter\Model->doFirst()
 4 APPPATH\Models\LabSpecimenTrackingModel.php(37): CodeIgniter\BaseModel->first()
 5 APPPATH\Controllers\Nurse.php(2264): App\Models\LabSpecimenTrackingModel->getByRequestId(35)
 6 SYSTEMPATH\CodeIgniter.php(933): App\Controllers\Nurse->labRequests()
 7 SYSTEMPATH\CodeIgniter.php(507): CodeIgniter\CodeIgniter->runController(Object(App\Controllers\Nurse))
 8 SYSTEMPATH\CodeIgniter.php(354): CodeIgniter\CodeIgniter->handleRequest(null, Object(Config\Cache), false)
 9 SYSTEMPATH\Boot.php(363): CodeIgniter\CodeIgniter->run()
10 SYSTEMPATH\Boot.php(68): CodeIgniter\Boot::runCodeIgniter(Object(CodeIgniter\CodeIgniter))
11 FCPATH\index.php(59): CodeIgniter\Boot::bootWeb(Object(Config\Paths))
CRITICAL - 2025-12-14 17:09:12 --> [Caused by] CodeIgniter\Database\Exceptions\DatabaseException: Table 'hms.lab_specimen_tracking' doesn't exist
in SYSTEMPATH\Database\MySQLi\Connection.php on line 332.
 1 SYSTEMPATH\Database\BaseConnection.php(729): CodeIgniter\Database\MySQLi\Connection->execute('SELECT *
FROM `lab_specimen_tracking`
WHERE `request_id` = 35
 LIMIT 1')
 2 SYSTEMPATH\Database\BaseConnection.php(646): CodeIgniter\Database\BaseConnection->simpleQuery('SELECT *
FROM `lab_specimen_tracking`
WHERE `request_id` = 35
 LIMIT 1')
 3 SYSTEMPATH\Database\BaseBuilder.php(1649): CodeIgniter\Database\BaseConnection->query('SELECT *
FROM `lab_specimen_tracking`
WHERE `request_id` = :request_id:
 LIMIT 1', [...], false)
 4 SYSTEMPATH\Model.php(330): CodeIgniter\Database\BaseBuilder->get()
 5 SYSTEMPATH\BaseModel.php(715): CodeIgniter\Model->doFirst()
 6 APPPATH\Models\LabSpecimenTrackingModel.php(37): CodeIgniter\BaseModel->first()
 7 APPPATH\Controllers\Nurse.php(2264): App\Models\LabSpecimenTrackingModel->getByRequestId(35)
 8 SYSTEMPATH\CodeIgniter.php(933): App\Controllers\Nurse->labRequests()
 9 SYSTEMPATH\CodeIgniter.php(507): CodeIgniter\CodeIgniter->runController(Object(App\Controllers\Nurse))
10 SYSTEMPATH\CodeIgniter.php(354): CodeIgniter\CodeIgniter->handleRequest(null, Object(Config\Cache), false)
11 SYSTEMPATH\Boot.php(363): CodeIgniter\CodeIgniter->run()
12 SYSTEMPATH\Boot.php(68): CodeIgniter\Boot::runCodeIgniter(Object(CodeIgniter\CodeIgniter))
13 FCPATH\index.php(59): CodeIgniter\Boot::bootWeb(Object(Config\Paths))
CRITICAL - 2025-12-14 17:09:12 --> [Caused by] mysqli_sql_exception: Table 'hms.lab_specimen_tracking' doesn't exist
in SYSTEMPATH\Database\MySQLi\Connection.php on line 327.
 1 SYSTEMPATH\Database\MySQLi\Connection.php(327): mysqli->query('SELECT *
FROM `lab_specimen_tracking`
WHERE `request_id` = 35
 LIMIT 1', 0)
 2 SYSTEMPATH\Database\BaseConnection.php(729): CodeIgniter\Database\MySQLi\Connection->execute('SELECT *
FROM `lab_specimen_tracking`
WHERE `request_id` = 35
 LIMIT 1')
 3 SYSTEMPATH\Database\BaseConnection.php(646): CodeIgniter\Database\BaseConnection->simpleQuery('SELECT *
FROM `lab_specimen_tracking`
WHERE `request_id` = 35
 LIMIT 1')
 4 SYSTEMPATH\Database\BaseBuilder.php(1649): CodeIgniter\Database\BaseConnection->query('SELECT *
FROM `lab_specimen_tracking`
WHERE `request_id` = :request_id:
 LIMIT 1', [...], false)
 5 SYSTEMPATH\Model.php(330): CodeIgniter\Database\BaseBuilder->get()
 6 SYSTEMPATH\BaseModel.php(715): CodeIgniter\Model->doFirst()
 7 APPPATH\Models\LabSpecimenTrackingModel.php(37): CodeIgniter\BaseModel->first()
 8 APPPATH\Controllers\Nurse.php(2264): App\Models\LabSpecimenTrackingModel->getByRequestId(35)
 9 SYSTEMPATH\CodeIgniter.php(933): App\Controllers\Nurse->labRequests()
10 SYSTEMPATH\CodeIgniter.php(507): CodeIgniter\CodeIgniter->runController(Object(App\Controllers\Nurse))
11 SYSTEMPATH\CodeIgniter.php(354): CodeIgniter\CodeIgniter->handleRequest(null, Object(Config\Cache), false)
12 SYSTEMPATH\Boot.php(363): CodeIgniter\CodeIgniter->run()
13 SYSTEMPATH\Boot.php(68): CodeIgniter\Boot::runCodeIgniter(Object(CodeIgniter\CodeIgniter))
14 FCPATH\index.php(59): CodeIgniter\Boot::bootWeb(Object(Config\Paths))
ERROR - 2025-12-14 17:09:40 --> mysqli_sql_exception: Table 'hms.lab_specimen_tracking' doesn't exist in C:\xampp\htdocs\HMS\system\Database\MySQLi\Connection.php:327
Stack trace:
#0 C:\xampp\htdocs\HMS\system\Database\MySQLi\Connection.php(327): mysqli->query('SELECT *\nFROM `...', 0)
#1 C:\xampp\htdocs\HMS\system\Database\BaseConnection.php(729): CodeIgniter\Database\MySQLi\Connection->execute('SELECT *\nFROM `...')
#2 C:\xampp\htdocs\HMS\system\Database\BaseConnection.php(646): CodeIgniter\Database\BaseConnection->simpleQuery('SELECT *\nFROM `...')
#3 C:\xampp\htdocs\HMS\system\Database\BaseBuilder.php(1649): CodeIgniter\Database\BaseConnection->query('SELECT *\nFROM `...', Array, false)
#4 C:\xampp\htdocs\HMS\system\Model.php(330): CodeIgniter\Database\BaseBuilder->get()
#5 C:\xampp\htdocs\HMS\system\BaseModel.php(715): CodeIgniter\Model->doFirst()
#6 C:\xampp\htdocs\HMS\app\Models\LabSpecimenTrackingModel.php(37): CodeIgniter\BaseModel->first()
#7 C:\xampp\htdocs\HMS\app\Controllers\Nurse.php(2264): App\Models\LabSpecimenTrackingModel->getByRequestId(35)
#8 C:\xampp\htdocs\HMS\system\CodeIgniter.php(933): App\Controllers\Nurse->labRequests()
#9 C:\xampp\htdocs\HMS\system\CodeIgniter.php(507): CodeIgniter\CodeIgniter->runController(Object(App\Controllers\Nurse))
#10 C:\xampp\htdocs\HMS\system\CodeIgniter.php(354): CodeIgniter\CodeIgniter->handleRequest(NULL, Object(Config\Cache), false)
#11 C:\xampp\htdocs\HMS\system\Boot.php(363): CodeIgniter\CodeIgniter->run()
#12 C:\xampp\htdocs\HMS\system\Boot.php(68): CodeIgniter\Boot::runCodeIgniter(Object(CodeIgniter\CodeIgniter))
#13 C:\xampp\htdocs\HMS\index.php(59): CodeIgniter\Boot::bootWeb(Object(Config\Paths))
#14 {main}
CRITICAL - 2025-12-14 17:09:40 --> CodeIgniter\Database\Exceptions\DatabaseException: Table 'hms.lab_specimen_tracking' doesn't exist
[Method: GET, Route: nurse/lab-requests]
in SYSTEMPATH\Database\BaseConnection.php on line 684.
 1 SYSTEMPATH\Database\BaseBuilder.php(1649): CodeIgniter\Database\BaseConnection->query('SELECT *
FROM `lab_specimen_tracking`
WHERE `request_id` = :request_id:
 LIMIT 1', [...], false)
 2 SYSTEMPATH\Model.php(330): CodeIgniter\Database\BaseBuilder->get()
 3 SYSTEMPATH\BaseModel.php(715): CodeIgniter\Model->doFirst()
 4 APPPATH\Models\LabSpecimenTrackingModel.php(37): CodeIgniter\BaseModel->first()
 5 APPPATH\Controllers\Nurse.php(2264): App\Models\LabSpecimenTrackingModel->getByRequestId(35)
 6 SYSTEMPATH\CodeIgniter.php(933): App\Controllers\Nurse->labRequests()
 7 SYSTEMPATH\CodeIgniter.php(507): CodeIgniter\CodeIgniter->runController(Object(App\Controllers\Nurse))
 8 SYSTEMPATH\CodeIgniter.php(354): CodeIgniter\CodeIgniter->handleRequest(null, Object(Config\Cache), false)
 9 SYSTEMPATH\Boot.php(363): CodeIgniter\CodeIgniter->run()
10 SYSTEMPATH\Boot.php(68): CodeIgniter\Boot::runCodeIgniter(Object(CodeIgniter\CodeIgniter))
11 FCPATH\index.php(59): CodeIgniter\Boot::bootWeb(Object(Config\Paths))
CRITICAL - 2025-12-14 17:09:40 --> [Caused by] CodeIgniter\Database\Exceptions\DatabaseException: Table 'hms.lab_specimen_tracking' doesn't exist
in SYSTEMPATH\Database\MySQLi\Connection.php on line 332.
 1 SYSTEMPATH\Database\BaseConnection.php(729): CodeIgniter\Database\MySQLi\Connection->execute('SELECT *
FROM `lab_specimen_tracking`
WHERE `request_id` = 35
 LIMIT 1')
 2 SYSTEMPATH\Database\BaseConnection.php(646): CodeIgniter\Database\BaseConnection->simpleQuery('SELECT *
FROM `lab_specimen_tracking`
WHERE `request_id` = 35
 LIMIT 1')
 3 SYSTEMPATH\Database\BaseBuilder.php(1649): CodeIgniter\Database\BaseConnection->query('SELECT *
FROM `lab_specimen_tracking`
WHERE `request_id` = :request_id:
 LIMIT 1', [...], false)
 4 SYSTEMPATH\Model.php(330): CodeIgniter\Database\BaseBuilder->get()
 5 SYSTEMPATH\BaseModel.php(715): CodeIgniter\Model->doFirst()
 6 APPPATH\Models\LabSpecimenTrackingModel.php(37): CodeIgniter\BaseModel->first()
 7 APPPATH\Controllers\Nurse.php(2264): App\Models\LabSpecimenTrackingModel->getByRequestId(35)
 8 SYSTEMPATH\CodeIgniter.php(933): App\Controllers\Nurse->labRequests()
 9 SYSTEMPATH\CodeIgniter.php(507): CodeIgniter\CodeIgniter->runController(Object(App\Controllers\Nurse))
10 SYSTEMPATH\CodeIgniter.php(354): CodeIgniter\CodeIgniter->handleRequest(null, Object(Config\Cache), false)
11 SYSTEMPATH\Boot.php(363): CodeIgniter\CodeIgniter->run()
12 SYSTEMPATH\Boot.php(68): CodeIgniter\Boot::runCodeIgniter(Object(CodeIgniter\CodeIgniter))
13 FCPATH\index.php(59): CodeIgniter\Boot::bootWeb(Object(Config\Paths))
CRITICAL - 2025-12-14 17:09:40 --> [Caused by] mysqli_sql_exception: Table 'hms.lab_specimen_tracking' doesn't exist
in SYSTEMPATH\Database\MySQLi\Connection.php on line 327.
 1 SYSTEMPATH\Database\MySQLi\Connection.php(327): mysqli->query('SELECT *
FROM `lab_specimen_tracking`
WHERE `request_id` = 35
 LIMIT 1', 0)
 2 SYSTEMPATH\Database\BaseConnection.php(729): CodeIgniter\Database\MySQLi\Connection->execute('SELECT *
FROM `lab_specimen_tracking`
WHERE `request_id` = 35
 LIMIT 1')
 3 SYSTEMPATH\Database\BaseConnection.php(646): CodeIgniter\Database\BaseConnection->simpleQuery('SELECT *
FROM `lab_specimen_tracking`
WHERE `request_id` = 35
 LIMIT 1')
 4 SYSTEMPATH\Database\BaseBuilder.php(1649): CodeIgniter\Database\BaseConnection->query('SELECT *
FROM `lab_specimen_tracking`
WHERE `request_id` = :request_id:
 LIMIT 1', [...], false)
 5 SYSTEMPATH\Model.php(330): CodeIgniter\Database\BaseBuilder->get()
 6 SYSTEMPATH\BaseModel.php(715): CodeIgniter\Model->doFirst()
 7 APPPATH\Models\LabSpecimenTrackingModel.php(37): CodeIgniter\BaseModel->first()
 8 APPPATH\Controllers\Nurse.php(2264): App\Models\LabSpecimenTrackingModel->getByRequestId(35)
 9 SYSTEMPATH\CodeIgniter.php(933): App\Controllers\Nurse->labRequests()
10 SYSTEMPATH\CodeIgniter.php(507): CodeIgniter\CodeIgniter->runController(Object(App\Controllers\Nurse))
11 SYSTEMPATH\CodeIgniter.php(354): CodeIgniter\CodeIgniter->handleRequest(null, Object(Config\Cache), false)
12 SYSTEMPATH\Boot.php(363): CodeIgniter\CodeIgniter->run()
13 SYSTEMPATH\Boot.php(68): CodeIgniter\Boot::runCodeIgniter(Object(CodeIgniter\CodeIgniter))
14 FCPATH\index.php(59): CodeIgniter\Boot::bootWeb(Object(Config\Paths))
ERROR - 2025-12-14 17:10:35 --> mysqli_sql_exception: Table 'hms.lab_specimen_tracking' doesn't exist in C:\xampp\htdocs\HMS\system\Database\MySQLi\Connection.php:327
Stack trace:
#0 C:\xampp\htdocs\HMS\system\Database\MySQLi\Connection.php(327): mysqli->query('SELECT *\nFROM `...', 0)
#1 C:\xampp\htdocs\HMS\system\Database\BaseConnection.php(729): CodeIgniter\Database\MySQLi\Connection->execute('SELECT *\nFROM `...')
#2 C:\xampp\htdocs\HMS\system\Database\BaseConnection.php(646): CodeIgniter\Database\BaseConnection->simpleQuery('SELECT *\nFROM `...')
#3 C:\xampp\htdocs\HMS\system\Database\BaseBuilder.php(1649): CodeIgniter\Database\BaseConnection->query('SELECT *\nFROM `...', Array, false)
#4 C:\xampp\htdocs\HMS\system\Model.php(330): CodeIgniter\Database\BaseBuilder->get()
#5 C:\xampp\htdocs\HMS\system\BaseModel.php(715): CodeIgniter\Model->doFirst()
#6 C:\xampp\htdocs\HMS\app\Models\LabSpecimenTrackingModel.php(37): CodeIgniter\BaseModel->first()
#7 C:\xampp\htdocs\HMS\app\Controllers\Nurse.php(2264): App\Models\LabSpecimenTrackingModel->getByRequestId(35)
#8 C:\xampp\htdocs\HMS\system\CodeIgniter.php(933): App\Controllers\Nurse->labRequests()
#9 C:\xampp\htdocs\HMS\system\CodeIgniter.php(507): CodeIgniter\CodeIgniter->runController(Object(App\Controllers\Nurse))
#10 C:\xampp\htdocs\HMS\system\CodeIgniter.php(354): CodeIgniter\CodeIgniter->handleRequest(NULL, Object(Config\Cache), false)
#11 C:\xampp\htdocs\HMS\system\Boot.php(363): CodeIgniter\CodeIgniter->run()
#12 C:\xampp\htdocs\HMS\system\Boot.php(68): CodeIgniter\Boot::runCodeIgniter(Object(CodeIgniter\CodeIgniter))
#13 C:\xampp\htdocs\HMS\index.php(59): CodeIgniter\Boot::bootWeb(Object(Config\Paths))
#14 {main}
CRITICAL - 2025-12-14 17:10:35 --> CodeIgniter\Database\Exceptions\DatabaseException: Table 'hms.lab_specimen_tracking' doesn't exist
[Method: GET, Route: nurse/lab-requests]
in SYSTEMPATH\Database\BaseConnection.php on line 684.
 1 SYSTEMPATH\Database\BaseBuilder.php(1649): CodeIgniter\Database\BaseConnection->query('SELECT *
FROM `lab_specimen_tracking`
WHERE `request_id` = :request_id:
 LIMIT 1', [...], false)
 2 SYSTEMPATH\Model.php(330): CodeIgniter\Database\BaseBuilder->get()
 3 SYSTEMPATH\BaseModel.php(715): CodeIgniter\Model->doFirst()
 4 APPPATH\Models\LabSpecimenTrackingModel.php(37): CodeIgniter\BaseModel->first()
 5 APPPATH\Controllers\Nurse.php(2264): App\Models\LabSpecimenTrackingModel->getByRequestId(35)
 6 SYSTEMPATH\CodeIgniter.php(933): App\Controllers\Nurse->labRequests()
 7 SYSTEMPATH\CodeIgniter.php(507): CodeIgniter\CodeIgniter->runController(Object(App\Controllers\Nurse))
 8 SYSTEMPATH\CodeIgniter.php(354): CodeIgniter\CodeIgniter->handleRequest(null, Object(Config\Cache), false)
 9 SYSTEMPATH\Boot.php(363): CodeIgniter\CodeIgniter->run()
10 SYSTEMPATH\Boot.php(68): CodeIgniter\Boot::runCodeIgniter(Object(CodeIgniter\CodeIgniter))
11 FCPATH\index.php(59): CodeIgniter\Boot::bootWeb(Object(Config\Paths))
CRITICAL - 2025-12-14 17:10:35 --> [Caused by] CodeIgniter\Database\Exceptions\DatabaseException: Table 'hms.lab_specimen_tracking' doesn't exist
in SYSTEMPATH\Database\MySQLi\Connection.php on line 332.
 1 SYSTEMPATH\Database\BaseConnection.php(729): CodeIgniter\Database\MySQLi\Connection->execute('SELECT *
FROM `lab_specimen_tracking`
WHERE `request_id` = 35
 LIMIT 1')
 2 SYSTEMPATH\Database\BaseConnection.php(646): CodeIgniter\Database\BaseConnection->simpleQuery('SELECT *
FROM `lab_specimen_tracking`
WHERE `request_id` = 35
 LIMIT 1')
 3 SYSTEMPATH\Database\BaseBuilder.php(1649): CodeIgniter\Database\BaseConnection->query('SELECT *
FROM `lab_specimen_tracking`
WHERE `request_id` = :request_id:
 LIMIT 1', [...], false)
 4 SYSTEMPATH\Model.php(330): CodeIgniter\Database\BaseBuilder->get()
 5 SYSTEMPATH\BaseModel.php(715): CodeIgniter\Model->doFirst()
 6 APPPATH\Models\LabSpecimenTrackingModel.php(37): CodeIgniter\BaseModel->first()
 7 APPPATH\Controllers\Nurse.php(2264): App\Models\LabSpecimenTrackingModel->getByRequestId(35)
 8 SYSTEMPATH\CodeIgniter.php(933): App\Controllers\Nurse->labRequests()
 9 SYSTEMPATH\CodeIgniter.php(507): CodeIgniter\CodeIgniter->runController(Object(App\Controllers\Nurse))
10 SYSTEMPATH\CodeIgniter.php(354): CodeIgniter\CodeIgniter->handleRequest(null, Object(Config\Cache), false)
11 SYSTEMPATH\Boot.php(363): CodeIgniter\CodeIgniter->run()
12 SYSTEMPATH\Boot.php(68): CodeIgniter\Boot::runCodeIgniter(Object(CodeIgniter\CodeIgniter))
13 FCPATH\index.php(59): CodeIgniter\Boot::bootWeb(Object(Config\Paths))
CRITICAL - 2025-12-14 17:10:35 --> [Caused by] mysqli_sql_exception: Table 'hms.lab_specimen_tracking' doesn't exist
in SYSTEMPATH\Database\MySQLi\Connection.php on line 327.
 1 SYSTEMPATH\Database\MySQLi\Connection.php(327): mysqli->query('SELECT *
FROM `lab_specimen_tracking`
WHERE `request_id` = 35
 LIMIT 1', 0)
 2 SYSTEMPATH\Database\BaseConnection.php(729): CodeIgniter\Database\MySQLi\Connection->execute('SELECT *
FROM `lab_specimen_tracking`
WHERE `request_id` = 35
 LIMIT 1')
 3 SYSTEMPATH\Database\BaseConnection.php(646): CodeIgniter\Database\BaseConnection->simpleQuery('SELECT *
FROM `lab_specimen_tracking`
WHERE `request_id` = 35
 LIMIT 1')
 4 SYSTEMPATH\Database\BaseBuilder.php(1649): CodeIgniter\Database\BaseConnection->query('SELECT *
FROM `lab_specimen_tracking`
WHERE `request_id` = :request_id:
 LIMIT 1', [...], false)
 5 SYSTEMPATH\Model.php(330): CodeIgniter\Database\BaseBuilder->get()
 6 SYSTEMPATH\BaseModel.php(715): CodeIgniter\Model->doFirst()
 7 APPPATH\Models\LabSpecimenTrackingModel.php(37): CodeIgniter\BaseModel->first()
 8 APPPATH\Controllers\Nurse.php(2264): App\Models\LabSpecimenTrackingModel->getByRequestId(35)
 9 SYSTEMPATH\CodeIgniter.php(933): App\Controllers\Nurse->labRequests()
10 SYSTEMPATH\CodeIgniter.php(507): CodeIgniter\CodeIgniter->runController(Object(App\Controllers\Nurse))
11 SYSTEMPATH\CodeIgniter.php(354): CodeIgniter\CodeIgniter->handleRequest(null, Object(Config\Cache), false)
12 SYSTEMPATH\Boot.php(363): CodeIgniter\CodeIgniter->run()
13 SYSTEMPATH\Boot.php(68): CodeIgniter\Boot::runCodeIgniter(Object(CodeIgniter\CodeIgniter))
14 FCPATH\index.php(59): CodeIgniter\Boot::bootWeb(Object(Config\Paths))
ERROR - 2025-12-14 17:10:58 --> mysqli_sql_exception: Table 'hms.lab_specimen_tracking' doesn't exist in C:\xampp\htdocs\HMS\system\Database\MySQLi\Connection.php:327
Stack trace:
#0 C:\xampp\htdocs\HMS\system\Database\MySQLi\Connection.php(327): mysqli->query('SELECT *\nFROM `...', 0)
#1 C:\xampp\htdocs\HMS\system\Database\BaseConnection.php(729): CodeIgniter\Database\MySQLi\Connection->execute('SELECT *\nFROM `...')
#2 C:\xampp\htdocs\HMS\system\Database\BaseConnection.php(646): CodeIgniter\Database\BaseConnection->simpleQuery('SELECT *\nFROM `...')
#3 C:\xampp\htdocs\HMS\system\Database\BaseBuilder.php(1649): CodeIgniter\Database\BaseConnection->query('SELECT *\nFROM `...', Array, false)
#4 C:\xampp\htdocs\HMS\system\Model.php(330): CodeIgniter\Database\BaseBuilder->get()
#5 C:\xampp\htdocs\HMS\system\BaseModel.php(715): CodeIgniter\Model->doFirst()
#6 C:\xampp\htdocs\HMS\app\Models\LabSpecimenTrackingModel.php(37): CodeIgniter\BaseModel->first()
#7 C:\xampp\htdocs\HMS\app\Controllers\Nurse.php(2264): App\Models\LabSpecimenTrackingModel->getByRequestId(35)
#8 C:\xampp\htdocs\HMS\system\CodeIgniter.php(933): App\Controllers\Nurse->labRequests()
#9 C:\xampp\htdocs\HMS\system\CodeIgniter.php(507): CodeIgniter\CodeIgniter->runController(Object(App\Controllers\Nurse))
#10 C:\xampp\htdocs\HMS\system\CodeIgniter.php(354): CodeIgniter\CodeIgniter->handleRequest(NULL, Object(Config\Cache), false)
#11 C:\xampp\htdocs\HMS\system\Boot.php(363): CodeIgniter\CodeIgniter->run()
#12 C:\xampp\htdocs\HMS\system\Boot.php(68): CodeIgniter\Boot::runCodeIgniter(Object(CodeIgniter\CodeIgniter))
#13 C:\xampp\htdocs\HMS\index.php(59): CodeIgniter\Boot::bootWeb(Object(Config\Paths))
#14 {main}
CRITICAL - 2025-12-14 17:10:58 --> CodeIgniter\Database\Exceptions\DatabaseException: Table 'hms.lab_specimen_tracking' doesn't exist
[Method: GET, Route: nurse/lab-requests]
in SYSTEMPATH\Database\BaseConnection.php on line 684.
 1 SYSTEMPATH\Database\BaseBuilder.php(1649): CodeIgniter\Database\BaseConnection->query('SELECT *
FROM `lab_specimen_tracking`
WHERE `request_id` = :request_id:
 LIMIT 1', [...], false)
 2 SYSTEMPATH\Model.php(330): CodeIgniter\Database\BaseBuilder->get()
 3 SYSTEMPATH\BaseModel.php(715): CodeIgniter\Model->doFirst()
 4 APPPATH\Models\LabSpecimenTrackingModel.php(37): CodeIgniter\BaseModel->first()
 5 APPPATH\Controllers\Nurse.php(2264): App\Models\LabSpecimenTrackingModel->getByRequestId(35)
 6 SYSTEMPATH\CodeIgniter.php(933): App\Controllers\Nurse->labRequests()
 7 SYSTEMPATH\CodeIgniter.php(507): CodeIgniter\CodeIgniter->runController(Object(App\Controllers\Nurse))
 8 SYSTEMPATH\CodeIgniter.php(354): CodeIgniter\CodeIgniter->handleRequest(null, Object(Config\Cache), false)
 9 SYSTEMPATH\Boot.php(363): CodeIgniter\CodeIgniter->run()
10 SYSTEMPATH\Boot.php(68): CodeIgniter\Boot::runCodeIgniter(Object(CodeIgniter\CodeIgniter))
11 FCPATH\index.php(59): CodeIgniter\Boot::bootWeb(Object(Config\Paths))
CRITICAL - 2025-12-14 17:10:58 --> [Caused by] CodeIgniter\Database\Exceptions\DatabaseException: Table 'hms.lab_specimen_tracking' doesn't exist
in SYSTEMPATH\Database\MySQLi\Connection.php on line 332.
 1 SYSTEMPATH\Database\BaseConnection.php(729): CodeIgniter\Database\MySQLi\Connection->execute('SELECT *
FROM `lab_specimen_tracking`
WHERE `request_id` = 35
 LIMIT 1')
 2 SYSTEMPATH\Database\BaseConnection.php(646): CodeIgniter\Database\BaseConnection->simpleQuery('SELECT *
FROM `lab_specimen_tracking`
WHERE `request_id` = 35
 LIMIT 1')
 3 SYSTEMPATH\Database\BaseBuilder.php(1649): CodeIgniter\Database\BaseConnection->query('SELECT *
FROM `lab_specimen_tracking`
WHERE `request_id` = :request_id:
 LIMIT 1', [...], false)
 4 SYSTEMPATH\Model.php(330): CodeIgniter\Database\BaseBuilder->get()
 5 SYSTEMPATH\BaseModel.php(715): CodeIgniter\Model->doFirst()
 6 APPPATH\Models\LabSpecimenTrackingModel.php(37): CodeIgniter\BaseModel->first()
 7 APPPATH\Controllers\Nurse.php(2264): App\Models\LabSpecimenTrackingModel->getByRequestId(35)
 8 SYSTEMPATH\CodeIgniter.php(933): App\Controllers\Nurse->labRequests()
 9 SYSTEMPATH\CodeIgniter.php(507): CodeIgniter\CodeIgniter->runController(Object(App\Controllers\Nurse))
10 SYSTEMPATH\CodeIgniter.php(354): CodeIgniter\CodeIgniter->handleRequest(null, Object(Config\Cache), false)
11 SYSTEMPATH\Boot.php(363): CodeIgniter\CodeIgniter->run()
12 SYSTEMPATH\Boot.php(68): CodeIgniter\Boot::runCodeIgniter(Object(CodeIgniter\CodeIgniter))
13 FCPATH\index.php(59): CodeIgniter\Boot::bootWeb(Object(Config\Paths))
CRITICAL - 2025-12-14 17:10:58 --> [Caused by] mysqli_sql_exception: Table 'hms.lab_specimen_tracking' doesn't exist
in SYSTEMPATH\Database\MySQLi\Connection.php on line 327.
 1 SYSTEMPATH\Database\MySQLi\Connection.php(327): mysqli->query('SELECT *
FROM `lab_specimen_tracking`
WHERE `request_id` = 35
 LIMIT 1', 0)
 2 SYSTEMPATH\Database\BaseConnection.php(729): CodeIgniter\Database\MySQLi\Connection->execute('SELECT *
FROM `lab_specimen_tracking`
WHERE `request_id` = 35
 LIMIT 1')
 3 SYSTEMPATH\Database\BaseConnection.php(646): CodeIgniter\Database\BaseConnection->simpleQuery('SELECT *
FROM `lab_specimen_tracking`
WHERE `request_id` = 35
 LIMIT 1')
 4 SYSTEMPATH\Database\BaseBuilder.php(1649): CodeIgniter\Database\BaseConnection->query('SELECT *
FROM `lab_specimen_tracking`
WHERE `request_id` = :request_id:
 LIMIT 1', [...], false)
 5 SYSTEMPATH\Model.php(330): CodeIgniter\Database\BaseBuilder->get()
 6 SYSTEMPATH\BaseModel.php(715): CodeIgniter\Model->doFirst()
 7 APPPATH\Models\LabSpecimenTrackingModel.php(37): CodeIgniter\BaseModel->first()
 8 APPPATH\Controllers\Nurse.php(2264): App\Models\LabSpecimenTrackingModel->getByRequestId(35)
 9 SYSTEMPATH\CodeIgniter.php(933): App\Controllers\Nurse->labRequests()
10 SYSTEMPATH\CodeIgniter.php(507): CodeIgniter\CodeIgniter->runController(Object(App\Controllers\Nurse))
11 SYSTEMPATH\CodeIgniter.php(354): CodeIgniter\CodeIgniter->handleRequest(null, Object(Config\Cache), false)
12 SYSTEMPATH\Boot.php(363): CodeIgniter\CodeIgniter->run()
13 SYSTEMPATH\Boot.php(68): CodeIgniter\Boot::runCodeIgniter(Object(CodeIgniter\CodeIgniter))
14 FCPATH\index.php(59): CodeIgniter\Boot::bootWeb(Object(Config\Paths))
ERROR - 2025-12-14 17:29:15 --> mysqli_sql_exception: Unknown column 'requires_specimen' in 'field list' in C:\xampp\htdocs\HMS\system\Database\MySQLi\Connection.php:327
Stack trace:
#0 C:\xampp\htdocs\HMS\system\Database\MySQLi\Connection.php(327): mysqli->query('UPDATE `lab_tes...', 0)
#1 C:\xampp\htdocs\HMS\system\Database\BaseConnection.php(729): CodeIgniter\Database\MySQLi\Connection->execute('UPDATE `lab_tes...')
#2 C:\xampp\htdocs\HMS\system\Database\BaseConnection.php(646): CodeIgniter\Database\BaseConnection->simpleQuery('UPDATE `lab_tes...')
#3 C:\xampp\htdocs\HMS\system\Database\BaseBuilder.php(2521): CodeIgniter\Database\BaseConnection->query('UPDATE `lab_tes...', Array, false)
#4 C:\xampp\htdocs\HMS\app\Database\Migrations\2025-12-14-173000_UpdateSpecimenRequirements.php(66): CodeIgniter\Database\BaseBuilder->update(Array)
#5 C:\xampp\htdocs\HMS\system\Database\MigrationRunner.php(876): App\Database\Migrations\UpdateSpecimenRequirements->up()
#6 C:\xampp\htdocs\HMS\system\Database\MigrationRunner.php(182): CodeIgniter\Database\MigrationRunner->migrate('up', Object(stdClass))
#7 C:\xampp\htdocs\HMS\system\Commands\Database\Migrate.php(85): CodeIgniter\Database\MigrationRunner->latest(NULL)
#8 C:\xampp\htdocs\HMS\system\CLI\Commands.php(74): CodeIgniter\Commands\Database\Migrate->run(Array)
#9 C:\xampp\htdocs\HMS\system\CLI\Console.php(47): CodeIgniter\CLI\Commands->run('migrate', Array)
#10 C:\xampp\htdocs\HMS\system\Boot.php(388): CodeIgniter\CLI\Console->run()
#11 C:\xampp\htdocs\HMS\system\Boot.php(133): CodeIgniter\Boot::runCommand(Object(CodeIgniter\CLI\Console))
#12 C:\xampp\htdocs\HMS\spark(87): CodeIgniter\Boot::bootSpark(Object(Config\Paths))
#13 {main}
ERROR - 2025-12-14 17:30:05 --> mysqli_sql_exception: Unknown column 'test_category' in 'lab_tests_master' in C:\xampp\htdocs\HMS\system\Database\MySQLi\Connection.php:327
Stack trace:
#0 C:\xampp\htdocs\HMS\system\Database\MySQLi\Connection.php(327): mysqli->query('ALTER TABLE `la...', 0)
#1 C:\xampp\htdocs\HMS\system\Database\BaseConnection.php(729): CodeIgniter\Database\MySQLi\Connection->execute('ALTER TABLE `la...')
#2 C:\xampp\htdocs\HMS\system\Database\BaseConnection.php(646): CodeIgniter\Database\BaseConnection->simpleQuery('ALTER TABLE `la...')
#3 C:\xampp\htdocs\HMS\system\Database\Forge.php(772): CodeIgniter\Database\BaseConnection->query('ALTER TABLE `la...')
#4 C:\xampp\htdocs\HMS\app\Database\Migrations\2025-12-14-173000_UpdateSpecimenRequirements.php(24): CodeIgniter\Database\Forge->addColumn('lab_tests_maste...', Array)
#5 C:\xampp\htdocs\HMS\system\Database\MigrationRunner.php(876): App\Database\Migrations\UpdateSpecimenRequirements->up()
#6 C:\xampp\htdocs\HMS\system\Database\MigrationRunner.php(182): CodeIgniter\Database\MigrationRunner->migrate('up', Object(stdClass))
#7 C:\xampp\htdocs\HMS\system\Commands\Database\Migrate.php(85): CodeIgniter\Database\MigrationRunner->latest(NULL)
#8 C:\xampp\htdocs\HMS\system\CLI\Commands.php(74): CodeIgniter\Commands\Database\Migrate->run(Array)
#9 C:\xampp\htdocs\HMS\system\CLI\Console.php(47): CodeIgniter\CLI\Commands->run('migrate', Array)
#10 C:\xampp\htdocs\HMS\system\Boot.php(388): CodeIgniter\CLI\Console->run()
#11 C:\xampp\htdocs\HMS\system\Boot.php(133): CodeIgniter\Boot::runCommand(Object(CodeIgniter\CLI\Console))
#12 C:\xampp\htdocs\HMS\spark(87): CodeIgniter\Boot::bootSpark(Object(Config\Paths))
#13 {main}
ERROR - 2025-12-14 17:31:19 --> mysqli_sql_exception: Unknown column 'price' in 'field list' in C:\xampp\htdocs\HMS\system\Database\MySQLi\Connection.php:327
Stack trace:
#0 C:\xampp\htdocs\HMS\system\Database\MySQLi\Connection.php(327): mysqli->query('INSERT INTO `la...', 0)
#1 C:\xampp\htdocs\HMS\system\Database\BaseConnection.php(729): CodeIgniter\Database\MySQLi\Connection->execute('INSERT INTO `la...')
#2 C:\xampp\htdocs\HMS\system\Database\BaseConnection.php(646): CodeIgniter\Database\BaseConnection->simpleQuery('INSERT INTO `la...')
#3 C:\xampp\htdocs\HMS\system\Database\BaseBuilder.php(2345): CodeIgniter\Database\BaseConnection->query('INSERT INTO `la...', Array, false)
#4 C:\xampp\htdocs\HMS\system\Model.php(394): CodeIgniter\Database\BaseBuilder->insert()
#5 C:\xampp\htdocs\HMS\system\BaseModel.php(838): CodeIgniter\Model->doInsert(Array)
#6 C:\xampp\htdocs\HMS\system\Model.php(797): CodeIgniter\BaseModel->insert(Array, true)
#7 C:\xampp\htdocs\HMS\app\Controllers\Doctor.php(1911): CodeIgniter\Model->insert(Array)
#8 C:\xampp\htdocs\HMS\system\CodeIgniter.php(933): App\Controllers\Doctor->createLabRequest()
#9 C:\xampp\htdocs\HMS\system\CodeIgniter.php(507): CodeIgniter\CodeIgniter->runController(Object(App\Controllers\Doctor))
#10 C:\xampp\htdocs\HMS\system\CodeIgniter.php(354): CodeIgniter\CodeIgniter->handleRequest(NULL, Object(Config\Cache), false)
#11 C:\xampp\htdocs\HMS\system\Boot.php(363): CodeIgniter\CodeIgniter->run()
#12 C:\xampp\htdocs\HMS\system\Boot.php(68): CodeIgniter\Boot::runCodeIgniter(Object(CodeIgniter\CodeIgniter))
#13 C:\xampp\htdocs\HMS\index.php(59): CodeIgniter\Boot::bootWeb(Object(Config\Paths))
#14 {main}
ERROR - 2025-12-14 17:31:19 --> Error creating lab request: Unknown column 'price' in 'field list'
ERROR - 2025-12-14 17:31:25 --> mysqli_sql_exception: Unknown column 'price' in 'field list' in C:\xampp\htdocs\HMS\system\Database\MySQLi\Connection.php:327
Stack trace:
#0 C:\xampp\htdocs\HMS\system\Database\MySQLi\Connection.php(327): mysqli->query('INSERT INTO `la...', 0)
#1 C:\xampp\htdocs\HMS\system\Database\BaseConnection.php(729): CodeIgniter\Database\MySQLi\Connection->execute('INSERT INTO `la...')
#2 C:\xampp\htdocs\HMS\system\Database\BaseConnection.php(646): CodeIgniter\Database\BaseConnection->simpleQuery('INSERT INTO `la...')
#3 C:\xampp\htdocs\HMS\system\Database\BaseBuilder.php(2345): CodeIgniter\Database\BaseConnection->query('INSERT INTO `la...', Array, false)
#4 C:\xampp\htdocs\HMS\system\Model.php(394): CodeIgniter\Database\BaseBuilder->insert()
#5 C:\xampp\htdocs\HMS\system\BaseModel.php(838): CodeIgniter\Model->doInsert(Array)
#6 C:\xampp\htdocs\HMS\system\Model.php(797): CodeIgniter\BaseModel->insert(Array, true)
#7 C:\xampp\htdocs\HMS\app\Controllers\Doctor.php(1911): CodeIgniter\Model->insert(Array)
#8 C:\xampp\htdocs\HMS\system\CodeIgniter.php(933): App\Controllers\Doctor->createLabRequest()
#9 C:\xampp\htdocs\HMS\system\CodeIgniter.php(507): CodeIgniter\CodeIgniter->runController(Object(App\Controllers\Doctor))
#10 C:\xampp\htdocs\HMS\system\CodeIgniter.php(354): CodeIgniter\CodeIgniter->handleRequest(NULL, Object(Config\Cache), false)
#11 C:\xampp\htdocs\HMS\system\Boot.php(363): CodeIgniter\CodeIgniter->run()
#12 C:\xampp\htdocs\HMS\system\Boot.php(68): CodeIgniter\Boot::runCodeIgniter(Object(CodeIgniter\CodeIgniter))
#13 C:\xampp\htdocs\HMS\index.php(59): CodeIgniter\Boot::bootWeb(Object(Config\Paths))
#14 {main}
ERROR - 2025-12-14 17:31:25 --> Error creating lab request: Unknown column 'price' in 'field list'
ERROR - 2025-12-14 17:34:06 --> mysqli_sql_exception: Unknown column 'requires_specimen' in 'lab_test_requests' in C:\xampp\htdocs\HMS\system\Database\MySQLi\Connection.php:327
Stack trace:
#0 C:\xampp\htdocs\HMS\system\Database\MySQLi\Connection.php(327): mysqli->query('ALTER TABLE `la...', 0)
#1 C:\xampp\htdocs\HMS\system\Database\BaseConnection.php(729): CodeIgniter\Database\MySQLi\Connection->execute('ALTER TABLE `la...')
#2 C:\xampp\htdocs\HMS\system\Database\BaseConnection.php(646): CodeIgniter\Database\BaseConnection->simpleQuery('ALTER TABLE `la...')
#3 C:\xampp\htdocs\HMS\system\Database\Forge.php(772): CodeIgniter\Database\BaseConnection->query('ALTER TABLE `la...')
#4 C:\xampp\htdocs\HMS\app\Database\Migrations\2025-12-14-173100_FixPriceColumnAndAddAssignedNurse.php(41): CodeIgniter\Database\Forge->addColumn('lab_test_reques...', Array)
#5 C:\xampp\htdocs\HMS\system\Database\MigrationRunner.php(876): App\Database\Migrations\FixPriceColumnAndAddAssignedNurse->up()
#6 C:\xampp\htdocs\HMS\system\Database\MigrationRunner.php(182): CodeIgniter\Database\MigrationRunner->migrate('up', Object(stdClass))
#7 C:\xampp\htdocs\HMS\system\Commands\Database\Migrate.php(85): CodeIgniter\Database\MigrationRunner->latest(NULL)
#8 C:\xampp\htdocs\HMS\system\CLI\Commands.php(74): CodeIgniter\Commands\Database\Migrate->run(Array)
#9 C:\xampp\htdocs\HMS\system\CLI\Console.php(47): CodeIgniter\CLI\Commands->run('migrate', Array)
#10 C:\xampp\htdocs\HMS\system\Boot.php(388): CodeIgniter\CLI\Console->run()
#11 C:\xampp\htdocs\HMS\system\Boot.php(133): CodeIgniter\Boot::runCommand(Object(CodeIgniter\CLI\Console))
#12 C:\xampp\htdocs\HMS\spark(87): CodeIgniter\Boot::bootSpark(Object(Config\Paths))
#13 {main}
ERROR - 2025-12-14 17:34:06 --> Failed to add assigned_nurse_id column: Unknown column 'requires_specimen' in 'lab_test_requests'
ERROR - 2025-12-14 17:36:45 --> mysqli_sql_exception: Unknown column 'requires_specimen' in 'field list' in C:\xampp\htdocs\HMS\system\Database\MySQLi\Connection.php:327
Stack trace:
#0 C:\xampp\htdocs\HMS\system\Database\MySQLi\Connection.php(327): mysqli->query('INSERT INTO `la...', 0)
#1 C:\xampp\htdocs\HMS\system\Database\BaseConnection.php(729): CodeIgniter\Database\MySQLi\Connection->execute('INSERT INTO `la...')
#2 C:\xampp\htdocs\HMS\system\Database\BaseConnection.php(646): CodeIgniter\Database\BaseConnection->simpleQuery('INSERT INTO `la...')
#3 C:\xampp\htdocs\HMS\system\Database\BaseBuilder.php(2345): CodeIgniter\Database\BaseConnection->query('INSERT INTO `la...', Array, false)
#4 C:\xampp\htdocs\HMS\system\Model.php(394): CodeIgniter\Database\BaseBuilder->insert()
#5 C:\xampp\htdocs\HMS\system\BaseModel.php(838): CodeIgniter\Model->doInsert(Array)
#6 C:\xampp\htdocs\HMS\system\Model.php(797): CodeIgniter\BaseModel->insert(Array, true)
#7 C:\xampp\htdocs\HMS\app\Controllers\Doctor.php(1926): CodeIgniter\Model->insert(Array)
#8 C:\xampp\htdocs\HMS\system\CodeIgniter.php(933): App\Controllers\Doctor->createLabRequest()
#9 C:\xampp\htdocs\HMS\system\CodeIgniter.php(507): CodeIgniter\CodeIgniter->runController(Object(App\Controllers\Doctor))
#10 C:\xampp\htdocs\HMS\system\CodeIgniter.php(354): CodeIgniter\CodeIgniter->handleRequest(NULL, Object(Config\Cache), false)
#11 C:\xampp\htdocs\HMS\system\Boot.php(363): CodeIgniter\CodeIgniter->run()
#12 C:\xampp\htdocs\HMS\system\Boot.php(68): CodeIgniter\Boot::runCodeIgniter(Object(CodeIgniter\CodeIgniter))
#13 C:\xampp\htdocs\HMS\index.php(59): CodeIgniter\Boot::bootWeb(Object(Config\Paths))
#14 {main}
ERROR - 2025-12-14 17:36:45 --> Error creating lab request: Unknown column 'requires_specimen' in 'field list'
CRITICAL - 2025-12-14 18:41:27 --> Error: Call to undefined function validation_errors()
[Method: GET, Route: login]
in APPPATH\Views\auth\login.php on line 34.
 1 SYSTEMPATH\View\View.php(226): include()
 2 SYSTEMPATH\View\View.php(229): CodeIgniter\View\View->CodeIgniter\View\{closure}()
 3 SYSTEMPATH\Common.php(1167): CodeIgniter\View\View->render('auth/login', [], true)
 4 APPPATH\Controllers\Auth.php(16): view('auth/login', [...])
 5 SYSTEMPATH\CodeIgniter.php(933): App\Controllers\Auth->login()
 6 SYSTEMPATH\CodeIgniter.php(507): CodeIgniter\CodeIgniter->runController(Object(App\Controllers\Auth))
 7 SYSTEMPATH\CodeIgniter.php(354): CodeIgniter\CodeIgniter->handleRequest(null, Object(Config\Cache), false)
 8 SYSTEMPATH\Boot.php(363): CodeIgniter\CodeIgniter->run()
 9 SYSTEMPATH\Boot.php(68): CodeIgniter\Boot::runCodeIgniter(Object(CodeIgniter\CodeIgniter))
10 FCPATH\index.php(59): CodeIgniter\Boot::bootWeb(Object(Config\Paths))
CRITICAL - 2025-12-14 18:41:30 --> Error: Call to undefined function validation_errors()
[Method: GET, Route: login]
in APPPATH\Views\auth\login.php on line 34.
 1 SYSTEMPATH\View\View.php(226): include()
 2 SYSTEMPATH\View\View.php(229): CodeIgniter\View\View->CodeIgniter\View\{closure}()
 3 SYSTEMPATH\Common.php(1167): CodeIgniter\View\View->render('auth/login', [], true)
 4 APPPATH\Controllers\Auth.php(16): view('auth/login', [...])
 5 SYSTEMPATH\CodeIgniter.php(933): App\Controllers\Auth->login()
 6 SYSTEMPATH\CodeIgniter.php(507): CodeIgniter\CodeIgniter->runController(Object(App\Controllers\Auth))
 7 SYSTEMPATH\CodeIgniter.php(354): CodeIgniter\CodeIgniter->handleRequest(null, Object(Config\Cache), false)
 8 SYSTEMPATH\Boot.php(363): CodeIgniter\CodeIgniter->run()
 9 SYSTEMPATH\Boot.php(68): CodeIgniter\Boot::runCodeIgniter(Object(CodeIgniter\CodeIgniter))
10 FCPATH\index.php(59): CodeIgniter\Boot::bootWeb(Object(Config\Paths))
ERROR - 2025-12-14 20:16:37 --> mysqli_sql_exception: Unknown column 'license_id' in 'where clause' in C:\xampp\htdocs\HMS\system\Database\MySQLi\Connection.php:327
Stack trace:
#0 C:\xampp\htdocs\HMS\system\Database\MySQLi\Connection.php(327): mysqli->query('SELECT *\nFROM `...', 0)
#1 C:\xampp\htdocs\HMS\system\Database\BaseConnection.php(729): CodeIgniter\Database\MySQLi\Connection->execute('SELECT *\nFROM `...')
#2 C:\xampp\htdocs\HMS\system\Database\BaseConnection.php(646): CodeIgniter\Database\BaseConnection->simpleQuery('SELECT *\nFROM `...')
#3 C:\xampp\htdocs\HMS\system\Database\BaseBuilder.php(1649): CodeIgniter\Database\BaseConnection->query('SELECT *\nFROM `...', Array, false)
#4 C:\xampp\htdocs\HMS\app\Controllers\It.php(645): CodeIgniter\Database\BaseBuilder->get()
#5 C:\xampp\htdocs\HMS\system\CodeIgniter.php(933): App\Controllers\It->createUser()
#6 C:\xampp\htdocs\HMS\system\CodeIgniter.php(507): CodeIgniter\CodeIgniter->runController(Object(App\Controllers\It))
#7 C:\xampp\htdocs\HMS\system\CodeIgniter.php(354): CodeIgniter\CodeIgniter->handleRequest(NULL, Object(Config\Cache), false)
#8 C:\xampp\htdocs\HMS\system\Boot.php(363): CodeIgniter\CodeIgniter->run()
#9 C:\xampp\htdocs\HMS\system\Boot.php(68): CodeIgniter\Boot::runCodeIgniter(Object(CodeIgniter\CodeIgniter))
#10 C:\xampp\htdocs\HMS\index.php(59): CodeIgniter\Boot::bootWeb(Object(Config\Paths))
#11 {main}
ERROR - 2025-12-14 20:16:37 --> Error creating user: Unknown column 'license_id' in 'where clause'
