DEBUG - 2025-11-17 05:28:33 --> Session: Class initialized using 'CodeIgniter\Session\Handlers\FileHandler' driver.
ERROR - 2025-11-17 09:31:59 --> mysqli_sql_exception: Unknown column 'condition' in 'where clause' in C:\xampp\htdocs\HMS\system\Database\MySQLi\Connection.php:327
Stack trace:
#0 C:\xampp\htdocs\HMS\system\Database\MySQLi\Connection.php(327): mysqli->query('SELECT COUNT(*)...', 0)
#1 C:\xampp\htdocs\HMS\system\Database\BaseConnection.php(729): CodeIgniter\Database\MySQLi\Connection->execute('SELECT COUNT(*)...')
#2 C:\xampp\htdocs\HMS\system\Database\BaseConnection.php(646): CodeIgniter\Database\BaseConnection->simpleQuery('SELECT COUNT(*)...')
#3 C:\xampp\htdocs\HMS\system\Database\BaseBuilder.php(1733): CodeIgniter\Database\BaseConnection->query('SELECT COUNT(*)...', Array, false)
#4 C:\xampp\htdocs\HMS\system\Model.php(675): CodeIgniter\Database\BaseBuilder->countAllResults(true)
#5 C:\xampp\htdocs\HMS\app\Controllers\Admin\Lab\Dashboard.php(80): CodeIgniter\Model->countAllResults()
#6 C:\xampp\htdocs\HMS\system\CodeIgniter.php(933): App\Controllers\Admin\Lab\Dashboard->index()
#7 C:\xampp\htdocs\HMS\system\CodeIgniter.php(507): CodeIgniter\CodeIgniter->runController(Object(App\Controllers\Admin\Lab\Dashboard))
#8 C:\xampp\htdocs\HMS\system\CodeIgniter.php(354): CodeIgniter\CodeIgniter->handleRequest(NULL, Object(Config\Cache), false)
#9 C:\xampp\htdocs\HMS\system\Boot.php(363): CodeIgniter\CodeIgniter->run()
#10 C:\xampp\htdocs\HMS\system\Boot.php(68): CodeIgniter\Boot::runCodeIgniter(Object(CodeIgniter\CodeIgniter))
#11 C:\xampp\htdocs\HMS\index.php(59): CodeIgniter\Boot::bootWeb(Object(Config\Paths))
#12 {main}
ERROR - 2025-11-17 09:31:59 --> Failed to load lab dashboard data: Unknown column 'condition' in 'where clause'
CRITICAL - 2025-11-17 13:04:22 --> CodeIgniter\View\Exceptions\ViewException: Invalid file: "pharmacy/orders.php"
[Method: GET, Route: pharmacy/orders]
in SYSTEMPATH\Exceptions\FrameworkException.php on line 39.
 1 SYSTEMPATH\View\View.php(214): CodeIgniter\Exceptions\FrameworkException::forInvalidFile('pharmacy/orders.php')
 2 SYSTEMPATH\Common.php(1167): CodeIgniter\View\View->render('pharmacy/orders', [], true)
 3 APPPATH\Controllers\Pharmacy.php(308): view('pharmacy/orders', [...])
 4 SYSTEMPATH\CodeIgniter.php(933): App\Controllers\Pharmacy->orders()
 5 SYSTEMPATH\CodeIgniter.php(507): CodeIgniter\CodeIgniter->runController(Object(App\Controllers\Pharmacy))
 6 SYSTEMPATH\CodeIgniter.php(354): CodeIgniter\CodeIgniter->handleRequest(null, Object(Config\Cache), false)
 7 SYSTEMPATH\Boot.php(363): CodeIgniter\CodeIgniter->run()
 8 SYSTEMPATH\Boot.php(68): CodeIgniter\Boot::runCodeIgniter(Object(CodeIgniter\CodeIgniter))
 9 FCPATH\index.php(59): CodeIgniter\Boot::bootWeb(Object(Config\Paths))
CRITICAL - 2025-11-17 13:04:25 --> CodeIgniter\View\Exceptions\ViewException: Invalid file: "pharmacy/reports.php"
[Method: GET, Route: pharmacy/reports]
in SYSTEMPATH\Exceptions\FrameworkException.php on line 39.
 1 SYSTEMPATH\View\View.php(214): CodeIgniter\Exceptions\FrameworkException::forInvalidFile('pharmacy/reports.php')
 2 SYSTEMPATH\Common.php(1167): CodeIgniter\View\View->render('pharmacy/reports', [], true)
 3 APPPATH\Controllers\Pharmacy.php(358): view('pharmacy/reports', [...])
 4 SYSTEMPATH\CodeIgniter.php(933): App\Controllers\Pharmacy->reports()
 5 SYSTEMPATH\CodeIgniter.php(507): CodeIgniter\CodeIgniter->runController(Object(App\Controllers\Pharmacy))
 6 SYSTEMPATH\CodeIgniter.php(354): CodeIgniter\CodeIgniter->handleRequest(null, Object(Config\Cache), false)
 7 SYSTEMPATH\Boot.php(363): CodeIgniter\CodeIgniter->run()
 8 SYSTEMPATH\Boot.php(68): CodeIgniter\Boot::runCodeIgniter(Object(CodeIgniter\CodeIgniter))
 9 FCPATH\index.php(59): CodeIgniter\Boot::bootWeb(Object(Config\Paths))
CRITICAL - 2025-11-17 13:05:23 --> CodeIgniter\View\Exceptions\ViewException: Invalid file: "pharmacy/orders.php"
[Method: GET, Route: pharmacy/orders]
in SYSTEMPATH\Exceptions\FrameworkException.php on line 39.
 1 SYSTEMPATH\View\View.php(214): CodeIgniter\Exceptions\FrameworkException::forInvalidFile('pharmacy/orders.php')
 2 SYSTEMPATH\Common.php(1167): CodeIgniter\View\View->render('pharmacy/orders', [], true)
 3 APPPATH\Controllers\Pharmacy.php(308): view('pharmacy/orders', [...])
 4 SYSTEMPATH\CodeIgniter.php(933): App\Controllers\Pharmacy->orders()
 5 SYSTEMPATH\CodeIgniter.php(507): CodeIgniter\CodeIgniter->runController(Object(App\Controllers\Pharmacy))
 6 SYSTEMPATH\CodeIgniter.php(354): CodeIgniter\CodeIgniter->handleRequest(null, Object(Config\Cache), false)
 7 SYSTEMPATH\Boot.php(363): CodeIgniter\CodeIgniter->run()
 8 SYSTEMPATH\Boot.php(68): CodeIgniter\Boot::runCodeIgniter(Object(CodeIgniter\CodeIgniter))
 9 FCPATH\index.php(59): CodeIgniter\Boot::bootWeb(Object(Config\Paths))
CRITICAL - 2025-11-17 13:05:44 --> CodeIgniter\View\Exceptions\ViewException: Invalid file: "pharmacy/orders.php"
[Method: GET, Route: pharmacy/orders]
in SYSTEMPATH\Exceptions\FrameworkException.php on line 39.
 1 SYSTEMPATH\View\View.php(214): CodeIgniter\Exceptions\FrameworkException::forInvalidFile('pharmacy/orders.php')
 2 SYSTEMPATH\Common.php(1167): CodeIgniter\View\View->render('pharmacy/orders', [], true)
 3 APPPATH\Controllers\Pharmacy.php(308): view('pharmacy/orders', [...])
 4 SYSTEMPATH\CodeIgniter.php(933): App\Controllers\Pharmacy->orders()
 5 SYSTEMPATH\CodeIgniter.php(507): CodeIgniter\CodeIgniter->runController(Object(App\Controllers\Pharmacy))
 6 SYSTEMPATH\CodeIgniter.php(354): CodeIgniter\CodeIgniter->handleRequest(null, Object(Config\Cache), false)
 7 SYSTEMPATH\Boot.php(363): CodeIgniter\CodeIgniter->run()
 8 SYSTEMPATH\Boot.php(68): CodeIgniter\Boot::runCodeIgniter(Object(CodeIgniter\CodeIgniter))
 9 FCPATH\index.php(59): CodeIgniter\Boot::bootWeb(Object(Config\Paths))
CRITICAL - 2025-11-17 13:12:41 --> CodeIgniter\Exceptions\RuntimeException: View themes, no current section.
[Method: GET, Route: pharmacy/dashboard]
in SYSTEMPATH\View\View.php on line 430.
 1 APPPATH\Views\auth\dashboard.php(41): CodeIgniter\View\View->endSection()
 2 SYSTEMPATH\View\View.php(226): include('C:\\xampp\\htdocs\\HMS\\app\\Views\\auth\\dashboard.php')
 3 SYSTEMPATH\View\View.php(229): CodeIgniter\View\View->CodeIgniter\View\{closure}()
 4 SYSTEMPATH\Common.php(1167): CodeIgniter\View\View->render('auth/dashboard', [], true)
 5 APPPATH\Controllers\Pharmacy.php(88): view('auth/dashboard', [...])
 6 SYSTEMPATH\CodeIgniter.php(933): App\Controllers\Pharmacy->dashboard()
 7 SYSTEMPATH\CodeIgniter.php(507): CodeIgniter\CodeIgniter->runController(Object(App\Controllers\Pharmacy))
 8 SYSTEMPATH\CodeIgniter.php(354): CodeIgniter\CodeIgniter->handleRequest(null, Object(Config\Cache), false)
 9 SYSTEMPATH\Boot.php(363): CodeIgniter\CodeIgniter->run()
10 SYSTEMPATH\Boot.php(68): CodeIgniter\Boot::runCodeIgniter(Object(CodeIgniter\CodeIgniter))
11 FCPATH\index.php(59): CodeIgniter\Boot::bootWeb(Object(Config\Paths))
CRITICAL - 2025-11-17 13:12:52 --> CodeIgniter\Exceptions\RuntimeException: View themes, no current section.
[Method: GET, Route: pharmacy/dashboard]
in SYSTEMPATH\View\View.php on line 430.
 1 APPPATH\Views\auth\dashboard.php(41): CodeIgniter\View\View->endSection()
 2 SYSTEMPATH\View\View.php(226): include('C:\\xampp\\htdocs\\HMS\\app\\Views\\auth\\dashboard.php')
 3 SYSTEMPATH\View\View.php(229): CodeIgniter\View\View->CodeIgniter\View\{closure}()
 4 SYSTEMPATH\Common.php(1167): CodeIgniter\View\View->render('auth/dashboard', [], true)
 5 APPPATH\Controllers\Pharmacy.php(88): view('auth/dashboard', [...])
 6 SYSTEMPATH\CodeIgniter.php(933): App\Controllers\Pharmacy->dashboard()
 7 SYSTEMPATH\CodeIgniter.php(507): CodeIgniter\CodeIgniter->runController(Object(App\Controllers\Pharmacy))
 8 SYSTEMPATH\CodeIgniter.php(354): CodeIgniter\CodeIgniter->handleRequest(null, Object(Config\Cache), false)
 9 SYSTEMPATH\Boot.php(363): CodeIgniter\CodeIgniter->run()
10 SYSTEMPATH\Boot.php(68): CodeIgniter\Boot::runCodeIgniter(Object(CodeIgniter\CodeIgniter))
11 FCPATH\index.php(59): CodeIgniter\Boot::bootWeb(Object(Config\Paths))
CRITICAL - 2025-11-17 13:12:55 --> CodeIgniter\Exceptions\RuntimeException: View themes, no current section.
[Method: GET, Route: pharmacy/dashboard]
in SYSTEMPATH\View\View.php on line 430.
 1 APPPATH\Views\auth\dashboard.php(41): CodeIgniter\View\View->endSection()
 2 SYSTEMPATH\View\View.php(226): include('C:\\xampp\\htdocs\\HMS\\app\\Views\\auth\\dashboard.php')
 3 SYSTEMPATH\View\View.php(229): CodeIgniter\View\View->CodeIgniter\View\{closure}()
 4 SYSTEMPATH\Common.php(1167): CodeIgniter\View\View->render('auth/dashboard', [], true)
 5 APPPATH\Controllers\Pharmacy.php(88): view('auth/dashboard', [...])
 6 SYSTEMPATH\CodeIgniter.php(933): App\Controllers\Pharmacy->dashboard()
 7 SYSTEMPATH\CodeIgniter.php(507): CodeIgniter\CodeIgniter->runController(Object(App\Controllers\Pharmacy))
 8 SYSTEMPATH\CodeIgniter.php(354): CodeIgniter\CodeIgniter->handleRequest(null, Object(Config\Cache), false)
 9 SYSTEMPATH\Boot.php(363): CodeIgniter\CodeIgniter->run()
10 SYSTEMPATH\Boot.php(68): CodeIgniter\Boot::runCodeIgniter(Object(CodeIgniter\CodeIgniter))
11 FCPATH\index.php(59): CodeIgniter\Boot::bootWeb(Object(Config\Paths))
DEBUG - 2025-11-17 13:45:51 --> Session: Class initialized using 'CodeIgniter\Session\Handlers\FileHandler' driver.
DEBUG - 2025-11-17 13:45:57 --> Session: Class initialized using 'CodeIgniter\Session\Handlers\FileHandler' driver.
DEBUG - 2025-11-17 13:46:06 --> Session: Class initialized using 'CodeIgniter\Session\Handlers\FileHandler' driver.
DEBUG - 2025-11-17 13:46:06 --> Login successful for user: admin@hms.com with role: admin
CRITICAL - 2025-11-17 13:57:14 --> ErrorException: Undefined variable $daysInMonth
[Method: GET, Route: doctor/schedule]
in APPPATH\Controllers\Doctor.php on line 167.
 1 APPPATH\Controllers\Doctor.php(167): CodeIgniter\Debug\Exceptions->errorHandler(2, 'Undefined variable $daysInMonth', 'C:\\xampp\\htdocs\\HMS\\app\\Controllers\\Doctor.php', 167)
 2 SYSTEMPATH\CodeIgniter.php(933): App\Controllers\Doctor->schedule()
 3 SYSTEMPATH\CodeIgniter.php(507): CodeIgniter\CodeIgniter->runController(Object(App\Controllers\Doctor))
 4 SYSTEMPATH\CodeIgniter.php(354): CodeIgniter\CodeIgniter->handleRequest(null, Object(Config\Cache), false)
 5 SYSTEMPATH\Boot.php(363): CodeIgniter\CodeIgniter->run()
 6 SYSTEMPATH\Boot.php(68): CodeIgniter\Boot::runCodeIgniter(Object(CodeIgniter\CodeIgniter))
 7 FCPATH\index.php(59): CodeIgniter\Boot::bootWeb(Object(Config\Paths))
CRITICAL - 2025-11-17 14:42:07 --> Error: Call to undefined method CodeIgniter\Database\MySQLi\Builder::first()
[Method: POST, Route: nurse/markPrescriptionAsGiven]
in APPPATH\Controllers\Nurse.php on line 981.
 1 APPPATH\Controllers\Nurse.php(958): App\Controllers\Nurse->autoCreatePrescriptionBill(6, [...])
 2 SYSTEMPATH\CodeIgniter.php(933): App\Controllers\Nurse->markPrescriptionAsGiven()
 3 SYSTEMPATH\CodeIgniter.php(507): CodeIgniter\CodeIgniter->runController(Object(App\Controllers\Nurse))
 4 SYSTEMPATH\CodeIgniter.php(354): CodeIgniter\CodeIgniter->handleRequest(null, Object(Config\Cache), false)
 5 SYSTEMPATH\Boot.php(363): CodeIgniter\CodeIgniter->run()
 6 SYSTEMPATH\Boot.php(68): CodeIgniter\Boot::runCodeIgniter(Object(CodeIgniter\CodeIgniter))
 7 FCPATH\index.php(59): CodeIgniter\Boot::bootWeb(Object(Config\Paths))
ERROR - 2025-11-17 14:42:12 --> mysqli_sql_exception: Duplicate column name 'progress_days' in C:\xampp\htdocs\HMS\system\Database\MySQLi\Connection.php:327
Stack trace:
#0 C:\xampp\htdocs\HMS\system\Database\MySQLi\Connection.php(327): mysqli->query('ALTER TABLE pre...', 0)
#1 C:\xampp\htdocs\HMS\system\Database\BaseConnection.php(729): CodeIgniter\Database\MySQLi\Connection->execute('ALTER TABLE pre...')
#2 C:\xampp\htdocs\HMS\system\Database\BaseConnection.php(646): CodeIgniter\Database\BaseConnection->simpleQuery('ALTER TABLE pre...')
#3 C:\xampp\htdocs\HMS\app\Controllers\Nurse.php(826): CodeIgniter\Database\BaseConnection->query('ALTER TABLE pre...')
#4 C:\xampp\htdocs\HMS\system\CodeIgniter.php(933): App\Controllers\Nurse->markPrescriptionAsGiven()
#5 C:\xampp\htdocs\HMS\system\CodeIgniter.php(507): CodeIgniter\CodeIgniter->runController(Object(App\Controllers\Nurse))
#6 C:\xampp\htdocs\HMS\system\CodeIgniter.php(354): CodeIgniter\CodeIgniter->handleRequest(NULL, Object(Config\Cache), false)
#7 C:\xampp\htdocs\HMS\system\Boot.php(363): CodeIgniter\CodeIgniter->run()
#8 C:\xampp\htdocs\HMS\system\Boot.php(68): CodeIgniter\Boot::runCodeIgniter(Object(CodeIgniter\CodeIgniter))
#9 C:\xampp\htdocs\HMS\index.php(59): CodeIgniter\Boot::bootWeb(Object(Config\Paths))
#10 {main}
ERROR - 2025-11-17 14:48:14 --> mysqli_sql_exception: Duplicate column name 'progress_days' in C:\xampp\htdocs\HMS\system\Database\MySQLi\Connection.php:327
Stack trace:
#0 C:\xampp\htdocs\HMS\system\Database\MySQLi\Connection.php(327): mysqli->query('ALTER TABLE pre...', 0)
#1 C:\xampp\htdocs\HMS\system\Database\BaseConnection.php(729): CodeIgniter\Database\MySQLi\Connection->execute('ALTER TABLE pre...')
#2 C:\xampp\htdocs\HMS\system\Database\BaseConnection.php(646): CodeIgniter\Database\BaseConnection->simpleQuery('ALTER TABLE pre...')
#3 C:\xampp\htdocs\HMS\app\Controllers\Nurse.php(826): CodeIgniter\Database\BaseConnection->query('ALTER TABLE pre...')
#4 C:\xampp\htdocs\HMS\system\CodeIgniter.php(933): App\Controllers\Nurse->markPrescriptionAsGiven()
#5 C:\xampp\htdocs\HMS\system\CodeIgniter.php(507): CodeIgniter\CodeIgniter->runController(Object(App\Controllers\Nurse))
#6 C:\xampp\htdocs\HMS\system\CodeIgniter.php(354): CodeIgniter\CodeIgniter->handleRequest(NULL, Object(Config\Cache), false)
#7 C:\xampp\htdocs\HMS\system\Boot.php(363): CodeIgniter\CodeIgniter->run()
#8 C:\xampp\htdocs\HMS\system\Boot.php(68): CodeIgniter\Boot::runCodeIgniter(Object(CodeIgniter\CodeIgniter))
#9 C:\xampp\htdocs\HMS\index.php(59): CodeIgniter\Boot::bootWeb(Object(Config\Paths))
#10 {main}
CRITICAL - 2025-11-17 14:48:14 --> Error: Call to undefined method CodeIgniter\Database\MySQLi\Builder::first()
[Method: POST, Route: nurse/markPrescriptionAsGiven]
in APPPATH\Controllers\Nurse.php on line 1019.
 1 APPPATH\Controllers\Nurse.php(996): App\Controllers\Nurse->autoCreatePrescriptionBill(7, [...])
 2 SYSTEMPATH\CodeIgniter.php(933): App\Controllers\Nurse->markPrescriptionAsGiven()
 3 SYSTEMPATH\CodeIgniter.php(507): CodeIgniter\CodeIgniter->runController(Object(App\Controllers\Nurse))
 4 SYSTEMPATH\CodeIgniter.php(354): CodeIgniter\CodeIgniter->handleRequest(null, Object(Config\Cache), false)
 5 SYSTEMPATH\Boot.php(363): CodeIgniter\CodeIgniter->run()
 6 SYSTEMPATH\Boot.php(68): CodeIgniter\Boot::runCodeIgniter(Object(CodeIgniter\CodeIgniter))
 7 FCPATH\index.php(59): CodeIgniter\Boot::bootWeb(Object(Config\Paths))
ERROR - 2025-11-17 14:48:20 --> mysqli_sql_exception: Duplicate column name 'progress_days' in C:\xampp\htdocs\HMS\system\Database\MySQLi\Connection.php:327
Stack trace:
#0 C:\xampp\htdocs\HMS\system\Database\MySQLi\Connection.php(327): mysqli->query('ALTER TABLE pre...', 0)
#1 C:\xampp\htdocs\HMS\system\Database\BaseConnection.php(729): CodeIgniter\Database\MySQLi\Connection->execute('ALTER TABLE pre...')
#2 C:\xampp\htdocs\HMS\system\Database\BaseConnection.php(646): CodeIgniter\Database\BaseConnection->simpleQuery('ALTER TABLE pre...')
#3 C:\xampp\htdocs\HMS\app\Controllers\Nurse.php(826): CodeIgniter\Database\BaseConnection->query('ALTER TABLE pre...')
#4 C:\xampp\htdocs\HMS\system\CodeIgniter.php(933): App\Controllers\Nurse->markPrescriptionAsGiven()
#5 C:\xampp\htdocs\HMS\system\CodeIgniter.php(507): CodeIgniter\CodeIgniter->runController(Object(App\Controllers\Nurse))
#6 C:\xampp\htdocs\HMS\system\CodeIgniter.php(354): CodeIgniter\CodeIgniter->handleRequest(NULL, Object(Config\Cache), false)
#7 C:\xampp\htdocs\HMS\system\Boot.php(363): CodeIgniter\CodeIgniter->run()
#8 C:\xampp\htdocs\HMS\system\Boot.php(68): CodeIgniter\Boot::runCodeIgniter(Object(CodeIgniter\CodeIgniter))
#9 C:\xampp\htdocs\HMS\index.php(59): CodeIgniter\Boot::bootWeb(Object(Config\Paths))
#10 {main}
ERROR - 2025-11-17 14:53:54 --> mysqli_sql_exception: Duplicate column name 'progress_days' in C:\xampp\htdocs\HMS\system\Database\MySQLi\Connection.php:327
Stack trace:
#0 C:\xampp\htdocs\HMS\system\Database\MySQLi\Connection.php(327): mysqli->query('ALTER TABLE pre...', 0)
#1 C:\xampp\htdocs\HMS\system\Database\BaseConnection.php(729): CodeIgniter\Database\MySQLi\Connection->execute('ALTER TABLE pre...')
#2 C:\xampp\htdocs\HMS\system\Database\BaseConnection.php(646): CodeIgniter\Database\BaseConnection->simpleQuery('ALTER TABLE pre...')
#3 C:\xampp\htdocs\HMS\app\Controllers\Nurse.php(826): CodeIgniter\Database\BaseConnection->query('ALTER TABLE pre...')
#4 C:\xampp\htdocs\HMS\system\CodeIgniter.php(933): App\Controllers\Nurse->markPrescriptionAsGiven()
#5 C:\xampp\htdocs\HMS\system\CodeIgniter.php(507): CodeIgniter\CodeIgniter->runController(Object(App\Controllers\Nurse))
#6 C:\xampp\htdocs\HMS\system\CodeIgniter.php(354): CodeIgniter\CodeIgniter->handleRequest(NULL, Object(Config\Cache), false)
#7 C:\xampp\htdocs\HMS\system\Boot.php(363): CodeIgniter\CodeIgniter->run()
#8 C:\xampp\htdocs\HMS\system\Boot.php(68): CodeIgniter\Boot::runCodeIgniter(Object(CodeIgniter\CodeIgniter))
#9 C:\xampp\htdocs\HMS\index.php(59): CodeIgniter\Boot::bootWeb(Object(Config\Paths))
#10 {main}
CRITICAL - 2025-11-17 14:53:54 --> Error: Call to undefined method CodeIgniter\Database\MySQLi\Builder::first()
[Method: POST, Route: nurse/markPrescriptionAsGiven]
in APPPATH\Controllers\Nurse.php on line 1081.
 1 APPPATH\Controllers\Nurse.php(1058): App\Controllers\Nurse->autoCreatePrescriptionBill(8, [...])
 2 SYSTEMPATH\CodeIgniter.php(933): App\Controllers\Nurse->markPrescriptionAsGiven()
 3 SYSTEMPATH\CodeIgniter.php(507): CodeIgniter\CodeIgniter->runController(Object(App\Controllers\Nurse))
 4 SYSTEMPATH\CodeIgniter.php(354): CodeIgniter\CodeIgniter->handleRequest(null, Object(Config\Cache), false)
 5 SYSTEMPATH\Boot.php(363): CodeIgniter\CodeIgniter->run()
 6 SYSTEMPATH\Boot.php(68): CodeIgniter\Boot::runCodeIgniter(Object(CodeIgniter\CodeIgniter))
 7 FCPATH\index.php(59): CodeIgniter\Boot::bootWeb(Object(Config\Paths))
ERROR - 2025-11-17 14:54:00 --> mysqli_sql_exception: Duplicate column name 'progress_days' in C:\xampp\htdocs\HMS\system\Database\MySQLi\Connection.php:327
Stack trace:
#0 C:\xampp\htdocs\HMS\system\Database\MySQLi\Connection.php(327): mysqli->query('ALTER TABLE pre...', 0)
#1 C:\xampp\htdocs\HMS\system\Database\BaseConnection.php(729): CodeIgniter\Database\MySQLi\Connection->execute('ALTER TABLE pre...')
#2 C:\xampp\htdocs\HMS\system\Database\BaseConnection.php(646): CodeIgniter\Database\BaseConnection->simpleQuery('ALTER TABLE pre...')
#3 C:\xampp\htdocs\HMS\app\Controllers\Nurse.php(826): CodeIgniter\Database\BaseConnection->query('ALTER TABLE pre...')
#4 C:\xampp\htdocs\HMS\system\CodeIgniter.php(933): App\Controllers\Nurse->markPrescriptionAsGiven()
#5 C:\xampp\htdocs\HMS\system\CodeIgniter.php(507): CodeIgniter\CodeIgniter->runController(Object(App\Controllers\Nurse))
#6 C:\xampp\htdocs\HMS\system\CodeIgniter.php(354): CodeIgniter\CodeIgniter->handleRequest(NULL, Object(Config\Cache), false)
#7 C:\xampp\htdocs\HMS\system\Boot.php(363): CodeIgniter\CodeIgniter->run()
#8 C:\xampp\htdocs\HMS\system\Boot.php(68): CodeIgniter\Boot::runCodeIgniter(Object(CodeIgniter\CodeIgniter))
#9 C:\xampp\htdocs\HMS\index.php(59): CodeIgniter\Boot::bootWeb(Object(Config\Paths))
#10 {main}
ERROR - 2025-11-17 15:01:29 --> mysqli_sql_exception: Duplicate column name 'progress_days' in C:\xampp\htdocs\HMS\system\Database\MySQLi\Connection.php:327
Stack trace:
#0 C:\xampp\htdocs\HMS\system\Database\MySQLi\Connection.php(327): mysqli->query('ALTER TABLE pre...', 0)
#1 C:\xampp\htdocs\HMS\system\Database\BaseConnection.php(729): CodeIgniter\Database\MySQLi\Connection->execute('ALTER TABLE pre...')
#2 C:\xampp\htdocs\HMS\system\Database\BaseConnection.php(646): CodeIgniter\Database\BaseConnection->simpleQuery('ALTER TABLE pre...')
#3 C:\xampp\htdocs\HMS\app\Controllers\Nurse.php(826): CodeIgniter\Database\BaseConnection->query('ALTER TABLE pre...')
#4 C:\xampp\htdocs\HMS\system\CodeIgniter.php(933): App\Controllers\Nurse->markPrescriptionAsGiven()
#5 C:\xampp\htdocs\HMS\system\CodeIgniter.php(507): CodeIgniter\CodeIgniter->runController(Object(App\Controllers\Nurse))
#6 C:\xampp\htdocs\HMS\system\CodeIgniter.php(354): CodeIgniter\CodeIgniter->handleRequest(NULL, Object(Config\Cache), false)
#7 C:\xampp\htdocs\HMS\system\Boot.php(363): CodeIgniter\CodeIgniter->run()
#8 C:\xampp\htdocs\HMS\system\Boot.php(68): CodeIgniter\Boot::runCodeIgniter(Object(CodeIgniter\CodeIgniter))
#9 C:\xampp\htdocs\HMS\index.php(59): CodeIgniter\Boot::bootWeb(Object(Config\Paths))
#10 {main}
CRITICAL - 2025-11-17 15:01:29 --> Error: Call to undefined method CodeIgniter\Database\MySQLi\Builder::first()
[Method: POST, Route: nurse/markPrescriptionAsGiven]
in APPPATH\Controllers\Nurse.php on line 1098.
 1 APPPATH\Controllers\Nurse.php(1075): App\Controllers\Nurse->autoCreatePrescriptionBill(9, [...])
 2 SYSTEMPATH\CodeIgniter.php(933): App\Controllers\Nurse->markPrescriptionAsGiven()
 3 SYSTEMPATH\CodeIgniter.php(507): CodeIgniter\CodeIgniter->runController(Object(App\Controllers\Nurse))
 4 SYSTEMPATH\CodeIgniter.php(354): CodeIgniter\CodeIgniter->handleRequest(null, Object(Config\Cache), false)
 5 SYSTEMPATH\Boot.php(363): CodeIgniter\CodeIgniter->run()
 6 SYSTEMPATH\Boot.php(68): CodeIgniter\Boot::runCodeIgniter(Object(CodeIgniter\CodeIgniter))
 7 FCPATH\index.php(59): CodeIgniter\Boot::bootWeb(Object(Config\Paths))
ERROR - 2025-11-17 15:01:40 --> mysqli_sql_exception: Duplicate column name 'progress_days' in C:\xampp\htdocs\HMS\system\Database\MySQLi\Connection.php:327
Stack trace:
#0 C:\xampp\htdocs\HMS\system\Database\MySQLi\Connection.php(327): mysqli->query('ALTER TABLE pre...', 0)
#1 C:\xampp\htdocs\HMS\system\Database\BaseConnection.php(729): CodeIgniter\Database\MySQLi\Connection->execute('ALTER TABLE pre...')
#2 C:\xampp\htdocs\HMS\system\Database\BaseConnection.php(646): CodeIgniter\Database\BaseConnection->simpleQuery('ALTER TABLE pre...')
#3 C:\xampp\htdocs\HMS\app\Controllers\Nurse.php(826): CodeIgniter\Database\BaseConnection->query('ALTER TABLE pre...')
#4 C:\xampp\htdocs\HMS\system\CodeIgniter.php(933): App\Controllers\Nurse->markPrescriptionAsGiven()
#5 C:\xampp\htdocs\HMS\system\CodeIgniter.php(507): CodeIgniter\CodeIgniter->runController(Object(App\Controllers\Nurse))
#6 C:\xampp\htdocs\HMS\system\CodeIgniter.php(354): CodeIgniter\CodeIgniter->handleRequest(NULL, Object(Config\Cache), false)
#7 C:\xampp\htdocs\HMS\system\Boot.php(363): CodeIgniter\CodeIgniter->run()
#8 C:\xampp\htdocs\HMS\system\Boot.php(68): CodeIgniter\Boot::runCodeIgniter(Object(CodeIgniter\CodeIgniter))
#9 C:\xampp\htdocs\HMS\index.php(59): CodeIgniter\Boot::bootWeb(Object(Config\Paths))
#10 {main}
ERROR - 2025-11-17 15:08:39 --> mysqli_sql_exception: Duplicate column name 'progress_days' in C:\xampp\htdocs\HMS\system\Database\MySQLi\Connection.php:327
Stack trace:
#0 C:\xampp\htdocs\HMS\system\Database\MySQLi\Connection.php(327): mysqli->query('ALTER TABLE pre...', 0)
#1 C:\xampp\htdocs\HMS\system\Database\BaseConnection.php(729): CodeIgniter\Database\MySQLi\Connection->execute('ALTER TABLE pre...')
#2 C:\xampp\htdocs\HMS\system\Database\BaseConnection.php(646): CodeIgniter\Database\BaseConnection->simpleQuery('ALTER TABLE pre...')
#3 C:\xampp\htdocs\HMS\app\Controllers\Nurse.php(826): CodeIgniter\Database\BaseConnection->query('ALTER TABLE pre...')
#4 C:\xampp\htdocs\HMS\system\CodeIgniter.php(933): App\Controllers\Nurse->markPrescriptionAsGiven()
#5 C:\xampp\htdocs\HMS\system\CodeIgniter.php(507): CodeIgniter\CodeIgniter->runController(Object(App\Controllers\Nurse))
#6 C:\xampp\htdocs\HMS\system\CodeIgniter.php(354): CodeIgniter\CodeIgniter->handleRequest(NULL, Object(Config\Cache), false)
#7 C:\xampp\htdocs\HMS\system\Boot.php(363): CodeIgniter\CodeIgniter->run()
#8 C:\xampp\htdocs\HMS\system\Boot.php(68): CodeIgniter\Boot::runCodeIgniter(Object(CodeIgniter\CodeIgniter))
#9 C:\xampp\htdocs\HMS\index.php(59): CodeIgniter\Boot::bootWeb(Object(Config\Paths))
#10 {main}
CRITICAL - 2025-11-17 15:08:39 --> Error: Call to undefined method CodeIgniter\Database\MySQLi\Builder::first()
[Method: POST, Route: nurse/markPrescriptionAsGiven]
in APPPATH\Controllers\Nurse.php on line 1167.
 1 APPPATH\Controllers\Nurse.php(1144): App\Controllers\Nurse->autoCreatePrescriptionBill(10, [...])
 2 SYSTEMPATH\CodeIgniter.php(933): App\Controllers\Nurse->markPrescriptionAsGiven()
 3 SYSTEMPATH\CodeIgniter.php(507): CodeIgniter\CodeIgniter->runController(Object(App\Controllers\Nurse))
 4 SYSTEMPATH\CodeIgniter.php(354): CodeIgniter\CodeIgniter->handleRequest(null, Object(Config\Cache), false)
 5 SYSTEMPATH\Boot.php(363): CodeIgniter\CodeIgniter->run()
 6 SYSTEMPATH\Boot.php(68): CodeIgniter\Boot::runCodeIgniter(Object(CodeIgniter\CodeIgniter))
 7 FCPATH\index.php(59): CodeIgniter\Boot::bootWeb(Object(Config\Paths))
ERROR - 2025-11-17 15:08:45 --> mysqli_sql_exception: Duplicate column name 'progress_days' in C:\xampp\htdocs\HMS\system\Database\MySQLi\Connection.php:327
Stack trace:
#0 C:\xampp\htdocs\HMS\system\Database\MySQLi\Connection.php(327): mysqli->query('ALTER TABLE pre...', 0)
#1 C:\xampp\htdocs\HMS\system\Database\BaseConnection.php(729): CodeIgniter\Database\MySQLi\Connection->execute('ALTER TABLE pre...')
#2 C:\xampp\htdocs\HMS\system\Database\BaseConnection.php(646): CodeIgniter\Database\BaseConnection->simpleQuery('ALTER TABLE pre...')
#3 C:\xampp\htdocs\HMS\app\Controllers\Nurse.php(826): CodeIgniter\Database\BaseConnection->query('ALTER TABLE pre...')
#4 C:\xampp\htdocs\HMS\system\CodeIgniter.php(933): App\Controllers\Nurse->markPrescriptionAsGiven()
#5 C:\xampp\htdocs\HMS\system\CodeIgniter.php(507): CodeIgniter\CodeIgniter->runController(Object(App\Controllers\Nurse))
#6 C:\xampp\htdocs\HMS\system\CodeIgniter.php(354): CodeIgniter\CodeIgniter->handleRequest(NULL, Object(Config\Cache), false)
#7 C:\xampp\htdocs\HMS\system\Boot.php(363): CodeIgniter\CodeIgniter->run()
#8 C:\xampp\htdocs\HMS\system\Boot.php(68): CodeIgniter\Boot::runCodeIgniter(Object(CodeIgniter\CodeIgniter))
#9 C:\xampp\htdocs\HMS\index.php(59): CodeIgniter\Boot::bootWeb(Object(Config\Paths))
#10 {main}
