ERROR - 2025-12-16 04:57:02 --> Validation failed: {"email":"The email field must contain a unique value."}
ERROR - 2025-12-16 04:59:25 --> mysqli_sql_exception: Unknown column 'reference_type' in 'where clause' in C:\xampp\htdocs\HMS\system\Database\MySQLi\Connection.php:327
Stack trace:
#0 C:\xampp\htdocs\HMS\system\Database\MySQLi\Connection.php(327): mysqli->query('SELECT *\nFROM `...', 0)
#1 C:\xampp\htdocs\HMS\system\Database\BaseConnection.php(729): CodeIgniter\Database\MySQLi\Connection->execute('SELECT *\nFROM `...')
#2 C:\xampp\htdocs\HMS\system\Database\BaseConnection.php(646): CodeIgniter\Database\BaseConnection->simpleQuery('SELECT *\nFROM `...')
#3 C:\xampp\htdocs\HMS\system\Database\BaseBuilder.php(1649): CodeIgniter\Database\BaseConnection->query('SELECT *\nFROM `...', Array, false)
#4 C:\xampp\htdocs\HMS\app\Controllers\Accounts.php(786): CodeIgniter\Database\BaseBuilder->get()
#5 C:\xampp\htdocs\HMS\system\CodeIgniter.php(933): App\Controllers\Accounts->recordPayment()
#6 C:\xampp\htdocs\HMS\system\CodeIgniter.php(507): CodeIgniter\CodeIgniter->runController(Object(App\Controllers\Accounts))
#7 C:\xampp\htdocs\HMS\system\CodeIgniter.php(354): CodeIgniter\CodeIgniter->handleRequest(NULL, Object(Config\Cache), false)
#8 C:\xampp\htdocs\HMS\system\Boot.php(363): CodeIgniter\CodeIgniter->run()
#9 C:\xampp\htdocs\HMS\system\Boot.php(68): CodeIgniter\Boot::runCodeIgniter(Object(CodeIgniter\CodeIgniter))
#10 C:\xampp\htdocs\HMS\index.php(59): CodeIgniter\Boot::bootWeb(Object(Config\Paths))
#11 {main}
CRITICAL - 2025-12-16 04:59:25 --> CodeIgniter\Database\Exceptions\DatabaseException: Unknown column 'reference_type' in 'where clause'
[Method: POST, Route: accounts/recordPayment]
in SYSTEMPATH\Database\BaseConnection.php on line 684.
 1 SYSTEMPATH\Database\BaseBuilder.php(1649): CodeIgniter\Database\BaseConnection->query('SELECT *
FROM `bill_items`
WHERE `bill_id` = :bill_id:
AND `reference_type` = :reference_type:
AND reference_id IS NOT NULL', [...], false)
 2 APPPATH\Controllers\Accounts.php(786): CodeIgniter\Database\BaseBuilder->get()
 3 SYSTEMPATH\CodeIgniter.php(933): App\Controllers\Accounts->recordPayment()
 4 SYSTEMPATH\CodeIgniter.php(507): CodeIgniter\CodeIgniter->runController(Object(App\Controllers\Accounts))
 5 SYSTEMPATH\CodeIgniter.php(354): CodeIgniter\CodeIgniter->handleRequest(null, Object(Config\Cache), false)
 6 SYSTEMPATH\Boot.php(363): CodeIgniter\CodeIgniter->run()
 7 SYSTEMPATH\Boot.php(68): CodeIgniter\Boot::runCodeIgniter(Object(CodeIgniter\CodeIgniter))
 8 FCPATH\index.php(59): CodeIgniter\Boot::bootWeb(Object(Config\Paths))
CRITICAL - 2025-12-16 04:59:25 --> [Caused by] CodeIgniter\Database\Exceptions\DatabaseException: Unknown column 'reference_type' in 'where clause'
in SYSTEMPATH\Database\MySQLi\Connection.php on line 332.
 1 SYSTEMPATH\Database\BaseConnection.php(729): CodeIgniter\Database\MySQLi\Connection->execute('SELECT *
FROM `bill_items`
WHERE `bill_id` = \'39\'
AND `reference_type` = \'lab_request\'
AND reference_id IS NOT NULL')
 2 SYSTEMPATH\Database\BaseConnection.php(646): CodeIgniter\Database\BaseConnection->simpleQuery('SELECT *
FROM `bill_items`
WHERE `bill_id` = \'39\'
AND `reference_type` = \'lab_request\'
AND reference_id IS NOT NULL')
 3 SYSTEMPATH\Database\BaseBuilder.php(1649): CodeIgniter\Database\BaseConnection->query('SELECT *
FROM `bill_items`
WHERE `bill_id` = :bill_id:
AND `reference_type` = :reference_type:
AND reference_id IS NOT NULL', [...], false)
 4 APPPATH\Controllers\Accounts.php(786): CodeIgniter\Database\BaseBuilder->get()
 5 SYSTEMPATH\CodeIgniter.php(933): App\Controllers\Accounts->recordPayment()
 6 SYSTEMPATH\CodeIgniter.php(507): CodeIgniter\CodeIgniter->runController(Object(App\Controllers\Accounts))
 7 SYSTEMPATH\CodeIgniter.php(354): CodeIgniter\CodeIgniter->handleRequest(null, Object(Config\Cache), false)
 8 SYSTEMPATH\Boot.php(363): CodeIgniter\CodeIgniter->run()
 9 SYSTEMPATH\Boot.php(68): CodeIgniter\Boot::runCodeIgniter(Object(CodeIgniter\CodeIgniter))
10 FCPATH\index.php(59): CodeIgniter\Boot::bootWeb(Object(Config\Paths))
CRITICAL - 2025-12-16 04:59:25 --> [Caused by] mysqli_sql_exception: Unknown column 'reference_type' in 'where clause'
in SYSTEMPATH\Database\MySQLi\Connection.php on line 327.
 1 SYSTEMPATH\Database\MySQLi\Connection.php(327): mysqli->query('SELECT *
FROM `bill_items`
WHERE `bill_id` = \'39\'
AND `reference_type` = \'lab_request\'
AND reference_id IS NOT NULL', 0)
 2 SYSTEMPATH\Database\BaseConnection.php(729): CodeIgniter\Database\MySQLi\Connection->execute('SELECT *
FROM `bill_items`
WHERE `bill_id` = \'39\'
AND `reference_type` = \'lab_request\'
AND reference_id IS NOT NULL')
 3 SYSTEMPATH\Database\BaseConnection.php(646): CodeIgniter\Database\BaseConnection->simpleQuery('SELECT *
FROM `bill_items`
WHERE `bill_id` = \'39\'
AND `reference_type` = \'lab_request\'
AND reference_id IS NOT NULL')
 4 SYSTEMPATH\Database\BaseBuilder.php(1649): CodeIgniter\Database\BaseConnection->query('SELECT *
FROM `bill_items`
WHERE `bill_id` = :bill_id:
AND `reference_type` = :reference_type:
AND reference_id IS NOT NULL', [...], false)
 5 APPPATH\Controllers\Accounts.php(786): CodeIgniter\Database\BaseBuilder->get()
 6 SYSTEMPATH\CodeIgniter.php(933): App\Controllers\Accounts->recordPayment()
 7 SYSTEMPATH\CodeIgniter.php(507): CodeIgniter\CodeIgniter->runController(Object(App\Controllers\Accounts))
 8 SYSTEMPATH\CodeIgniter.php(354): CodeIgniter\CodeIgniter->handleRequest(null, Object(Config\Cache), false)
 9 SYSTEMPATH\Boot.php(363): CodeIgniter\CodeIgniter->run()
10 SYSTEMPATH\Boot.php(68): CodeIgniter\Boot::runCodeIgniter(Object(CodeIgniter\CodeIgniter))
11 FCPATH\index.php(59): CodeIgniter\Boot::bootWeb(Object(Config\Paths))
ERROR - 2025-12-16 05:57:39 --> mysqli_sql_exception: Unknown column 'reference_type' in 'where clause' in C:\xampp\htdocs\HMS\system\Database\MySQLi\Connection.php:327
Stack trace:
#0 C:\xampp\htdocs\HMS\system\Database\MySQLi\Connection.php(327): mysqli->query('SELECT *\nFROM `...', 0)
#1 C:\xampp\htdocs\HMS\system\Database\BaseConnection.php(729): CodeIgniter\Database\MySQLi\Connection->execute('SELECT *\nFROM `...')
#2 C:\xampp\htdocs\HMS\system\Database\BaseConnection.php(646): CodeIgniter\Database\BaseConnection->simpleQuery('SELECT *\nFROM `...')
#3 C:\xampp\htdocs\HMS\system\Database\BaseBuilder.php(1649): CodeIgniter\Database\BaseConnection->query('SELECT *\nFROM `...', Array, false)
#4 C:\xampp\htdocs\HMS\app\Controllers\Accounts.php(786): CodeIgniter\Database\BaseBuilder->get()
#5 C:\xampp\htdocs\HMS\system\CodeIgniter.php(933): App\Controllers\Accounts->recordPayment()
#6 C:\xampp\htdocs\HMS\system\CodeIgniter.php(507): CodeIgniter\CodeIgniter->runController(Object(App\Controllers\Accounts))
#7 C:\xampp\htdocs\HMS\system\CodeIgniter.php(354): CodeIgniter\CodeIgniter->handleRequest(NULL, Object(Config\Cache), false)
#8 C:\xampp\htdocs\HMS\system\Boot.php(363): CodeIgniter\CodeIgniter->run()
#9 C:\xampp\htdocs\HMS\system\Boot.php(68): CodeIgniter\Boot::runCodeIgniter(Object(CodeIgniter\CodeIgniter))
#10 C:\xampp\htdocs\HMS\index.php(59): CodeIgniter\Boot::bootWeb(Object(Config\Paths))
#11 {main}
CRITICAL - 2025-12-16 05:57:39 --> CodeIgniter\Database\Exceptions\DatabaseException: Unknown column 'reference_type' in 'where clause'
[Method: POST, Route: accounts/recordPayment]
in SYSTEMPATH\Database\BaseConnection.php on line 684.
 1 SYSTEMPATH\Database\BaseBuilder.php(1649): CodeIgniter\Database\BaseConnection->query('SELECT *
FROM `bill_items`
WHERE `bill_id` = :bill_id:
AND `reference_type` = :reference_type:
AND reference_id IS NOT NULL', [...], false)
 2 APPPATH\Controllers\Accounts.php(786): CodeIgniter\Database\BaseBuilder->get()
 3 SYSTEMPATH\CodeIgniter.php(933): App\Controllers\Accounts->recordPayment()
 4 SYSTEMPATH\CodeIgniter.php(507): CodeIgniter\CodeIgniter->runController(Object(App\Controllers\Accounts))
 5 SYSTEMPATH\CodeIgniter.php(354): CodeIgniter\CodeIgniter->handleRequest(null, Object(Config\Cache), false)
 6 SYSTEMPATH\Boot.php(363): CodeIgniter\CodeIgniter->run()
 7 SYSTEMPATH\Boot.php(68): CodeIgniter\Boot::runCodeIgniter(Object(CodeIgniter\CodeIgniter))
 8 FCPATH\index.php(59): CodeIgniter\Boot::bootWeb(Object(Config\Paths))
CRITICAL - 2025-12-16 05:57:39 --> [Caused by] CodeIgniter\Database\Exceptions\DatabaseException: Unknown column 'reference_type' in 'where clause'
in SYSTEMPATH\Database\MySQLi\Connection.php on line 332.
 1 SYSTEMPATH\Database\BaseConnection.php(729): CodeIgniter\Database\MySQLi\Connection->execute('SELECT *
FROM `bill_items`
WHERE `bill_id` = \'41\'
AND `reference_type` = \'lab_request\'
AND reference_id IS NOT NULL')
 2 SYSTEMPATH\Database\BaseConnection.php(646): CodeIgniter\Database\BaseConnection->simpleQuery('SELECT *
FROM `bill_items`
WHERE `bill_id` = \'41\'
AND `reference_type` = \'lab_request\'
AND reference_id IS NOT NULL')
 3 SYSTEMPATH\Database\BaseBuilder.php(1649): CodeIgniter\Database\BaseConnection->query('SELECT *
FROM `bill_items`
WHERE `bill_id` = :bill_id:
AND `reference_type` = :reference_type:
AND reference_id IS NOT NULL', [...], false)
 4 APPPATH\Controllers\Accounts.php(786): CodeIgniter\Database\BaseBuilder->get()
 5 SYSTEMPATH\CodeIgniter.php(933): App\Controllers\Accounts->recordPayment()
 6 SYSTEMPATH\CodeIgniter.php(507): CodeIgniter\CodeIgniter->runController(Object(App\Controllers\Accounts))
 7 SYSTEMPATH\CodeIgniter.php(354): CodeIgniter\CodeIgniter->handleRequest(null, Object(Config\Cache), false)
 8 SYSTEMPATH\Boot.php(363): CodeIgniter\CodeIgniter->run()
 9 SYSTEMPATH\Boot.php(68): CodeIgniter\Boot::runCodeIgniter(Object(CodeIgniter\CodeIgniter))
10 FCPATH\index.php(59): CodeIgniter\Boot::bootWeb(Object(Config\Paths))
CRITICAL - 2025-12-16 05:57:39 --> [Caused by] mysqli_sql_exception: Unknown column 'reference_type' in 'where clause'
in SYSTEMPATH\Database\MySQLi\Connection.php on line 327.
 1 SYSTEMPATH\Database\MySQLi\Connection.php(327): mysqli->query('SELECT *
FROM `bill_items`
WHERE `bill_id` = \'41\'
AND `reference_type` = \'lab_request\'
AND reference_id IS NOT NULL', 0)
 2 SYSTEMPATH\Database\BaseConnection.php(729): CodeIgniter\Database\MySQLi\Connection->execute('SELECT *
FROM `bill_items`
WHERE `bill_id` = \'41\'
AND `reference_type` = \'lab_request\'
AND reference_id IS NOT NULL')
 3 SYSTEMPATH\Database\BaseConnection.php(646): CodeIgniter\Database\BaseConnection->simpleQuery('SELECT *
FROM `bill_items`
WHERE `bill_id` = \'41\'
AND `reference_type` = \'lab_request\'
AND reference_id IS NOT NULL')
 4 SYSTEMPATH\Database\BaseBuilder.php(1649): CodeIgniter\Database\BaseConnection->query('SELECT *
FROM `bill_items`
WHERE `bill_id` = :bill_id:
AND `reference_type` = :reference_type:
AND reference_id IS NOT NULL', [...], false)
 5 APPPATH\Controllers\Accounts.php(786): CodeIgniter\Database\BaseBuilder->get()
 6 SYSTEMPATH\CodeIgniter.php(933): App\Controllers\Accounts->recordPayment()
 7 SYSTEMPATH\CodeIgniter.php(507): CodeIgniter\CodeIgniter->runController(Object(App\Controllers\Accounts))
 8 SYSTEMPATH\CodeIgniter.php(354): CodeIgniter\CodeIgniter->handleRequest(null, Object(Config\Cache), false)
 9 SYSTEMPATH\Boot.php(363): CodeIgniter\CodeIgniter->run()
10 SYSTEMPATH\Boot.php(68): CodeIgniter\Boot::runCodeIgniter(Object(CodeIgniter\CodeIgniter))
11 FCPATH\index.php(59): CodeIgniter\Boot::bootWeb(Object(Config\Paths))
CRITICAL - 2025-12-16 06:54:10 --> ParseError: syntax error, unexpected token "public"
[Method: GET, Route: doctor/labs]
in APPPATH\Controllers\Doctor.php on line 2180.
 1 SYSTEMPATH\Autoloader\Autoloader.php(295): CodeIgniter\Autoloader\Autoloader->includeFile('C:\\xampp\\htdocs\\HMS\\app\\Controllers\\Doctor.php')
 2 SYSTEMPATH\Autoloader\Autoloader.php(271): CodeIgniter\Autoloader\Autoloader->loadInNamespace('App\\Controllers\\Doctor')
 3 [internal function]: CodeIgniter\Autoloader\Autoloader->loadClass('App\\Controllers\\Doctor')
 4 SYSTEMPATH\CodeIgniter.php(885): class_exists('\\App\\Controllers\\Doctor', true)
 5 SYSTEMPATH\CodeIgniter.php(494): CodeIgniter\CodeIgniter->startController()
 6 SYSTEMPATH\CodeIgniter.php(354): CodeIgniter\CodeIgniter->handleRequest(null, Object(Config\Cache), false)
 7 SYSTEMPATH\Boot.php(363): CodeIgniter\CodeIgniter->run()
 8 SYSTEMPATH\Boot.php(68): CodeIgniter\Boot::runCodeIgniter(Object(CodeIgniter\CodeIgniter))
 9 FCPATH\index.php(59): CodeIgniter\Boot::bootWeb(Object(Config\Paths))
CRITICAL - 2025-12-16 06:54:14 --> ParseError: syntax error, unexpected token "public"
[Method: GET, Route: doctor/prescriptions]
in APPPATH\Controllers\Doctor.php on line 2180.
 1 SYSTEMPATH\Autoloader\Autoloader.php(295): CodeIgniter\Autoloader\Autoloader->includeFile('C:\\xampp\\htdocs\\HMS\\app\\Controllers\\Doctor.php')
 2 SYSTEMPATH\Autoloader\Autoloader.php(271): CodeIgniter\Autoloader\Autoloader->loadInNamespace('App\\Controllers\\Doctor')
 3 [internal function]: CodeIgniter\Autoloader\Autoloader->loadClass('App\\Controllers\\Doctor')
 4 SYSTEMPATH\CodeIgniter.php(885): class_exists('\\App\\Controllers\\Doctor', true)
 5 SYSTEMPATH\CodeIgniter.php(494): CodeIgniter\CodeIgniter->startController()
 6 SYSTEMPATH\CodeIgniter.php(354): CodeIgniter\CodeIgniter->handleRequest(null, Object(Config\Cache), false)
 7 SYSTEMPATH\Boot.php(363): CodeIgniter\CodeIgniter->run()
 8 SYSTEMPATH\Boot.php(68): CodeIgniter\Boot::runCodeIgniter(Object(CodeIgniter\CodeIgniter))
 9 FCPATH\index.php(59): CodeIgniter\Boot::bootWeb(Object(Config\Paths))
CRITICAL - 2025-12-16 06:54:25 --> ParseError: syntax error, unexpected token "public"
[Method: GET, Route: doctor/appointments]
in APPPATH\Controllers\Doctor.php on line 2180.
 1 SYSTEMPATH\Autoloader\Autoloader.php(295): CodeIgniter\Autoloader\Autoloader->includeFile('C:\\xampp\\htdocs\\HMS\\app\\Controllers\\Doctor.php')
 2 SYSTEMPATH\Autoloader\Autoloader.php(271): CodeIgniter\Autoloader\Autoloader->loadInNamespace('App\\Controllers\\Doctor')
 3 [internal function]: CodeIgniter\Autoloader\Autoloader->loadClass('App\\Controllers\\Doctor')
 4 SYSTEMPATH\CodeIgniter.php(885): class_exists('\\App\\Controllers\\Doctor', true)
 5 SYSTEMPATH\CodeIgniter.php(494): CodeIgniter\CodeIgniter->startController()
 6 SYSTEMPATH\CodeIgniter.php(354): CodeIgniter\CodeIgniter->handleRequest(null, Object(Config\Cache), false)
 7 SYSTEMPATH\Boot.php(363): CodeIgniter\CodeIgniter->run()
 8 SYSTEMPATH\Boot.php(68): CodeIgniter\Boot::runCodeIgniter(Object(CodeIgniter\CodeIgniter))
 9 FCPATH\index.php(59): CodeIgniter\Boot::bootWeb(Object(Config\Paths))
CRITICAL - 2025-12-16 18:42:35 --> ErrorException: Undefined variable $inProgressRequests
[Method: GET, Route: lab/results]
in APPPATH\Controllers\Lab.php on line 410.
 1 APPPATH\Controllers\Lab.php(410): CodeIgniter\Debug\Exceptions->errorHandler(2, 'Undefined variable $inProgressRequests', 'C:\\xampp\\htdocs\\HMS\\app\\Controllers\\Lab.php', 410)
 2 SYSTEMPATH\CodeIgniter.php(933): App\Controllers\Lab->results()
 3 SYSTEMPATH\CodeIgniter.php(507): CodeIgniter\CodeIgniter->runController(Object(App\Controllers\Lab))
 4 SYSTEMPATH\CodeIgniter.php(354): CodeIgniter\CodeIgniter->handleRequest(null, Object(Config\Cache), false)
 5 SYSTEMPATH\Boot.php(363): CodeIgniter\CodeIgniter->run()
 6 SYSTEMPATH\Boot.php(68): CodeIgniter\Boot::runCodeIgniter(Object(CodeIgniter\CodeIgniter))
 7 FCPATH\index.php(59): CodeIgniter\Boot::bootWeb(Object(Config\Paths))
CRITICAL - 2025-12-16 18:42:48 --> ErrorException: Undefined variable $inProgressRequests
[Method: GET, Route: lab/results]
in APPPATH\Controllers\Lab.php on line 410.
 1 APPPATH\Controllers\Lab.php(410): CodeIgniter\Debug\Exceptions->errorHandler(2, 'Undefined variable $inProgressRequests', 'C:\\xampp\\htdocs\\HMS\\app\\Controllers\\Lab.php', 410)
 2 SYSTEMPATH\CodeIgniter.php(933): App\Controllers\Lab->results()
 3 SYSTEMPATH\CodeIgniter.php(507): CodeIgniter\CodeIgniter->runController(Object(App\Controllers\Lab))
 4 SYSTEMPATH\CodeIgniter.php(354): CodeIgniter\CodeIgniter->handleRequest(null, Object(Config\Cache), false)
 5 SYSTEMPATH\Boot.php(363): CodeIgniter\CodeIgniter->run()
 6 SYSTEMPATH\Boot.php(68): CodeIgniter\Boot::runCodeIgniter(Object(CodeIgniter\CodeIgniter))
 7 FCPATH\index.php(59): CodeIgniter\Boot::bootWeb(Object(Config\Paths))
CRITICAL - 2025-12-16 18:43:13 --> ErrorException: Undefined variable $inProgressRequests
[Method: GET, Route: lab/results]
in APPPATH\Controllers\Lab.php on line 410.
 1 APPPATH\Controllers\Lab.php(410): CodeIgniter\Debug\Exceptions->errorHandler(2, 'Undefined variable $inProgressRequests', 'C:\\xampp\\htdocs\\HMS\\app\\Controllers\\Lab.php', 410)
 2 SYSTEMPATH\CodeIgniter.php(933): App\Controllers\Lab->results()
 3 SYSTEMPATH\CodeIgniter.php(507): CodeIgniter\CodeIgniter->runController(Object(App\Controllers\Lab))
 4 SYSTEMPATH\CodeIgniter.php(354): CodeIgniter\CodeIgniter->handleRequest(null, Object(Config\Cache), false)
 5 SYSTEMPATH\Boot.php(363): CodeIgniter\CodeIgniter->run()
 6 SYSTEMPATH\Boot.php(68): CodeIgniter\Boot::runCodeIgniter(Object(CodeIgniter\CodeIgniter))
 7 FCPATH\index.php(59): CodeIgniter\Boot::bootWeb(Object(Config\Paths))
ERROR - 2025-12-16 19:46:16 --> Validation failed: {"email":"The email field must contain a unique value."}
