ERROR - 2025-10-28 16:23:34 --> mysqli_sql_exception: Table 'hms.appointments' doesn't exist in D:\JUL\xampp\htdocs\HMS\system\Database\MySQLi\Connection.php:327
Stack trace:
#0 D:\JUL\xampp\htdocs\HMS\system\Database\MySQLi\Connection.php(327): mysqli->query('SELECT `appoint...', 0)
#1 D:\JUL\xampp\htdocs\HMS\system\Database\BaseConnection.php(729): CodeIgniter\Database\MySQLi\Connection->execute('SELECT `appoint...')
#2 D:\JUL\xampp\htdocs\HMS\system\Database\BaseConnection.php(646): CodeIgniter\Database\BaseConnection->simpleQuery('SELECT `appoint...')
#3 D:\JUL\xampp\htdocs\HMS\system\Database\BaseBuilder.php(1649): CodeIgniter\Database\BaseConnection->query('SELECT `appoint...', Array, false)
#4 D:\JUL\xampp\htdocs\HMS\app\Models\AppointmentModel.php(82): CodeIgniter\Database\BaseBuilder->get()
#5 D:\JUL\xampp\htdocs\HMS\app\Controllers\Admin\Appointments.php(27): App\Models\AppointmentModel->getAppointmentsWithDetails()
#6 D:\JUL\xampp\htdocs\HMS\system\CodeIgniter.php(933): App\Controllers\Admin\Appointments->index()
#7 D:\JUL\xampp\htdocs\HMS\system\CodeIgniter.php(507): CodeIgniter\CodeIgniter->runController(Object(App\Controllers\Admin\Appointments))
#8 D:\JUL\xampp\htdocs\HMS\system\CodeIgniter.php(354): CodeIgniter\CodeIgniter->handleRequest(NULL, Object(Config\Cache), false)
#9 D:\JUL\xampp\htdocs\HMS\system\Boot.php(363): CodeIgniter\CodeIgniter->run()
#10 D:\JUL\xampp\htdocs\HMS\system\Boot.php(68): CodeIgniter\Boot::runCodeIgniter(Object(CodeIgniter\CodeIgniter))
#11 D:\JUL\xampp\htdocs\HMS\index.php(59): CodeIgniter\Boot::bootWeb(Object(Config\Paths))
#12 {main}
CRITICAL - 2025-10-28 16:23:34 --> CodeIgniter\Database\Exceptions\DatabaseException: Table 'hms.appointments' doesn't exist
[Method: GET, Route: admin/appointments]
in SYSTEMPATH\Database\BaseConnection.php on line 684.
 1 SYSTEMPATH\Database\BaseBuilder.php(1649): CodeIgniter\Database\BaseConnection->query('SELECT `appointments`.*, `patients`.`full_name` as `patient_name`, `users`.`name` as `doctor_name`
FROM `appointments`
LEFT JOIN `patients` ON `patients`.`id` = `appointments`.`patient_id`
LEFT JOIN `users` ON `users`.`id` = `appointments`.`doctor_id`
ORDER BY `appointments`.`appointment_date` ASC, `appointments`.`appointment_time` ASC', [], false)
 2 APPPATH\Models\AppointmentModel.php(82): CodeIgniter\Database\BaseBuilder->get()
 3 APPPATH\Controllers\Admin\Appointments.php(27): App\Models\AppointmentModel->getAppointmentsWithDetails()
 4 SYSTEMPATH\CodeIgniter.php(933): App\Controllers\Admin\Appointments->index()
 5 SYSTEMPATH\CodeIgniter.php(507): CodeIgniter\CodeIgniter->runController(Object(App\Controllers\Admin\Appointments))
 6 SYSTEMPATH\CodeIgniter.php(354): CodeIgniter\CodeIgniter->handleRequest(null, Object(Config\Cache), false)
 7 SYSTEMPATH\Boot.php(363): CodeIgniter\CodeIgniter->run()
 8 SYSTEMPATH\Boot.php(68): CodeIgniter\Boot::runCodeIgniter(Object(CodeIgniter\CodeIgniter))
 9 FCPATH\index.php(59): CodeIgniter\Boot::bootWeb(Object(Config\Paths))
CRITICAL - 2025-10-28 16:23:34 --> [Caused by] CodeIgniter\Database\Exceptions\DatabaseException: Table 'hms.appointments' doesn't exist
in SYSTEMPATH\Database\MySQLi\Connection.php on line 332.
 1 SYSTEMPATH\Database\BaseConnection.php(729): CodeIgniter\Database\MySQLi\Connection->execute('SELECT `appointments`.*, `patients`.`full_name` as `patient_name`, `users`.`name` as `doctor_name`
FROM `appointments`
LEFT JOIN `patients` ON `patients`.`id` = `appointments`.`patient_id`
LEFT JOIN `users` ON `users`.`id` = `appointments`.`doctor_id`
ORDER BY `appointments`.`appointment_date` ASC, `appointments`.`appointment_time` ASC')
 2 SYSTEMPATH\Database\BaseConnection.php(646): CodeIgniter\Database\BaseConnection->simpleQuery('SELECT `appointments`.*, `patients`.`full_name` as `patient_name`, `users`.`name` as `doctor_name`
FROM `appointments`
LEFT JOIN `patients` ON `patients`.`id` = `appointments`.`patient_id`
LEFT JOIN `users` ON `users`.`id` = `appointments`.`doctor_id`
ORDER BY `appointments`.`appointment_date` ASC, `appointments`.`appointment_time` ASC')
 3 SYSTEMPATH\Database\BaseBuilder.php(1649): CodeIgniter\Database\BaseConnection->query('SELECT `appointments`.*, `patients`.`full_name` as `patient_name`, `users`.`name` as `doctor_name`
FROM `appointments`
LEFT JOIN `patients` ON `patients`.`id` = `appointments`.`patient_id`
LEFT JOIN `users` ON `users`.`id` = `appointments`.`doctor_id`
ORDER BY `appointments`.`appointment_date` ASC, `appointments`.`appointment_time` ASC', [], false)
 4 APPPATH\Models\AppointmentModel.php(82): CodeIgniter\Database\BaseBuilder->get()
 5 APPPATH\Controllers\Admin\Appointments.php(27): App\Models\AppointmentModel->getAppointmentsWithDetails()
 6 SYSTEMPATH\CodeIgniter.php(933): App\Controllers\Admin\Appointments->index()
 7 SYSTEMPATH\CodeIgniter.php(507): CodeIgniter\CodeIgniter->runController(Object(App\Controllers\Admin\Appointments))
 8 SYSTEMPATH\CodeIgniter.php(354): CodeIgniter\CodeIgniter->handleRequest(null, Object(Config\Cache), false)
 9 SYSTEMPATH\Boot.php(363): CodeIgniter\CodeIgniter->run()
10 SYSTEMPATH\Boot.php(68): CodeIgniter\Boot::runCodeIgniter(Object(CodeIgniter\CodeIgniter))
11 FCPATH\index.php(59): CodeIgniter\Boot::bootWeb(Object(Config\Paths))
CRITICAL - 2025-10-28 16:23:34 --> [Caused by] mysqli_sql_exception: Table 'hms.appointments' doesn't exist
in SYSTEMPATH\Database\MySQLi\Connection.php on line 327.
 1 SYSTEMPATH\Database\MySQLi\Connection.php(327): mysqli->query('SELECT `appointments`.*, `patients`.`full_name` as `patient_name`, `users`.`name` as `doctor_name`
FROM `appointments`
LEFT JOIN `patients` ON `patients`.`id` = `appointments`.`patient_id`
LEFT JOIN `users` ON `users`.`id` = `appointments`.`doctor_id`
ORDER BY `appointments`.`appointment_date` ASC, `appointments`.`appointment_time` ASC', 0)
 2 SYSTEMPATH\Database\BaseConnection.php(729): CodeIgniter\Database\MySQLi\Connection->execute('SELECT `appointments`.*, `patients`.`full_name` as `patient_name`, `users`.`name` as `doctor_name`
FROM `appointments`
LEFT JOIN `patients` ON `patients`.`id` = `appointments`.`patient_id`
LEFT JOIN `users` ON `users`.`id` = `appointments`.`doctor_id`
ORDER BY `appointments`.`appointment_date` ASC, `appointments`.`appointment_time` ASC')
 3 SYSTEMPATH\Database\BaseConnection.php(646): CodeIgniter\Database\BaseConnection->simpleQuery('SELECT `appointments`.*, `patients`.`full_name` as `patient_name`, `users`.`name` as `doctor_name`
FROM `appointments`
LEFT JOIN `patients` ON `patients`.`id` = `appointments`.`patient_id`
LEFT JOIN `users` ON `users`.`id` = `appointments`.`doctor_id`
ORDER BY `appointments`.`appointment_date` ASC, `appointments`.`appointment_time` ASC')
 4 SYSTEMPATH\Database\BaseBuilder.php(1649): CodeIgniter\Database\BaseConnection->query('SELECT `appointments`.*, `patients`.`full_name` as `patient_name`, `users`.`name` as `doctor_name`
FROM `appointments`
LEFT JOIN `patients` ON `patients`.`id` = `appointments`.`patient_id`
LEFT JOIN `users` ON `users`.`id` = `appointments`.`doctor_id`
ORDER BY `appointments`.`appointment_date` ASC, `appointments`.`appointment_time` ASC', [], false)
 5 APPPATH\Models\AppointmentModel.php(82): CodeIgniter\Database\BaseBuilder->get()
 6 APPPATH\Controllers\Admin\Appointments.php(27): App\Models\AppointmentModel->getAppointmentsWithDetails()
 7 SYSTEMPATH\CodeIgniter.php(933): App\Controllers\Admin\Appointments->index()
 8 SYSTEMPATH\CodeIgniter.php(507): CodeIgniter\CodeIgniter->runController(Object(App\Controllers\Admin\Appointments))
 9 SYSTEMPATH\CodeIgniter.php(354): CodeIgniter\CodeIgniter->handleRequest(null, Object(Config\Cache), false)
10 SYSTEMPATH\Boot.php(363): CodeIgniter\CodeIgniter->run()
11 SYSTEMPATH\Boot.php(68): CodeIgniter\Boot::runCodeIgniter(Object(CodeIgniter\CodeIgniter))
12 FCPATH\index.php(59): CodeIgniter\Boot::bootWeb(Object(Config\Paths))
ERROR - 2025-10-28 16:34:19 --> mysqli_sql_exception: Table 'hms.appointments' doesn't exist in D:\JUL\xampp\htdocs\HMS\system\Database\MySQLi\Connection.php:327
Stack trace:
#0 D:\JUL\xampp\htdocs\HMS\system\Database\MySQLi\Connection.php(327): mysqli->query('SELECT `appoint...', 0)
#1 D:\JUL\xampp\htdocs\HMS\system\Database\BaseConnection.php(729): CodeIgniter\Database\MySQLi\Connection->execute('SELECT `appoint...')
#2 D:\JUL\xampp\htdocs\HMS\system\Database\BaseConnection.php(646): CodeIgniter\Database\BaseConnection->simpleQuery('SELECT `appoint...')
#3 D:\JUL\xampp\htdocs\HMS\system\Database\BaseBuilder.php(1649): CodeIgniter\Database\BaseConnection->query('SELECT `appoint...', Array, false)
#4 D:\JUL\xampp\htdocs\HMS\app\Models\AppointmentModel.php(82): CodeIgniter\Database\BaseBuilder->get()
#5 D:\JUL\xampp\htdocs\HMS\app\Controllers\Admin\Appointments.php(27): App\Models\AppointmentModel->getAppointmentsWithDetails()
#6 D:\JUL\xampp\htdocs\HMS\system\CodeIgniter.php(933): App\Controllers\Admin\Appointments->index()
#7 D:\JUL\xampp\htdocs\HMS\system\CodeIgniter.php(507): CodeIgniter\CodeIgniter->runController(Object(App\Controllers\Admin\Appointments))
#8 D:\JUL\xampp\htdocs\HMS\system\CodeIgniter.php(354): CodeIgniter\CodeIgniter->handleRequest(NULL, Object(Config\Cache), false)
#9 D:\JUL\xampp\htdocs\HMS\system\Boot.php(363): CodeIgniter\CodeIgniter->run()
#10 D:\JUL\xampp\htdocs\HMS\system\Boot.php(68): CodeIgniter\Boot::runCodeIgniter(Object(CodeIgniter\CodeIgniter))
#11 D:\JUL\xampp\htdocs\HMS\index.php(59): CodeIgniter\Boot::bootWeb(Object(Config\Paths))
#12 {main}
CRITICAL - 2025-10-28 16:34:19 --> CodeIgniter\Database\Exceptions\DatabaseException: Table 'hms.appointments' doesn't exist
[Method: GET, Route: admin/appointments]
in SYSTEMPATH\Database\BaseConnection.php on line 684.
 1 SYSTEMPATH\Database\BaseBuilder.php(1649): CodeIgniter\Database\BaseConnection->query('SELECT `appointments`.*, `patients`.`full_name` as `patient_name`, `users`.`name` as `doctor_name`
FROM `appointments`
LEFT JOIN `patients` ON `patients`.`id` = `appointments`.`patient_id`
LEFT JOIN `users` ON `users`.`id` = `appointments`.`doctor_id`
ORDER BY `appointments`.`appointment_date` ASC, `appointments`.`appointment_time` ASC', [], false)
 2 APPPATH\Models\AppointmentModel.php(82): CodeIgniter\Database\BaseBuilder->get()
 3 APPPATH\Controllers\Admin\Appointments.php(27): App\Models\AppointmentModel->getAppointmentsWithDetails()
 4 SYSTEMPATH\CodeIgniter.php(933): App\Controllers\Admin\Appointments->index()
 5 SYSTEMPATH\CodeIgniter.php(507): CodeIgniter\CodeIgniter->runController(Object(App\Controllers\Admin\Appointments))
 6 SYSTEMPATH\CodeIgniter.php(354): CodeIgniter\CodeIgniter->handleRequest(null, Object(Config\Cache), false)
 7 SYSTEMPATH\Boot.php(363): CodeIgniter\CodeIgniter->run()
 8 SYSTEMPATH\Boot.php(68): CodeIgniter\Boot::runCodeIgniter(Object(CodeIgniter\CodeIgniter))
 9 FCPATH\index.php(59): CodeIgniter\Boot::bootWeb(Object(Config\Paths))
CRITICAL - 2025-10-28 16:34:19 --> [Caused by] CodeIgniter\Database\Exceptions\DatabaseException: Table 'hms.appointments' doesn't exist
in SYSTEMPATH\Database\MySQLi\Connection.php on line 332.
 1 SYSTEMPATH\Database\BaseConnection.php(729): CodeIgniter\Database\MySQLi\Connection->execute('SELECT `appointments`.*, `patients`.`full_name` as `patient_name`, `users`.`name` as `doctor_name`
FROM `appointments`
LEFT JOIN `patients` ON `patients`.`id` = `appointments`.`patient_id`
LEFT JOIN `users` ON `users`.`id` = `appointments`.`doctor_id`
ORDER BY `appointments`.`appointment_date` ASC, `appointments`.`appointment_time` ASC')
 2 SYSTEMPATH\Database\BaseConnection.php(646): CodeIgniter\Database\BaseConnection->simpleQuery('SELECT `appointments`.*, `patients`.`full_name` as `patient_name`, `users`.`name` as `doctor_name`
FROM `appointments`
LEFT JOIN `patients` ON `patients`.`id` = `appointments`.`patient_id`
LEFT JOIN `users` ON `users`.`id` = `appointments`.`doctor_id`
ORDER BY `appointments`.`appointment_date` ASC, `appointments`.`appointment_time` ASC')
 3 SYSTEMPATH\Database\BaseBuilder.php(1649): CodeIgniter\Database\BaseConnection->query('SELECT `appointments`.*, `patients`.`full_name` as `patient_name`, `users`.`name` as `doctor_name`
FROM `appointments`
LEFT JOIN `patients` ON `patients`.`id` = `appointments`.`patient_id`
LEFT JOIN `users` ON `users`.`id` = `appointments`.`doctor_id`
ORDER BY `appointments`.`appointment_date` ASC, `appointments`.`appointment_time` ASC', [], false)
 4 APPPATH\Models\AppointmentModel.php(82): CodeIgniter\Database\BaseBuilder->get()
 5 APPPATH\Controllers\Admin\Appointments.php(27): App\Models\AppointmentModel->getAppointmentsWithDetails()
 6 SYSTEMPATH\CodeIgniter.php(933): App\Controllers\Admin\Appointments->index()
 7 SYSTEMPATH\CodeIgniter.php(507): CodeIgniter\CodeIgniter->runController(Object(App\Controllers\Admin\Appointments))
 8 SYSTEMPATH\CodeIgniter.php(354): CodeIgniter\CodeIgniter->handleRequest(null, Object(Config\Cache), false)
 9 SYSTEMPATH\Boot.php(363): CodeIgniter\CodeIgniter->run()
10 SYSTEMPATH\Boot.php(68): CodeIgniter\Boot::runCodeIgniter(Object(CodeIgniter\CodeIgniter))
11 FCPATH\index.php(59): CodeIgniter\Boot::bootWeb(Object(Config\Paths))
CRITICAL - 2025-10-28 16:34:20 --> [Caused by] mysqli_sql_exception: Table 'hms.appointments' doesn't exist
in SYSTEMPATH\Database\MySQLi\Connection.php on line 327.
 1 SYSTEMPATH\Database\MySQLi\Connection.php(327): mysqli->query('SELECT `appointments`.*, `patients`.`full_name` as `patient_name`, `users`.`name` as `doctor_name`
FROM `appointments`
LEFT JOIN `patients` ON `patients`.`id` = `appointments`.`patient_id`
LEFT JOIN `users` ON `users`.`id` = `appointments`.`doctor_id`
ORDER BY `appointments`.`appointment_date` ASC, `appointments`.`appointment_time` ASC', 0)
 2 SYSTEMPATH\Database\BaseConnection.php(729): CodeIgniter\Database\MySQLi\Connection->execute('SELECT `appointments`.*, `patients`.`full_name` as `patient_name`, `users`.`name` as `doctor_name`
FROM `appointments`
LEFT JOIN `patients` ON `patients`.`id` = `appointments`.`patient_id`
LEFT JOIN `users` ON `users`.`id` = `appointments`.`doctor_id`
ORDER BY `appointments`.`appointment_date` ASC, `appointments`.`appointment_time` ASC')
 3 SYSTEMPATH\Database\BaseConnection.php(646): CodeIgniter\Database\BaseConnection->simpleQuery('SELECT `appointments`.*, `patients`.`full_name` as `patient_name`, `users`.`name` as `doctor_name`
FROM `appointments`
LEFT JOIN `patients` ON `patients`.`id` = `appointments`.`patient_id`
LEFT JOIN `users` ON `users`.`id` = `appointments`.`doctor_id`
ORDER BY `appointments`.`appointment_date` ASC, `appointments`.`appointment_time` ASC')
 4 SYSTEMPATH\Database\BaseBuilder.php(1649): CodeIgniter\Database\BaseConnection->query('SELECT `appointments`.*, `patients`.`full_name` as `patient_name`, `users`.`name` as `doctor_name`
FROM `appointments`
LEFT JOIN `patients` ON `patients`.`id` = `appointments`.`patient_id`
LEFT JOIN `users` ON `users`.`id` = `appointments`.`doctor_id`
ORDER BY `appointments`.`appointment_date` ASC, `appointments`.`appointment_time` ASC', [], false)
 5 APPPATH\Models\AppointmentModel.php(82): CodeIgniter\Database\BaseBuilder->get()
 6 APPPATH\Controllers\Admin\Appointments.php(27): App\Models\AppointmentModel->getAppointmentsWithDetails()
 7 SYSTEMPATH\CodeIgniter.php(933): App\Controllers\Admin\Appointments->index()
 8 SYSTEMPATH\CodeIgniter.php(507): CodeIgniter\CodeIgniter->runController(Object(App\Controllers\Admin\Appointments))
 9 SYSTEMPATH\CodeIgniter.php(354): CodeIgniter\CodeIgniter->handleRequest(null, Object(Config\Cache), false)
10 SYSTEMPATH\Boot.php(363): CodeIgniter\CodeIgniter->run()
11 SYSTEMPATH\Boot.php(68): CodeIgniter\Boot::runCodeIgniter(Object(CodeIgniter\CodeIgniter))
12 FCPATH\index.php(59): CodeIgniter\Boot::bootWeb(Object(Config\Paths))
ERROR - 2025-10-28 16:41:49 --> mysqli_sql_exception: Table 'hms.rooms' doesn't exist in D:\JUL\xampp\htdocs\HMS\system\Database\MySQLi\Connection.php:327
Stack trace:
#0 D:\JUL\xampp\htdocs\HMS\system\Database\MySQLi\Connection.php(327): mysqli->query('SELECT *\nFROM `...', 0)
#1 D:\JUL\xampp\htdocs\HMS\system\Database\BaseConnection.php(729): CodeIgniter\Database\MySQLi\Connection->execute('SELECT *\nFROM `...')
#2 D:\JUL\xampp\htdocs\HMS\system\Database\BaseConnection.php(646): CodeIgniter\Database\BaseConnection->simpleQuery('SELECT *\nFROM `...')
#3 D:\JUL\xampp\htdocs\HMS\system\Database\BaseBuilder.php(1649): CodeIgniter\Database\BaseConnection->query('SELECT *\nFROM `...', Array, false)
#4 D:\JUL\xampp\htdocs\HMS\app\Models\RoomModel.php(36): CodeIgniter\Database\BaseBuilder->get()
#5 D:\JUL\xampp\htdocs\HMS\app\Models\RoomModel.php(42): App\Models\RoomModel->getAvailableRooms('inpatient')
#6 D:\JUL\xampp\htdocs\HMS\app\Controllers\Reception.php(36): App\Models\RoomModel->getInpatientRooms()
#7 D:\JUL\xampp\htdocs\HMS\system\CodeIgniter.php(933): App\Controllers\Reception->patients()
#8 D:\JUL\xampp\htdocs\HMS\system\CodeIgniter.php(507): CodeIgniter\CodeIgniter->runController(Object(App\Controllers\Reception))
#9 D:\JUL\xampp\htdocs\HMS\system\CodeIgniter.php(354): CodeIgniter\CodeIgniter->handleRequest(NULL, Object(Config\Cache), false)
#10 D:\JUL\xampp\htdocs\HMS\system\Boot.php(363): CodeIgniter\CodeIgniter->run()
#11 D:\JUL\xampp\htdocs\HMS\system\Boot.php(68): CodeIgniter\Boot::runCodeIgniter(Object(CodeIgniter\CodeIgniter))
#12 D:\JUL\xampp\htdocs\HMS\index.php(59): CodeIgniter\Boot::bootWeb(Object(Config\Paths))
#13 {main}
CRITICAL - 2025-10-28 16:41:49 --> CodeIgniter\Database\Exceptions\DatabaseException: Table 'hms.rooms' doesn't exist
[Method: GET, Route: reception/patients]
in SYSTEMPATH\Database\BaseConnection.php on line 684.
 1 SYSTEMPATH\Database\BaseBuilder.php(1649): CodeIgniter\Database\BaseConnection->query('SELECT *
FROM `rooms`
WHERE `room_type` = :room_type:
AND `is_available` = :is_available:
AND current_occupancy < :current_occupancy:
ORDER BY `room_number` ASC', [...], false)
 2 APPPATH\Models\RoomModel.php(36): CodeIgniter\Database\BaseBuilder->get()
 3 APPPATH\Models\RoomModel.php(42): App\Models\RoomModel->getAvailableRooms('inpatient')
 4 APPPATH\Controllers\Reception.php(36): App\Models\RoomModel->getInpatientRooms()
 5 SYSTEMPATH\CodeIgniter.php(933): App\Controllers\Reception->patients()
 6 SYSTEMPATH\CodeIgniter.php(507): CodeIgniter\CodeIgniter->runController(Object(App\Controllers\Reception))
 7 SYSTEMPATH\CodeIgniter.php(354): CodeIgniter\CodeIgniter->handleRequest(null, Object(Config\Cache), false)
 8 SYSTEMPATH\Boot.php(363): CodeIgniter\CodeIgniter->run()
 9 SYSTEMPATH\Boot.php(68): CodeIgniter\Boot::runCodeIgniter(Object(CodeIgniter\CodeIgniter))
10 FCPATH\index.php(59): CodeIgniter\Boot::bootWeb(Object(Config\Paths))
CRITICAL - 2025-10-28 16:41:49 --> [Caused by] CodeIgniter\Database\Exceptions\DatabaseException: Table 'hms.rooms' doesn't exist
in SYSTEMPATH\Database\MySQLi\Connection.php on line 332.
 1 SYSTEMPATH\Database\BaseConnection.php(729): CodeIgniter\Database\MySQLi\Connection->execute('SELECT *
FROM `rooms`
WHERE `room_type` = \'inpatient\'
AND `is_available` = 1
AND current_occupancy < capacity
ORDER BY `room_number` ASC')
 2 SYSTEMPATH\Database\BaseConnection.php(646): CodeIgniter\Database\BaseConnection->simpleQuery('SELECT *
FROM `rooms`
WHERE `room_type` = \'inpatient\'
AND `is_available` = 1
AND current_occupancy < capacity
ORDER BY `room_number` ASC')
 3 SYSTEMPATH\Database\BaseBuilder.php(1649): CodeIgniter\Database\BaseConnection->query('SELECT *
FROM `rooms`
WHERE `room_type` = :room_type:
AND `is_available` = :is_available:
AND current_occupancy < :current_occupancy:
ORDER BY `room_number` ASC', [...], false)
 4 APPPATH\Models\RoomModel.php(36): CodeIgniter\Database\BaseBuilder->get()
 5 APPPATH\Models\RoomModel.php(42): App\Models\RoomModel->getAvailableRooms('inpatient')
 6 APPPATH\Controllers\Reception.php(36): App\Models\RoomModel->getInpatientRooms()
 7 SYSTEMPATH\CodeIgniter.php(933): App\Controllers\Reception->patients()
 8 SYSTEMPATH\CodeIgniter.php(507): CodeIgniter\CodeIgniter->runController(Object(App\Controllers\Reception))
 9 SYSTEMPATH\CodeIgniter.php(354): CodeIgniter\CodeIgniter->handleRequest(null, Object(Config\Cache), false)
10 SYSTEMPATH\Boot.php(363): CodeIgniter\CodeIgniter->run()
11 SYSTEMPATH\Boot.php(68): CodeIgniter\Boot::runCodeIgniter(Object(CodeIgniter\CodeIgniter))
12 FCPATH\index.php(59): CodeIgniter\Boot::bootWeb(Object(Config\Paths))
CRITICAL - 2025-10-28 16:41:49 --> [Caused by] mysqli_sql_exception: Table 'hms.rooms' doesn't exist
in SYSTEMPATH\Database\MySQLi\Connection.php on line 327.
 1 SYSTEMPATH\Database\MySQLi\Connection.php(327): mysqli->query('SELECT *
FROM `rooms`
WHERE `room_type` = \'inpatient\'
AND `is_available` = 1
AND current_occupancy < capacity
ORDER BY `room_number` ASC', 0)
 2 SYSTEMPATH\Database\BaseConnection.php(729): CodeIgniter\Database\MySQLi\Connection->execute('SELECT *
FROM `rooms`
WHERE `room_type` = \'inpatient\'
AND `is_available` = 1
AND current_occupancy < capacity
ORDER BY `room_number` ASC')
 3 SYSTEMPATH\Database\BaseConnection.php(646): CodeIgniter\Database\BaseConnection->simpleQuery('SELECT *
FROM `rooms`
WHERE `room_type` = \'inpatient\'
AND `is_available` = 1
AND current_occupancy < capacity
ORDER BY `room_number` ASC')
 4 SYSTEMPATH\Database\BaseBuilder.php(1649): CodeIgniter\Database\BaseConnection->query('SELECT *
FROM `rooms`
WHERE `room_type` = :room_type:
AND `is_available` = :is_available:
AND current_occupancy < :current_occupancy:
ORDER BY `room_number` ASC', [...], false)
 5 APPPATH\Models\RoomModel.php(36): CodeIgniter\Database\BaseBuilder->get()
 6 APPPATH\Models\RoomModel.php(42): App\Models\RoomModel->getAvailableRooms('inpatient')
 7 APPPATH\Controllers\Reception.php(36): App\Models\RoomModel->getInpatientRooms()
 8 SYSTEMPATH\CodeIgniter.php(933): App\Controllers\Reception->patients()
 9 SYSTEMPATH\CodeIgniter.php(507): CodeIgniter\CodeIgniter->runController(Object(App\Controllers\Reception))
10 SYSTEMPATH\CodeIgniter.php(354): CodeIgniter\CodeIgniter->handleRequest(null, Object(Config\Cache), false)
11 SYSTEMPATH\Boot.php(363): CodeIgniter\CodeIgniter->run()
12 SYSTEMPATH\Boot.php(68): CodeIgniter\Boot::runCodeIgniter(Object(CodeIgniter\CodeIgniter))
13 FCPATH\index.php(59): CodeIgniter\Boot::bootWeb(Object(Config\Paths))
ERROR - 2025-10-28 16:43:12 --> mysqli_sql_exception: Table 'hms.rooms' doesn't exist in D:\JUL\xampp\htdocs\HMS\system\Database\MySQLi\Connection.php:327
Stack trace:
#0 D:\JUL\xampp\htdocs\HMS\system\Database\MySQLi\Connection.php(327): mysqli->query('SELECT *\nFROM `...', 0)
#1 D:\JUL\xampp\htdocs\HMS\system\Database\BaseConnection.php(729): CodeIgniter\Database\MySQLi\Connection->execute('SELECT *\nFROM `...')
#2 D:\JUL\xampp\htdocs\HMS\system\Database\BaseConnection.php(646): CodeIgniter\Database\BaseConnection->simpleQuery('SELECT *\nFROM `...')
#3 D:\JUL\xampp\htdocs\HMS\system\Database\BaseBuilder.php(1649): CodeIgniter\Database\BaseConnection->query('SELECT *\nFROM `...', Array, false)
#4 D:\JUL\xampp\htdocs\HMS\app\Models\RoomModel.php(36): CodeIgniter\Database\BaseBuilder->get()
#5 D:\JUL\xampp\htdocs\HMS\app\Models\RoomModel.php(42): App\Models\RoomModel->getAvailableRooms('inpatient')
#6 D:\JUL\xampp\htdocs\HMS\app\Controllers\Reception.php(36): App\Models\RoomModel->getInpatientRooms()
#7 D:\JUL\xampp\htdocs\HMS\system\CodeIgniter.php(933): App\Controllers\Reception->patients()
#8 D:\JUL\xampp\htdocs\HMS\system\CodeIgniter.php(507): CodeIgniter\CodeIgniter->runController(Object(App\Controllers\Reception))
#9 D:\JUL\xampp\htdocs\HMS\system\CodeIgniter.php(354): CodeIgniter\CodeIgniter->handleRequest(NULL, Object(Config\Cache), false)
#10 D:\JUL\xampp\htdocs\HMS\system\Boot.php(363): CodeIgniter\CodeIgniter->run()
#11 D:\JUL\xampp\htdocs\HMS\system\Boot.php(68): CodeIgniter\Boot::runCodeIgniter(Object(CodeIgniter\CodeIgniter))
#12 D:\JUL\xampp\htdocs\HMS\index.php(59): CodeIgniter\Boot::bootWeb(Object(Config\Paths))
#13 {main}
CRITICAL - 2025-10-28 16:43:12 --> CodeIgniter\Database\Exceptions\DatabaseException: Table 'hms.rooms' doesn't exist
[Method: GET, Route: reception/patients]
in SYSTEMPATH\Database\BaseConnection.php on line 684.
 1 SYSTEMPATH\Database\BaseBuilder.php(1649): CodeIgniter\Database\BaseConnection->query('SELECT *
FROM `rooms`
WHERE `room_type` = :room_type:
AND `is_available` = :is_available:
AND current_occupancy < :current_occupancy:
ORDER BY `room_number` ASC', [...], false)
 2 APPPATH\Models\RoomModel.php(36): CodeIgniter\Database\BaseBuilder->get()
 3 APPPATH\Models\RoomModel.php(42): App\Models\RoomModel->getAvailableRooms('inpatient')
 4 APPPATH\Controllers\Reception.php(36): App\Models\RoomModel->getInpatientRooms()
 5 SYSTEMPATH\CodeIgniter.php(933): App\Controllers\Reception->patients()
 6 SYSTEMPATH\CodeIgniter.php(507): CodeIgniter\CodeIgniter->runController(Object(App\Controllers\Reception))
 7 SYSTEMPATH\CodeIgniter.php(354): CodeIgniter\CodeIgniter->handleRequest(null, Object(Config\Cache), false)
 8 SYSTEMPATH\Boot.php(363): CodeIgniter\CodeIgniter->run()
 9 SYSTEMPATH\Boot.php(68): CodeIgniter\Boot::runCodeIgniter(Object(CodeIgniter\CodeIgniter))
10 FCPATH\index.php(59): CodeIgniter\Boot::bootWeb(Object(Config\Paths))
CRITICAL - 2025-10-28 16:43:12 --> [Caused by] CodeIgniter\Database\Exceptions\DatabaseException: Table 'hms.rooms' doesn't exist
in SYSTEMPATH\Database\MySQLi\Connection.php on line 332.
 1 SYSTEMPATH\Database\BaseConnection.php(729): CodeIgniter\Database\MySQLi\Connection->execute('SELECT *
FROM `rooms`
WHERE `room_type` = \'inpatient\'
AND `is_available` = 1
AND current_occupancy < capacity
ORDER BY `room_number` ASC')
 2 SYSTEMPATH\Database\BaseConnection.php(646): CodeIgniter\Database\BaseConnection->simpleQuery('SELECT *
FROM `rooms`
WHERE `room_type` = \'inpatient\'
AND `is_available` = 1
AND current_occupancy < capacity
ORDER BY `room_number` ASC')
 3 SYSTEMPATH\Database\BaseBuilder.php(1649): CodeIgniter\Database\BaseConnection->query('SELECT *
FROM `rooms`
WHERE `room_type` = :room_type:
AND `is_available` = :is_available:
AND current_occupancy < :current_occupancy:
ORDER BY `room_number` ASC', [...], false)
 4 APPPATH\Models\RoomModel.php(36): CodeIgniter\Database\BaseBuilder->get()
 5 APPPATH\Models\RoomModel.php(42): App\Models\RoomModel->getAvailableRooms('inpatient')
 6 APPPATH\Controllers\Reception.php(36): App\Models\RoomModel->getInpatientRooms()
 7 SYSTEMPATH\CodeIgniter.php(933): App\Controllers\Reception->patients()
 8 SYSTEMPATH\CodeIgniter.php(507): CodeIgniter\CodeIgniter->runController(Object(App\Controllers\Reception))
 9 SYSTEMPATH\CodeIgniter.php(354): CodeIgniter\CodeIgniter->handleRequest(null, Object(Config\Cache), false)
10 SYSTEMPATH\Boot.php(363): CodeIgniter\CodeIgniter->run()
11 SYSTEMPATH\Boot.php(68): CodeIgniter\Boot::runCodeIgniter(Object(CodeIgniter\CodeIgniter))
12 FCPATH\index.php(59): CodeIgniter\Boot::bootWeb(Object(Config\Paths))
CRITICAL - 2025-10-28 16:43:12 --> [Caused by] mysqli_sql_exception: Table 'hms.rooms' doesn't exist
in SYSTEMPATH\Database\MySQLi\Connection.php on line 327.
 1 SYSTEMPATH\Database\MySQLi\Connection.php(327): mysqli->query('SELECT *
FROM `rooms`
WHERE `room_type` = \'inpatient\'
AND `is_available` = 1
AND current_occupancy < capacity
ORDER BY `room_number` ASC', 0)
 2 SYSTEMPATH\Database\BaseConnection.php(729): CodeIgniter\Database\MySQLi\Connection->execute('SELECT *
FROM `rooms`
WHERE `room_type` = \'inpatient\'
AND `is_available` = 1
AND current_occupancy < capacity
ORDER BY `room_number` ASC')
 3 SYSTEMPATH\Database\BaseConnection.php(646): CodeIgniter\Database\BaseConnection->simpleQuery('SELECT *
FROM `rooms`
WHERE `room_type` = \'inpatient\'
AND `is_available` = 1
AND current_occupancy < capacity
ORDER BY `room_number` ASC')
 4 SYSTEMPATH\Database\BaseBuilder.php(1649): CodeIgniter\Database\BaseConnection->query('SELECT *
FROM `rooms`
WHERE `room_type` = :room_type:
AND `is_available` = :is_available:
AND current_occupancy < :current_occupancy:
ORDER BY `room_number` ASC', [...], false)
 5 APPPATH\Models\RoomModel.php(36): CodeIgniter\Database\BaseBuilder->get()
 6 APPPATH\Models\RoomModel.php(42): App\Models\RoomModel->getAvailableRooms('inpatient')
 7 APPPATH\Controllers\Reception.php(36): App\Models\RoomModel->getInpatientRooms()
 8 SYSTEMPATH\CodeIgniter.php(933): App\Controllers\Reception->patients()
 9 SYSTEMPATH\CodeIgniter.php(507): CodeIgniter\CodeIgniter->runController(Object(App\Controllers\Reception))
10 SYSTEMPATH\CodeIgniter.php(354): CodeIgniter\CodeIgniter->handleRequest(null, Object(Config\Cache), false)
11 SYSTEMPATH\Boot.php(363): CodeIgniter\CodeIgniter->run()
12 SYSTEMPATH\Boot.php(68): CodeIgniter\Boot::runCodeIgniter(Object(CodeIgniter\CodeIgniter))
13 FCPATH\index.php(59): CodeIgniter\Boot::bootWeb(Object(Config\Paths))
ERROR - 2025-10-28 16:43:15 --> mysqli_sql_exception: Table 'hms.rooms' doesn't exist in D:\JUL\xampp\htdocs\HMS\system\Database\MySQLi\Connection.php:327
Stack trace:
#0 D:\JUL\xampp\htdocs\HMS\system\Database\MySQLi\Connection.php(327): mysqli->query('SELECT *\nFROM `...', 0)
#1 D:\JUL\xampp\htdocs\HMS\system\Database\BaseConnection.php(729): CodeIgniter\Database\MySQLi\Connection->execute('SELECT *\nFROM `...')
#2 D:\JUL\xampp\htdocs\HMS\system\Database\BaseConnection.php(646): CodeIgniter\Database\BaseConnection->simpleQuery('SELECT *\nFROM `...')
#3 D:\JUL\xampp\htdocs\HMS\system\Database\BaseBuilder.php(1649): CodeIgniter\Database\BaseConnection->query('SELECT *\nFROM `...', Array, false)
#4 D:\JUL\xampp\htdocs\HMS\app\Models\RoomModel.php(36): CodeIgniter\Database\BaseBuilder->get()
#5 D:\JUL\xampp\htdocs\HMS\app\Models\RoomModel.php(42): App\Models\RoomModel->getAvailableRooms('inpatient')
#6 D:\JUL\xampp\htdocs\HMS\app\Controllers\Reception.php(36): App\Models\RoomModel->getInpatientRooms()
#7 D:\JUL\xampp\htdocs\HMS\system\CodeIgniter.php(933): App\Controllers\Reception->patients()
#8 D:\JUL\xampp\htdocs\HMS\system\CodeIgniter.php(507): CodeIgniter\CodeIgniter->runController(Object(App\Controllers\Reception))
#9 D:\JUL\xampp\htdocs\HMS\system\CodeIgniter.php(354): CodeIgniter\CodeIgniter->handleRequest(NULL, Object(Config\Cache), false)
#10 D:\JUL\xampp\htdocs\HMS\system\Boot.php(363): CodeIgniter\CodeIgniter->run()
#11 D:\JUL\xampp\htdocs\HMS\system\Boot.php(68): CodeIgniter\Boot::runCodeIgniter(Object(CodeIgniter\CodeIgniter))
#12 D:\JUL\xampp\htdocs\HMS\index.php(59): CodeIgniter\Boot::bootWeb(Object(Config\Paths))
#13 {main}
CRITICAL - 2025-10-28 16:43:15 --> CodeIgniter\Database\Exceptions\DatabaseException: Table 'hms.rooms' doesn't exist
[Method: GET, Route: reception/patients]
in SYSTEMPATH\Database\BaseConnection.php on line 684.
 1 SYSTEMPATH\Database\BaseBuilder.php(1649): CodeIgniter\Database\BaseConnection->query('SELECT *
FROM `rooms`
WHERE `room_type` = :room_type:
AND `is_available` = :is_available:
AND current_occupancy < :current_occupancy:
ORDER BY `room_number` ASC', [...], false)
 2 APPPATH\Models\RoomModel.php(36): CodeIgniter\Database\BaseBuilder->get()
 3 APPPATH\Models\RoomModel.php(42): App\Models\RoomModel->getAvailableRooms('inpatient')
 4 APPPATH\Controllers\Reception.php(36): App\Models\RoomModel->getInpatientRooms()
 5 SYSTEMPATH\CodeIgniter.php(933): App\Controllers\Reception->patients()
 6 SYSTEMPATH\CodeIgniter.php(507): CodeIgniter\CodeIgniter->runController(Object(App\Controllers\Reception))
 7 SYSTEMPATH\CodeIgniter.php(354): CodeIgniter\CodeIgniter->handleRequest(null, Object(Config\Cache), false)
 8 SYSTEMPATH\Boot.php(363): CodeIgniter\CodeIgniter->run()
 9 SYSTEMPATH\Boot.php(68): CodeIgniter\Boot::runCodeIgniter(Object(CodeIgniter\CodeIgniter))
10 FCPATH\index.php(59): CodeIgniter\Boot::bootWeb(Object(Config\Paths))
CRITICAL - 2025-10-28 16:43:15 --> [Caused by] CodeIgniter\Database\Exceptions\DatabaseException: Table 'hms.rooms' doesn't exist
in SYSTEMPATH\Database\MySQLi\Connection.php on line 332.
 1 SYSTEMPATH\Database\BaseConnection.php(729): CodeIgniter\Database\MySQLi\Connection->execute('SELECT *
FROM `rooms`
WHERE `room_type` = \'inpatient\'
AND `is_available` = 1
AND current_occupancy < capacity
ORDER BY `room_number` ASC')
 2 SYSTEMPATH\Database\BaseConnection.php(646): CodeIgniter\Database\BaseConnection->simpleQuery('SELECT *
FROM `rooms`
WHERE `room_type` = \'inpatient\'
AND `is_available` = 1
AND current_occupancy < capacity
ORDER BY `room_number` ASC')
 3 SYSTEMPATH\Database\BaseBuilder.php(1649): CodeIgniter\Database\BaseConnection->query('SELECT *
FROM `rooms`
WHERE `room_type` = :room_type:
AND `is_available` = :is_available:
AND current_occupancy < :current_occupancy:
ORDER BY `room_number` ASC', [...], false)
 4 APPPATH\Models\RoomModel.php(36): CodeIgniter\Database\BaseBuilder->get()
 5 APPPATH\Models\RoomModel.php(42): App\Models\RoomModel->getAvailableRooms('inpatient')
 6 APPPATH\Controllers\Reception.php(36): App\Models\RoomModel->getInpatientRooms()
 7 SYSTEMPATH\CodeIgniter.php(933): App\Controllers\Reception->patients()
 8 SYSTEMPATH\CodeIgniter.php(507): CodeIgniter\CodeIgniter->runController(Object(App\Controllers\Reception))
 9 SYSTEMPATH\CodeIgniter.php(354): CodeIgniter\CodeIgniter->handleRequest(null, Object(Config\Cache), false)
10 SYSTEMPATH\Boot.php(363): CodeIgniter\CodeIgniter->run()
11 SYSTEMPATH\Boot.php(68): CodeIgniter\Boot::runCodeIgniter(Object(CodeIgniter\CodeIgniter))
12 FCPATH\index.php(59): CodeIgniter\Boot::bootWeb(Object(Config\Paths))
CRITICAL - 2025-10-28 16:43:15 --> [Caused by] mysqli_sql_exception: Table 'hms.rooms' doesn't exist
in SYSTEMPATH\Database\MySQLi\Connection.php on line 327.
 1 SYSTEMPATH\Database\MySQLi\Connection.php(327): mysqli->query('SELECT *
FROM `rooms`
WHERE `room_type` = \'inpatient\'
AND `is_available` = 1
AND current_occupancy < capacity
ORDER BY `room_number` ASC', 0)
 2 SYSTEMPATH\Database\BaseConnection.php(729): CodeIgniter\Database\MySQLi\Connection->execute('SELECT *
FROM `rooms`
WHERE `room_type` = \'inpatient\'
AND `is_available` = 1
AND current_occupancy < capacity
ORDER BY `room_number` ASC')
 3 SYSTEMPATH\Database\BaseConnection.php(646): CodeIgniter\Database\BaseConnection->simpleQuery('SELECT *
FROM `rooms`
WHERE `room_type` = \'inpatient\'
AND `is_available` = 1
AND current_occupancy < capacity
ORDER BY `room_number` ASC')
 4 SYSTEMPATH\Database\BaseBuilder.php(1649): CodeIgniter\Database\BaseConnection->query('SELECT *
FROM `rooms`
WHERE `room_type` = :room_type:
AND `is_available` = :is_available:
AND current_occupancy < :current_occupancy:
ORDER BY `room_number` ASC', [...], false)
 5 APPPATH\Models\RoomModel.php(36): CodeIgniter\Database\BaseBuilder->get()
 6 APPPATH\Models\RoomModel.php(42): App\Models\RoomModel->getAvailableRooms('inpatient')
 7 APPPATH\Controllers\Reception.php(36): App\Models\RoomModel->getInpatientRooms()
 8 SYSTEMPATH\CodeIgniter.php(933): App\Controllers\Reception->patients()
 9 SYSTEMPATH\CodeIgniter.php(507): CodeIgniter\CodeIgniter->runController(Object(App\Controllers\Reception))
10 SYSTEMPATH\CodeIgniter.php(354): CodeIgniter\CodeIgniter->handleRequest(null, Object(Config\Cache), false)
11 SYSTEMPATH\Boot.php(363): CodeIgniter\CodeIgniter->run()
12 SYSTEMPATH\Boot.php(68): CodeIgniter\Boot::runCodeIgniter(Object(CodeIgniter\CodeIgniter))
13 FCPATH\index.php(59): CodeIgniter\Boot::bootWeb(Object(Config\Paths))
ERROR - 2025-10-28 17:07:17 --> mysqli_sql_exception: Table 'hms.appointments' doesn't exist in D:\JUL\xampp\htdocs\HMS\system\Database\MySQLi\Connection.php:327
Stack trace:
#0 D:\JUL\xampp\htdocs\HMS\system\Database\MySQLi\Connection.php(327): mysqli->query('SELECT `appoint...', 0)
#1 D:\JUL\xampp\htdocs\HMS\system\Database\BaseConnection.php(729): CodeIgniter\Database\MySQLi\Connection->execute('SELECT `appoint...')
#2 D:\JUL\xampp\htdocs\HMS\system\Database\BaseConnection.php(646): CodeIgniter\Database\BaseConnection->simpleQuery('SELECT `appoint...')
#3 D:\JUL\xampp\htdocs\HMS\system\Database\BaseBuilder.php(1649): CodeIgniter\Database\BaseConnection->query('SELECT `appoint...', Array, false)
#4 D:\JUL\xampp\htdocs\HMS\app\Models\AppointmentModel.php(96): CodeIgniter\Database\BaseBuilder->get()
#5 D:\JUL\xampp\htdocs\HMS\app\Controllers\Reception.php(206): App\Models\AppointmentModel->getAppointmentsByDate('2025-10-28')
#6 D:\JUL\xampp\htdocs\HMS\system\CodeIgniter.php(933): App\Controllers\Reception->appointments()
#7 D:\JUL\xampp\htdocs\HMS\system\CodeIgniter.php(507): CodeIgniter\CodeIgniter->runController(Object(App\Controllers\Reception))
#8 D:\JUL\xampp\htdocs\HMS\system\CodeIgniter.php(354): CodeIgniter\CodeIgniter->handleRequest(NULL, Object(Config\Cache), false)
#9 D:\JUL\xampp\htdocs\HMS\system\Boot.php(363): CodeIgniter\CodeIgniter->run()
#10 D:\JUL\xampp\htdocs\HMS\system\Boot.php(68): CodeIgniter\Boot::runCodeIgniter(Object(CodeIgniter\CodeIgniter))
#11 D:\JUL\xampp\htdocs\HMS\index.php(59): CodeIgniter\Boot::bootWeb(Object(Config\Paths))
#12 {main}
CRITICAL - 2025-10-28 17:07:17 --> CodeIgniter\Database\Exceptions\DatabaseException: Table 'hms.appointments' doesn't exist
[Method: GET, Route: reception/appointments]
in SYSTEMPATH\Database\BaseConnection.php on line 684.
 1 SYSTEMPATH\Database\BaseBuilder.php(1649): CodeIgniter\Database\BaseConnection->query('SELECT `appointments`.*, `patients`.`full_name` as `patient_name`, `users`.`name` as `doctor_name`
FROM `appointments`
LEFT JOIN `patients` ON `patients`.`id` = `appointments`.`patient_id`
LEFT JOIN `users` ON `users`.`id` = `appointments`.`doctor_id`
WHERE `appointment_date` = :appointment_date:
AND `appointments`.`status` != :appointments.status:
ORDER BY `appointment_time` ASC', [...], false)
 2 APPPATH\Models\AppointmentModel.php(96): CodeIgniter\Database\BaseBuilder->get()
 3 APPPATH\Controllers\Reception.php(206): App\Models\AppointmentModel->getAppointmentsByDate('2025-10-28')
 4 SYSTEMPATH\CodeIgniter.php(933): App\Controllers\Reception->appointments()
 5 SYSTEMPATH\CodeIgniter.php(507): CodeIgniter\CodeIgniter->runController(Object(App\Controllers\Reception))
 6 SYSTEMPATH\CodeIgniter.php(354): CodeIgniter\CodeIgniter->handleRequest(null, Object(Config\Cache), false)
 7 SYSTEMPATH\Boot.php(363): CodeIgniter\CodeIgniter->run()
 8 SYSTEMPATH\Boot.php(68): CodeIgniter\Boot::runCodeIgniter(Object(CodeIgniter\CodeIgniter))
 9 FCPATH\index.php(59): CodeIgniter\Boot::bootWeb(Object(Config\Paths))
CRITICAL - 2025-10-28 17:07:17 --> [Caused by] CodeIgniter\Database\Exceptions\DatabaseException: Table 'hms.appointments' doesn't exist
in SYSTEMPATH\Database\MySQLi\Connection.php on line 332.
 1 SYSTEMPATH\Database\BaseConnection.php(729): CodeIgniter\Database\MySQLi\Connection->execute('SELECT `appointments`.*, `patients`.`full_name` as `patient_name`, `users`.`name` as `doctor_name`
FROM `appointments`
LEFT JOIN `patients` ON `patients`.`id` = `appointments`.`patient_id`
LEFT JOIN `users` ON `users`.`id` = `appointments`.`doctor_id`
WHERE `appointment_date` = \'2025-10-28\'
AND `appointments`.`status` != \'cancelled\'
ORDER BY `appointment_time` ASC')
 2 SYSTEMPATH\Database\BaseConnection.php(646): CodeIgniter\Database\BaseConnection->simpleQuery('SELECT `appointments`.*, `patients`.`full_name` as `patient_name`, `users`.`name` as `doctor_name`
FROM `appointments`
LEFT JOIN `patients` ON `patients`.`id` = `appointments`.`patient_id`
LEFT JOIN `users` ON `users`.`id` = `appointments`.`doctor_id`
WHERE `appointment_date` = \'2025-10-28\'
AND `appointments`.`status` != \'cancelled\'
ORDER BY `appointment_time` ASC')
 3 SYSTEMPATH\Database\BaseBuilder.php(1649): CodeIgniter\Database\BaseConnection->query('SELECT `appointments`.*, `patients`.`full_name` as `patient_name`, `users`.`name` as `doctor_name`
FROM `appointments`
LEFT JOIN `patients` ON `patients`.`id` = `appointments`.`patient_id`
LEFT JOIN `users` ON `users`.`id` = `appointments`.`doctor_id`
WHERE `appointment_date` = :appointment_date:
AND `appointments`.`status` != :appointments.status:
ORDER BY `appointment_time` ASC', [...], false)
 4 APPPATH\Models\AppointmentModel.php(96): CodeIgniter\Database\BaseBuilder->get()
 5 APPPATH\Controllers\Reception.php(206): App\Models\AppointmentModel->getAppointmentsByDate('2025-10-28')
 6 SYSTEMPATH\CodeIgniter.php(933): App\Controllers\Reception->appointments()
 7 SYSTEMPATH\CodeIgniter.php(507): CodeIgniter\CodeIgniter->runController(Object(App\Controllers\Reception))
 8 SYSTEMPATH\CodeIgniter.php(354): CodeIgniter\CodeIgniter->handleRequest(null, Object(Config\Cache), false)
 9 SYSTEMPATH\Boot.php(363): CodeIgniter\CodeIgniter->run()
10 SYSTEMPATH\Boot.php(68): CodeIgniter\Boot::runCodeIgniter(Object(CodeIgniter\CodeIgniter))
11 FCPATH\index.php(59): CodeIgniter\Boot::bootWeb(Object(Config\Paths))
CRITICAL - 2025-10-28 17:07:17 --> [Caused by] mysqli_sql_exception: Table 'hms.appointments' doesn't exist
in SYSTEMPATH\Database\MySQLi\Connection.php on line 327.
 1 SYSTEMPATH\Database\MySQLi\Connection.php(327): mysqli->query('SELECT `appointments`.*, `patients`.`full_name` as `patient_name`, `users`.`name` as `doctor_name`
FROM `appointments`
LEFT JOIN `patients` ON `patients`.`id` = `appointments`.`patient_id`
LEFT JOIN `users` ON `users`.`id` = `appointments`.`doctor_id`
WHERE `appointment_date` = \'2025-10-28\'
AND `appointments`.`status` != \'cancelled\'
ORDER BY `appointment_time` ASC', 0)
 2 SYSTEMPATH\Database\BaseConnection.php(729): CodeIgniter\Database\MySQLi\Connection->execute('SELECT `appointments`.*, `patients`.`full_name` as `patient_name`, `users`.`name` as `doctor_name`
FROM `appointments`
LEFT JOIN `patients` ON `patients`.`id` = `appointments`.`patient_id`
LEFT JOIN `users` ON `users`.`id` = `appointments`.`doctor_id`
WHERE `appointment_date` = \'2025-10-28\'
AND `appointments`.`status` != \'cancelled\'
ORDER BY `appointment_time` ASC')
 3 SYSTEMPATH\Database\BaseConnection.php(646): CodeIgniter\Database\BaseConnection->simpleQuery('SELECT `appointments`.*, `patients`.`full_name` as `patient_name`, `users`.`name` as `doctor_name`
FROM `appointments`
LEFT JOIN `patients` ON `patients`.`id` = `appointments`.`patient_id`
LEFT JOIN `users` ON `users`.`id` = `appointments`.`doctor_id`
WHERE `appointment_date` = \'2025-10-28\'
AND `appointments`.`status` != \'cancelled\'
ORDER BY `appointment_time` ASC')
 4 SYSTEMPATH\Database\BaseBuilder.php(1649): CodeIgniter\Database\BaseConnection->query('SELECT `appointments`.*, `patients`.`full_name` as `patient_name`, `users`.`name` as `doctor_name`
FROM `appointments`
LEFT JOIN `patients` ON `patients`.`id` = `appointments`.`patient_id`
LEFT JOIN `users` ON `users`.`id` = `appointments`.`doctor_id`
WHERE `appointment_date` = :appointment_date:
AND `appointments`.`status` != :appointments.status:
ORDER BY `appointment_time` ASC', [...], false)
 5 APPPATH\Models\AppointmentModel.php(96): CodeIgniter\Database\BaseBuilder->get()
 6 APPPATH\Controllers\Reception.php(206): App\Models\AppointmentModel->getAppointmentsByDate('2025-10-28')
 7 SYSTEMPATH\CodeIgniter.php(933): App\Controllers\Reception->appointments()
 8 SYSTEMPATH\CodeIgniter.php(507): CodeIgniter\CodeIgniter->runController(Object(App\Controllers\Reception))
 9 SYSTEMPATH\CodeIgniter.php(354): CodeIgniter\CodeIgniter->handleRequest(null, Object(Config\Cache), false)
10 SYSTEMPATH\Boot.php(363): CodeIgniter\CodeIgniter->run()
11 SYSTEMPATH\Boot.php(68): CodeIgniter\Boot::runCodeIgniter(Object(CodeIgniter\CodeIgniter))
12 FCPATH\index.php(59): CodeIgniter\Boot::bootWeb(Object(Config\Paths))
ERROR - 2025-10-28 17:07:19 --> mysqli_sql_exception: Table 'hms.rooms' doesn't exist in D:\JUL\xampp\htdocs\HMS\system\Database\MySQLi\Connection.php:327
Stack trace:
#0 D:\JUL\xampp\htdocs\HMS\system\Database\MySQLi\Connection.php(327): mysqli->query('SELECT *\nFROM `...', 0)
#1 D:\JUL\xampp\htdocs\HMS\system\Database\BaseConnection.php(729): CodeIgniter\Database\MySQLi\Connection->execute('SELECT *\nFROM `...')
#2 D:\JUL\xampp\htdocs\HMS\system\Database\BaseConnection.php(646): CodeIgniter\Database\BaseConnection->simpleQuery('SELECT *\nFROM `...')
#3 D:\JUL\xampp\htdocs\HMS\system\Database\BaseBuilder.php(1649): CodeIgniter\Database\BaseConnection->query('SELECT *\nFROM `...', Array, false)
#4 D:\JUL\xampp\htdocs\HMS\app\Models\RoomModel.php(36): CodeIgniter\Database\BaseBuilder->get()
#5 D:\JUL\xampp\htdocs\HMS\app\Models\RoomModel.php(42): App\Models\RoomModel->getAvailableRooms('inpatient')
#6 D:\JUL\xampp\htdocs\HMS\app\Controllers\Reception.php(36): App\Models\RoomModel->getInpatientRooms()
#7 D:\JUL\xampp\htdocs\HMS\system\CodeIgniter.php(933): App\Controllers\Reception->patients()
#8 D:\JUL\xampp\htdocs\HMS\system\CodeIgniter.php(507): CodeIgniter\CodeIgniter->runController(Object(App\Controllers\Reception))
#9 D:\JUL\xampp\htdocs\HMS\system\CodeIgniter.php(354): CodeIgniter\CodeIgniter->handleRequest(NULL, Object(Config\Cache), false)
#10 D:\JUL\xampp\htdocs\HMS\system\Boot.php(363): CodeIgniter\CodeIgniter->run()
#11 D:\JUL\xampp\htdocs\HMS\system\Boot.php(68): CodeIgniter\Boot::runCodeIgniter(Object(CodeIgniter\CodeIgniter))
#12 D:\JUL\xampp\htdocs\HMS\index.php(59): CodeIgniter\Boot::bootWeb(Object(Config\Paths))
#13 {main}
CRITICAL - 2025-10-28 17:07:19 --> CodeIgniter\Database\Exceptions\DatabaseException: Table 'hms.rooms' doesn't exist
[Method: GET, Route: reception/patients]
in SYSTEMPATH\Database\BaseConnection.php on line 684.
 1 SYSTEMPATH\Database\BaseBuilder.php(1649): CodeIgniter\Database\BaseConnection->query('SELECT *
FROM `rooms`
WHERE `room_type` = :room_type:
AND `is_available` = :is_available:
AND current_occupancy < :current_occupancy:
ORDER BY `room_number` ASC', [...], false)
 2 APPPATH\Models\RoomModel.php(36): CodeIgniter\Database\BaseBuilder->get()
 3 APPPATH\Models\RoomModel.php(42): App\Models\RoomModel->getAvailableRooms('inpatient')
 4 APPPATH\Controllers\Reception.php(36): App\Models\RoomModel->getInpatientRooms()
 5 SYSTEMPATH\CodeIgniter.php(933): App\Controllers\Reception->patients()
 6 SYSTEMPATH\CodeIgniter.php(507): CodeIgniter\CodeIgniter->runController(Object(App\Controllers\Reception))
 7 SYSTEMPATH\CodeIgniter.php(354): CodeIgniter\CodeIgniter->handleRequest(null, Object(Config\Cache), false)
 8 SYSTEMPATH\Boot.php(363): CodeIgniter\CodeIgniter->run()
 9 SYSTEMPATH\Boot.php(68): CodeIgniter\Boot::runCodeIgniter(Object(CodeIgniter\CodeIgniter))
10 FCPATH\index.php(59): CodeIgniter\Boot::bootWeb(Object(Config\Paths))
CRITICAL - 2025-10-28 17:07:19 --> [Caused by] CodeIgniter\Database\Exceptions\DatabaseException: Table 'hms.rooms' doesn't exist
in SYSTEMPATH\Database\MySQLi\Connection.php on line 332.
 1 SYSTEMPATH\Database\BaseConnection.php(729): CodeIgniter\Database\MySQLi\Connection->execute('SELECT *
FROM `rooms`
WHERE `room_type` = \'inpatient\'
AND `is_available` = 1
AND current_occupancy < capacity
ORDER BY `room_number` ASC')
 2 SYSTEMPATH\Database\BaseConnection.php(646): CodeIgniter\Database\BaseConnection->simpleQuery('SELECT *
FROM `rooms`
WHERE `room_type` = \'inpatient\'
AND `is_available` = 1
AND current_occupancy < capacity
ORDER BY `room_number` ASC')
 3 SYSTEMPATH\Database\BaseBuilder.php(1649): CodeIgniter\Database\BaseConnection->query('SELECT *
FROM `rooms`
WHERE `room_type` = :room_type:
AND `is_available` = :is_available:
AND current_occupancy < :current_occupancy:
ORDER BY `room_number` ASC', [...], false)
 4 APPPATH\Models\RoomModel.php(36): CodeIgniter\Database\BaseBuilder->get()
 5 APPPATH\Models\RoomModel.php(42): App\Models\RoomModel->getAvailableRooms('inpatient')
 6 APPPATH\Controllers\Reception.php(36): App\Models\RoomModel->getInpatientRooms()
 7 SYSTEMPATH\CodeIgniter.php(933): App\Controllers\Reception->patients()
 8 SYSTEMPATH\CodeIgniter.php(507): CodeIgniter\CodeIgniter->runController(Object(App\Controllers\Reception))
 9 SYSTEMPATH\CodeIgniter.php(354): CodeIgniter\CodeIgniter->handleRequest(null, Object(Config\Cache), false)
10 SYSTEMPATH\Boot.php(363): CodeIgniter\CodeIgniter->run()
11 SYSTEMPATH\Boot.php(68): CodeIgniter\Boot::runCodeIgniter(Object(CodeIgniter\CodeIgniter))
12 FCPATH\index.php(59): CodeIgniter\Boot::bootWeb(Object(Config\Paths))
CRITICAL - 2025-10-28 17:07:19 --> [Caused by] mysqli_sql_exception: Table 'hms.rooms' doesn't exist
in SYSTEMPATH\Database\MySQLi\Connection.php on line 327.
 1 SYSTEMPATH\Database\MySQLi\Connection.php(327): mysqli->query('SELECT *
FROM `rooms`
WHERE `room_type` = \'inpatient\'
AND `is_available` = 1
AND current_occupancy < capacity
ORDER BY `room_number` ASC', 0)
 2 SYSTEMPATH\Database\BaseConnection.php(729): CodeIgniter\Database\MySQLi\Connection->execute('SELECT *
FROM `rooms`
WHERE `room_type` = \'inpatient\'
AND `is_available` = 1
AND current_occupancy < capacity
ORDER BY `room_number` ASC')
 3 SYSTEMPATH\Database\BaseConnection.php(646): CodeIgniter\Database\BaseConnection->simpleQuery('SELECT *
FROM `rooms`
WHERE `room_type` = \'inpatient\'
AND `is_available` = 1
AND current_occupancy < capacity
ORDER BY `room_number` ASC')
 4 SYSTEMPATH\Database\BaseBuilder.php(1649): CodeIgniter\Database\BaseConnection->query('SELECT *
FROM `rooms`
WHERE `room_type` = :room_type:
AND `is_available` = :is_available:
AND current_occupancy < :current_occupancy:
ORDER BY `room_number` ASC', [...], false)
 5 APPPATH\Models\RoomModel.php(36): CodeIgniter\Database\BaseBuilder->get()
 6 APPPATH\Models\RoomModel.php(42): App\Models\RoomModel->getAvailableRooms('inpatient')
 7 APPPATH\Controllers\Reception.php(36): App\Models\RoomModel->getInpatientRooms()
 8 SYSTEMPATH\CodeIgniter.php(933): App\Controllers\Reception->patients()
 9 SYSTEMPATH\CodeIgniter.php(507): CodeIgniter\CodeIgniter->runController(Object(App\Controllers\Reception))
10 SYSTEMPATH\CodeIgniter.php(354): CodeIgniter\CodeIgniter->handleRequest(null, Object(Config\Cache), false)
11 SYSTEMPATH\Boot.php(363): CodeIgniter\CodeIgniter->run()
12 SYSTEMPATH\Boot.php(68): CodeIgniter\Boot::runCodeIgniter(Object(CodeIgniter\CodeIgniter))
13 FCPATH\index.php(59): CodeIgniter\Boot::bootWeb(Object(Config\Paths))
ERROR - 2025-10-28 17:07:21 --> mysqli_sql_exception: Table 'hms.rooms' doesn't exist in D:\JUL\xampp\htdocs\HMS\system\Database\MySQLi\Connection.php:327
Stack trace:
#0 D:\JUL\xampp\htdocs\HMS\system\Database\MySQLi\Connection.php(327): mysqli->query('SELECT *\nFROM `...', 0)
#1 D:\JUL\xampp\htdocs\HMS\system\Database\BaseConnection.php(729): CodeIgniter\Database\MySQLi\Connection->execute('SELECT *\nFROM `...')
#2 D:\JUL\xampp\htdocs\HMS\system\Database\BaseConnection.php(646): CodeIgniter\Database\BaseConnection->simpleQuery('SELECT *\nFROM `...')
#3 D:\JUL\xampp\htdocs\HMS\system\Database\BaseBuilder.php(1649): CodeIgniter\Database\BaseConnection->query('SELECT *\nFROM `...', Array, false)
#4 D:\JUL\xampp\htdocs\HMS\app\Models\RoomModel.php(36): CodeIgniter\Database\BaseBuilder->get()
#5 D:\JUL\xampp\htdocs\HMS\app\Models\RoomModel.php(42): App\Models\RoomModel->getAvailableRooms('inpatient')
#6 D:\JUL\xampp\htdocs\HMS\app\Controllers\Reception.php(36): App\Models\RoomModel->getInpatientRooms()
#7 D:\JUL\xampp\htdocs\HMS\system\CodeIgniter.php(933): App\Controllers\Reception->patients()
#8 D:\JUL\xampp\htdocs\HMS\system\CodeIgniter.php(507): CodeIgniter\CodeIgniter->runController(Object(App\Controllers\Reception))
#9 D:\JUL\xampp\htdocs\HMS\system\CodeIgniter.php(354): CodeIgniter\CodeIgniter->handleRequest(NULL, Object(Config\Cache), false)
#10 D:\JUL\xampp\htdocs\HMS\system\Boot.php(363): CodeIgniter\CodeIgniter->run()
#11 D:\JUL\xampp\htdocs\HMS\system\Boot.php(68): CodeIgniter\Boot::runCodeIgniter(Object(CodeIgniter\CodeIgniter))
#12 D:\JUL\xampp\htdocs\HMS\index.php(59): CodeIgniter\Boot::bootWeb(Object(Config\Paths))
#13 {main}
CRITICAL - 2025-10-28 17:07:21 --> CodeIgniter\Database\Exceptions\DatabaseException: Table 'hms.rooms' doesn't exist
[Method: GET, Route: reception/patients]
in SYSTEMPATH\Database\BaseConnection.php on line 684.
 1 SYSTEMPATH\Database\BaseBuilder.php(1649): CodeIgniter\Database\BaseConnection->query('SELECT *
FROM `rooms`
WHERE `room_type` = :room_type:
AND `is_available` = :is_available:
AND current_occupancy < :current_occupancy:
ORDER BY `room_number` ASC', [...], false)
 2 APPPATH\Models\RoomModel.php(36): CodeIgniter\Database\BaseBuilder->get()
 3 APPPATH\Models\RoomModel.php(42): App\Models\RoomModel->getAvailableRooms('inpatient')
 4 APPPATH\Controllers\Reception.php(36): App\Models\RoomModel->getInpatientRooms()
 5 SYSTEMPATH\CodeIgniter.php(933): App\Controllers\Reception->patients()
 6 SYSTEMPATH\CodeIgniter.php(507): CodeIgniter\CodeIgniter->runController(Object(App\Controllers\Reception))
 7 SYSTEMPATH\CodeIgniter.php(354): CodeIgniter\CodeIgniter->handleRequest(null, Object(Config\Cache), false)
 8 SYSTEMPATH\Boot.php(363): CodeIgniter\CodeIgniter->run()
 9 SYSTEMPATH\Boot.php(68): CodeIgniter\Boot::runCodeIgniter(Object(CodeIgniter\CodeIgniter))
10 FCPATH\index.php(59): CodeIgniter\Boot::bootWeb(Object(Config\Paths))
CRITICAL - 2025-10-28 17:07:21 --> [Caused by] CodeIgniter\Database\Exceptions\DatabaseException: Table 'hms.rooms' doesn't exist
in SYSTEMPATH\Database\MySQLi\Connection.php on line 332.
 1 SYSTEMPATH\Database\BaseConnection.php(729): CodeIgniter\Database\MySQLi\Connection->execute('SELECT *
FROM `rooms`
WHERE `room_type` = \'inpatient\'
AND `is_available` = 1
AND current_occupancy < capacity
ORDER BY `room_number` ASC')
 2 SYSTEMPATH\Database\BaseConnection.php(646): CodeIgniter\Database\BaseConnection->simpleQuery('SELECT *
FROM `rooms`
WHERE `room_type` = \'inpatient\'
AND `is_available` = 1
AND current_occupancy < capacity
ORDER BY `room_number` ASC')
 3 SYSTEMPATH\Database\BaseBuilder.php(1649): CodeIgniter\Database\BaseConnection->query('SELECT *
FROM `rooms`
WHERE `room_type` = :room_type:
AND `is_available` = :is_available:
AND current_occupancy < :current_occupancy:
ORDER BY `room_number` ASC', [...], false)
 4 APPPATH\Models\RoomModel.php(36): CodeIgniter\Database\BaseBuilder->get()
 5 APPPATH\Models\RoomModel.php(42): App\Models\RoomModel->getAvailableRooms('inpatient')
 6 APPPATH\Controllers\Reception.php(36): App\Models\RoomModel->getInpatientRooms()
 7 SYSTEMPATH\CodeIgniter.php(933): App\Controllers\Reception->patients()
 8 SYSTEMPATH\CodeIgniter.php(507): CodeIgniter\CodeIgniter->runController(Object(App\Controllers\Reception))
 9 SYSTEMPATH\CodeIgniter.php(354): CodeIgniter\CodeIgniter->handleRequest(null, Object(Config\Cache), false)
10 SYSTEMPATH\Boot.php(363): CodeIgniter\CodeIgniter->run()
11 SYSTEMPATH\Boot.php(68): CodeIgniter\Boot::runCodeIgniter(Object(CodeIgniter\CodeIgniter))
12 FCPATH\index.php(59): CodeIgniter\Boot::bootWeb(Object(Config\Paths))
CRITICAL - 2025-10-28 17:07:21 --> [Caused by] mysqli_sql_exception: Table 'hms.rooms' doesn't exist
in SYSTEMPATH\Database\MySQLi\Connection.php on line 327.
 1 SYSTEMPATH\Database\MySQLi\Connection.php(327): mysqli->query('SELECT *
FROM `rooms`
WHERE `room_type` = \'inpatient\'
AND `is_available` = 1
AND current_occupancy < capacity
ORDER BY `room_number` ASC', 0)
 2 SYSTEMPATH\Database\BaseConnection.php(729): CodeIgniter\Database\MySQLi\Connection->execute('SELECT *
FROM `rooms`
WHERE `room_type` = \'inpatient\'
AND `is_available` = 1
AND current_occupancy < capacity
ORDER BY `room_number` ASC')
 3 SYSTEMPATH\Database\BaseConnection.php(646): CodeIgniter\Database\BaseConnection->simpleQuery('SELECT *
FROM `rooms`
WHERE `room_type` = \'inpatient\'
AND `is_available` = 1
AND current_occupancy < capacity
ORDER BY `room_number` ASC')
 4 SYSTEMPATH\Database\BaseBuilder.php(1649): CodeIgniter\Database\BaseConnection->query('SELECT *
FROM `rooms`
WHERE `room_type` = :room_type:
AND `is_available` = :is_available:
AND current_occupancy < :current_occupancy:
ORDER BY `room_number` ASC', [...], false)
 5 APPPATH\Models\RoomModel.php(36): CodeIgniter\Database\BaseBuilder->get()
 6 APPPATH\Models\RoomModel.php(42): App\Models\RoomModel->getAvailableRooms('inpatient')
 7 APPPATH\Controllers\Reception.php(36): App\Models\RoomModel->getInpatientRooms()
 8 SYSTEMPATH\CodeIgniter.php(933): App\Controllers\Reception->patients()
 9 SYSTEMPATH\CodeIgniter.php(507): CodeIgniter\CodeIgniter->runController(Object(App\Controllers\Reception))
10 SYSTEMPATH\CodeIgniter.php(354): CodeIgniter\CodeIgniter->handleRequest(null, Object(Config\Cache), false)
11 SYSTEMPATH\Boot.php(363): CodeIgniter\CodeIgniter->run()
12 SYSTEMPATH\Boot.php(68): CodeIgniter\Boot::runCodeIgniter(Object(CodeIgniter\CodeIgniter))
13 FCPATH\index.php(59): CodeIgniter\Boot::bootWeb(Object(Config\Paths))
ERROR - 2025-10-28 17:07:28 --> mysqli_sql_exception: Table 'hms.rooms' doesn't exist in D:\JUL\xampp\htdocs\HMS\system\Database\MySQLi\Connection.php:327
Stack trace:
#0 D:\JUL\xampp\htdocs\HMS\system\Database\MySQLi\Connection.php(327): mysqli->query('SELECT *\nFROM `...', 0)
#1 D:\JUL\xampp\htdocs\HMS\system\Database\BaseConnection.php(729): CodeIgniter\Database\MySQLi\Connection->execute('SELECT *\nFROM `...')
#2 D:\JUL\xampp\htdocs\HMS\system\Database\BaseConnection.php(646): CodeIgniter\Database\BaseConnection->simpleQuery('SELECT *\nFROM `...')
#3 D:\JUL\xampp\htdocs\HMS\system\Database\BaseBuilder.php(1649): CodeIgniter\Database\BaseConnection->query('SELECT *\nFROM `...', Array, false)
#4 D:\JUL\xampp\htdocs\HMS\app\Models\RoomModel.php(36): CodeIgniter\Database\BaseBuilder->get()
#5 D:\JUL\xampp\htdocs\HMS\app\Models\RoomModel.php(42): App\Models\RoomModel->getAvailableRooms('inpatient')
#6 D:\JUL\xampp\htdocs\HMS\app\Controllers\Reception.php(36): App\Models\RoomModel->getInpatientRooms()
#7 D:\JUL\xampp\htdocs\HMS\system\CodeIgniter.php(933): App\Controllers\Reception->patients()
#8 D:\JUL\xampp\htdocs\HMS\system\CodeIgniter.php(507): CodeIgniter\CodeIgniter->runController(Object(App\Controllers\Reception))
#9 D:\JUL\xampp\htdocs\HMS\system\CodeIgniter.php(354): CodeIgniter\CodeIgniter->handleRequest(NULL, Object(Config\Cache), false)
#10 D:\JUL\xampp\htdocs\HMS\system\Boot.php(363): CodeIgniter\CodeIgniter->run()
#11 D:\JUL\xampp\htdocs\HMS\system\Boot.php(68): CodeIgniter\Boot::runCodeIgniter(Object(CodeIgniter\CodeIgniter))
#12 D:\JUL\xampp\htdocs\HMS\index.php(59): CodeIgniter\Boot::bootWeb(Object(Config\Paths))
#13 {main}
CRITICAL - 2025-10-28 17:07:28 --> CodeIgniter\Database\Exceptions\DatabaseException: Table 'hms.rooms' doesn't exist
[Method: GET, Route: reception/patients]
in SYSTEMPATH\Database\BaseConnection.php on line 684.
 1 SYSTEMPATH\Database\BaseBuilder.php(1649): CodeIgniter\Database\BaseConnection->query('SELECT *
FROM `rooms`
WHERE `room_type` = :room_type:
AND `is_available` = :is_available:
AND current_occupancy < :current_occupancy:
ORDER BY `room_number` ASC', [...], false)
 2 APPPATH\Models\RoomModel.php(36): CodeIgniter\Database\BaseBuilder->get()
 3 APPPATH\Models\RoomModel.php(42): App\Models\RoomModel->getAvailableRooms('inpatient')
 4 APPPATH\Controllers\Reception.php(36): App\Models\RoomModel->getInpatientRooms()
 5 SYSTEMPATH\CodeIgniter.php(933): App\Controllers\Reception->patients()
 6 SYSTEMPATH\CodeIgniter.php(507): CodeIgniter\CodeIgniter->runController(Object(App\Controllers\Reception))
 7 SYSTEMPATH\CodeIgniter.php(354): CodeIgniter\CodeIgniter->handleRequest(null, Object(Config\Cache), false)
 8 SYSTEMPATH\Boot.php(363): CodeIgniter\CodeIgniter->run()
 9 SYSTEMPATH\Boot.php(68): CodeIgniter\Boot::runCodeIgniter(Object(CodeIgniter\CodeIgniter))
10 FCPATH\index.php(59): CodeIgniter\Boot::bootWeb(Object(Config\Paths))
CRITICAL - 2025-10-28 17:07:28 --> [Caused by] CodeIgniter\Database\Exceptions\DatabaseException: Table 'hms.rooms' doesn't exist
in SYSTEMPATH\Database\MySQLi\Connection.php on line 332.
 1 SYSTEMPATH\Database\BaseConnection.php(729): CodeIgniter\Database\MySQLi\Connection->execute('SELECT *
FROM `rooms`
WHERE `room_type` = \'inpatient\'
AND `is_available` = 1
AND current_occupancy < capacity
ORDER BY `room_number` ASC')
 2 SYSTEMPATH\Database\BaseConnection.php(646): CodeIgniter\Database\BaseConnection->simpleQuery('SELECT *
FROM `rooms`
WHERE `room_type` = \'inpatient\'
AND `is_available` = 1
AND current_occupancy < capacity
ORDER BY `room_number` ASC')
 3 SYSTEMPATH\Database\BaseBuilder.php(1649): CodeIgniter\Database\BaseConnection->query('SELECT *
FROM `rooms`
WHERE `room_type` = :room_type:
AND `is_available` = :is_available:
AND current_occupancy < :current_occupancy:
ORDER BY `room_number` ASC', [...], false)
 4 APPPATH\Models\RoomModel.php(36): CodeIgniter\Database\BaseBuilder->get()
 5 APPPATH\Models\RoomModel.php(42): App\Models\RoomModel->getAvailableRooms('inpatient')
 6 APPPATH\Controllers\Reception.php(36): App\Models\RoomModel->getInpatientRooms()
 7 SYSTEMPATH\CodeIgniter.php(933): App\Controllers\Reception->patients()
 8 SYSTEMPATH\CodeIgniter.php(507): CodeIgniter\CodeIgniter->runController(Object(App\Controllers\Reception))
 9 SYSTEMPATH\CodeIgniter.php(354): CodeIgniter\CodeIgniter->handleRequest(null, Object(Config\Cache), false)
10 SYSTEMPATH\Boot.php(363): CodeIgniter\CodeIgniter->run()
11 SYSTEMPATH\Boot.php(68): CodeIgniter\Boot::runCodeIgniter(Object(CodeIgniter\CodeIgniter))
12 FCPATH\index.php(59): CodeIgniter\Boot::bootWeb(Object(Config\Paths))
CRITICAL - 2025-10-28 17:07:28 --> [Caused by] mysqli_sql_exception: Table 'hms.rooms' doesn't exist
in SYSTEMPATH\Database\MySQLi\Connection.php on line 327.
 1 SYSTEMPATH\Database\MySQLi\Connection.php(327): mysqli->query('SELECT *
FROM `rooms`
WHERE `room_type` = \'inpatient\'
AND `is_available` = 1
AND current_occupancy < capacity
ORDER BY `room_number` ASC', 0)
 2 SYSTEMPATH\Database\BaseConnection.php(729): CodeIgniter\Database\MySQLi\Connection->execute('SELECT *
FROM `rooms`
WHERE `room_type` = \'inpatient\'
AND `is_available` = 1
AND current_occupancy < capacity
ORDER BY `room_number` ASC')
 3 SYSTEMPATH\Database\BaseConnection.php(646): CodeIgniter\Database\BaseConnection->simpleQuery('SELECT *
FROM `rooms`
WHERE `room_type` = \'inpatient\'
AND `is_available` = 1
AND current_occupancy < capacity
ORDER BY `room_number` ASC')
 4 SYSTEMPATH\Database\BaseBuilder.php(1649): CodeIgniter\Database\BaseConnection->query('SELECT *
FROM `rooms`
WHERE `room_type` = :room_type:
AND `is_available` = :is_available:
AND current_occupancy < :current_occupancy:
ORDER BY `room_number` ASC', [...], false)
 5 APPPATH\Models\RoomModel.php(36): CodeIgniter\Database\BaseBuilder->get()
 6 APPPATH\Models\RoomModel.php(42): App\Models\RoomModel->getAvailableRooms('inpatient')
 7 APPPATH\Controllers\Reception.php(36): App\Models\RoomModel->getInpatientRooms()
 8 SYSTEMPATH\CodeIgniter.php(933): App\Controllers\Reception->patients()
 9 SYSTEMPATH\CodeIgniter.php(507): CodeIgniter\CodeIgniter->runController(Object(App\Controllers\Reception))
10 SYSTEMPATH\CodeIgniter.php(354): CodeIgniter\CodeIgniter->handleRequest(null, Object(Config\Cache), false)
11 SYSTEMPATH\Boot.php(363): CodeIgniter\CodeIgniter->run()
12 SYSTEMPATH\Boot.php(68): CodeIgniter\Boot::runCodeIgniter(Object(CodeIgniter\CodeIgniter))
13 FCPATH\index.php(59): CodeIgniter\Boot::bootWeb(Object(Config\Paths))
CRITICAL - 2025-10-28 17:41:10 --> ErrorException: Cannot redeclare App\Controllers\Reception::$bloodTypes
[Method: GET, Route: reception/appointments]
in APPPATH\Controllers\Reception.php on line 312.
 1 [internal function]: CodeIgniter\Debug\Exceptions->shutdownHandler()
CRITICAL - 2025-10-28 17:41:14 --> ErrorException: Cannot redeclare App\Controllers\Reception::$bloodTypes
[Method: GET, Route: reception/appointments]
in APPPATH\Controllers\Reception.php on line 312.
 1 [internal function]: CodeIgniter\Debug\Exceptions->shutdownHandler()
CRITICAL - 2025-10-28 17:41:15 --> ErrorException: Cannot redeclare App\Controllers\Reception::$bloodTypes
[Method: GET, Route: reception/patients]
in APPPATH\Controllers\Reception.php on line 312.
 1 [internal function]: CodeIgniter\Debug\Exceptions->shutdownHandler()
CRITICAL - 2025-10-28 17:41:23 --> ErrorException: Cannot redeclare App\Controllers\Reception::$bloodTypes
[Method: GET, Route: reception/checkin]
in APPPATH\Controllers\Reception.php on line 312.
 1 [internal function]: CodeIgniter\Debug\Exceptions->shutdownHandler()
CRITICAL - 2025-10-28 17:41:24 --> ErrorException: Cannot redeclare App\Controllers\Reception::$bloodTypes
[Method: GET, Route: reception/appointments]
in APPPATH\Controllers\Reception.php on line 312.
 1 [internal function]: CodeIgniter\Debug\Exceptions->shutdownHandler()
CRITICAL - 2025-10-28 17:41:27 --> ErrorException: Cannot redeclare App\Controllers\Reception::$bloodTypes
[Method: GET, Route: reception/patients]
in APPPATH\Controllers\Reception.php on line 312.
 1 [internal function]: CodeIgniter\Debug\Exceptions->shutdownHandler()
CRITICAL - 2025-10-28 17:41:29 --> ErrorException: Cannot redeclare App\Controllers\Reception::$bloodTypes
[Method: GET, Route: reception/schedule]
in APPPATH\Controllers\Reception.php on line 312.
 1 [internal function]: CodeIgniter\Debug\Exceptions->shutdownHandler()
