ERROR - 2025-10-06 14:00:57 --> mysqli_sql_exception: Table 'hms.patients' doesn't exist in C:\xampp\htdocs\HMS\system\Database\MySQLi\Connection.php:327
Stack trace:
#0 C:\xampp\htdocs\HMS\system\Database\MySQLi\Connection.php(327): mysqli->query('INSERT INTO `pa...', 0)
#1 C:\xampp\htdocs\HMS\system\Database\BaseConnection.php(729): CodeIgniter\Database\MySQLi\Connection->execute('INSERT INTO `pa...')
#2 C:\xampp\htdocs\HMS\system\Database\BaseConnection.php(646): CodeIgniter\Database\BaseConnection->simpleQuery('INSERT INTO `pa...')
#3 C:\xampp\htdocs\HMS\system\Database\BaseBuilder.php(2345): CodeIgniter\Database\BaseConnection->query('INSERT INTO `pa...', Array, false)
#4 C:\xampp\htdocs\HMS\app\Controllers\Admin\Patients.php(51): CodeIgniter\Database\BaseBuilder->insert(Array)
#5 C:\xampp\htdocs\HMS\system\CodeIgniter.php(933): App\Controllers\Admin\Patients->create()
#6 C:\xampp\htdocs\HMS\system\CodeIgniter.php(507): CodeIgniter\CodeIgniter->runController(Object(App\Controllers\Admin\Patients))
#7 C:\xampp\htdocs\HMS\system\CodeIgniter.php(354): CodeIgniter\CodeIgniter->handleRequest(NULL, Object(Config\Cache), false)
#8 C:\xampp\htdocs\HMS\system\Boot.php(363): CodeIgniter\CodeIgniter->run()
#9 C:\xampp\htdocs\HMS\system\Boot.php(68): CodeIgniter\Boot::runCodeIgniter(Object(CodeIgniter\CodeIgniter))
#10 C:\xampp\htdocs\HMS\index.php(59): CodeIgniter\Boot::bootWeb(Object(Config\Paths))
#11 {main}
CRITICAL - 2025-10-06 14:00:57 --> CodeIgniter\Database\Exceptions\DatabaseException: Table 'hms.patients' doesn't exist
[Method: POST, Route: admin/patients/create]
in SYSTEMPATH\Database\BaseConnection.php on line 684.
 1 SYSTEMPATH\Database\BaseBuilder.php(2345): CodeIgniter\Database\BaseConnection->query('INSERT INTO `patients` (`full_name`, `age`, `gender`, `civil_status`, `contact`, `address`, `concern`, `created_at`) VALUES (:full_name:, :age:, :gender:, :civil_status:, :contact:, :address:, :concern:, :created_at:)', [...], false)
 2 APPPATH\Controllers\Admin\Patients.php(51): CodeIgniter\Database\BaseBuilder->insert([...])
 3 SYSTEMPATH\CodeIgniter.php(933): App\Controllers\Admin\Patients->create()
 4 SYSTEMPATH\CodeIgniter.php(507): CodeIgniter\CodeIgniter->runController(Object(App\Controllers\Admin\Patients))
 5 SYSTEMPATH\CodeIgniter.php(354): CodeIgniter\CodeIgniter->handleRequest(null, Object(Config\Cache), false)
 6 SYSTEMPATH\Boot.php(363): CodeIgniter\CodeIgniter->run()
 7 SYSTEMPATH\Boot.php(68): CodeIgniter\Boot::runCodeIgniter(Object(CodeIgniter\CodeIgniter))
 8 FCPATH\index.php(59): CodeIgniter\Boot::bootWeb(Object(Config\Paths))
CRITICAL - 2025-10-06 14:00:57 --> [Caused by] CodeIgniter\Database\Exceptions\DatabaseException: Table 'hms.patients' doesn't exist
in SYSTEMPATH\Database\MySQLi\Connection.php on line 332.
 1 SYSTEMPATH\Database\BaseConnection.php(729): CodeIgniter\Database\MySQLi\Connection->execute('INSERT INTO `patients` (`full_name`, `age`, `gender`, `civil_status`, `contact`, `address`, `concern`, `created_at`) VALUES (\'fahad alalawi\', 20, \'Male\', \'Single\', \'09551168026\', \'Lagao\', \'wala\', \'2025-10-06 14:00:57\')')
 2 SYSTEMPATH\Database\BaseConnection.php(646): CodeIgniter\Database\BaseConnection->simpleQuery('INSERT INTO `patients` (`full_name`, `age`, `gender`, `civil_status`, `contact`, `address`, `concern`, `created_at`) VALUES (\'fahad alalawi\', 20, \'Male\', \'Single\', \'09551168026\', \'Lagao\', \'wala\', \'2025-10-06 14:00:57\')')
 3 SYSTEMPATH\Database\BaseBuilder.php(2345): CodeIgniter\Database\BaseConnection->query('INSERT INTO `patients` (`full_name`, `age`, `gender`, `civil_status`, `contact`, `address`, `concern`, `created_at`) VALUES (:full_name:, :age:, :gender:, :civil_status:, :contact:, :address:, :concern:, :created_at:)', [...], false)
 4 APPPATH\Controllers\Admin\Patients.php(51): CodeIgniter\Database\BaseBuilder->insert([...])
 5 SYSTEMPATH\CodeIgniter.php(933): App\Controllers\Admin\Patients->create()
 6 SYSTEMPATH\CodeIgniter.php(507): CodeIgniter\CodeIgniter->runController(Object(App\Controllers\Admin\Patients))
 7 SYSTEMPATH\CodeIgniter.php(354): CodeIgniter\CodeIgniter->handleRequest(null, Object(Config\Cache), false)
 8 SYSTEMPATH\Boot.php(363): CodeIgniter\CodeIgniter->run()
 9 SYSTEMPATH\Boot.php(68): CodeIgniter\Boot::runCodeIgniter(Object(CodeIgniter\CodeIgniter))
10 FCPATH\index.php(59): CodeIgniter\Boot::bootWeb(Object(Config\Paths))
CRITICAL - 2025-10-06 14:00:57 --> [Caused by] mysqli_sql_exception: Table 'hms.patients' doesn't exist
in SYSTEMPATH\Database\MySQLi\Connection.php on line 327.
 1 SYSTEMPATH\Database\MySQLi\Connection.php(327): mysqli->query('INSERT INTO `patients` (`full_name`, `age`, `gender`, `civil_status`, `contact`, `address`, `concern`, `created_at`) VALUES (\'fahad alalawi\', 20, \'Male\', \'Single\', \'09551168026\', \'Lagao\', \'wala\', \'2025-10-06 14:00:57\')', 0)
 2 SYSTEMPATH\Database\BaseConnection.php(729): CodeIgniter\Database\MySQLi\Connection->execute('INSERT INTO `patients` (`full_name`, `age`, `gender`, `civil_status`, `contact`, `address`, `concern`, `created_at`) VALUES (\'fahad alalawi\', 20, \'Male\', \'Single\', \'09551168026\', \'Lagao\', \'wala\', \'2025-10-06 14:00:57\')')
 3 SYSTEMPATH\Database\BaseConnection.php(646): CodeIgniter\Database\BaseConnection->simpleQuery('INSERT INTO `patients` (`full_name`, `age`, `gender`, `civil_status`, `contact`, `address`, `concern`, `created_at`) VALUES (\'fahad alalawi\', 20, \'Male\', \'Single\', \'09551168026\', \'Lagao\', \'wala\', \'2025-10-06 14:00:57\')')
 4 SYSTEMPATH\Database\BaseBuilder.php(2345): CodeIgniter\Database\BaseConnection->query('INSERT INTO `patients` (`full_name`, `age`, `gender`, `civil_status`, `contact`, `address`, `concern`, `created_at`) VALUES (:full_name:, :age:, :gender:, :civil_status:, :contact:, :address:, :concern:, :created_at:)', [...], false)
 5 APPPATH\Controllers\Admin\Patients.php(51): CodeIgniter\Database\BaseBuilder->insert([...])
 6 SYSTEMPATH\CodeIgniter.php(933): App\Controllers\Admin\Patients->create()
 7 SYSTEMPATH\CodeIgniter.php(507): CodeIgniter\CodeIgniter->runController(Object(App\Controllers\Admin\Patients))
 8 SYSTEMPATH\CodeIgniter.php(354): CodeIgniter\CodeIgniter->handleRequest(null, Object(Config\Cache), false)
 9 SYSTEMPATH\Boot.php(363): CodeIgniter\CodeIgniter->run()
10 SYSTEMPATH\Boot.php(68): CodeIgniter\Boot::runCodeIgniter(Object(CodeIgniter\CodeIgniter))
11 FCPATH\index.php(59): CodeIgniter\Boot::bootWeb(Object(Config\Paths))
ERROR - 2025-10-06 14:01:00 --> mysqli_sql_exception: Table 'hms.patients' doesn't exist in C:\xampp\htdocs\HMS\system\Database\MySQLi\Connection.php:327
Stack trace:
#0 C:\xampp\htdocs\HMS\system\Database\MySQLi\Connection.php(327): mysqli->query('INSERT INTO `pa...', 0)
#1 C:\xampp\htdocs\HMS\system\Database\BaseConnection.php(729): CodeIgniter\Database\MySQLi\Connection->execute('INSERT INTO `pa...')
#2 C:\xampp\htdocs\HMS\system\Database\BaseConnection.php(646): CodeIgniter\Database\BaseConnection->simpleQuery('INSERT INTO `pa...')
#3 C:\xampp\htdocs\HMS\system\Database\BaseBuilder.php(2345): CodeIgniter\Database\BaseConnection->query('INSERT INTO `pa...', Array, false)
#4 C:\xampp\htdocs\HMS\app\Controllers\Admin\Patients.php(51): CodeIgniter\Database\BaseBuilder->insert(Array)
#5 C:\xampp\htdocs\HMS\system\CodeIgniter.php(933): App\Controllers\Admin\Patients->create()
#6 C:\xampp\htdocs\HMS\system\CodeIgniter.php(507): CodeIgniter\CodeIgniter->runController(Object(App\Controllers\Admin\Patients))
#7 C:\xampp\htdocs\HMS\system\CodeIgniter.php(354): CodeIgniter\CodeIgniter->handleRequest(NULL, Object(Config\Cache), false)
#8 C:\xampp\htdocs\HMS\system\Boot.php(363): CodeIgniter\CodeIgniter->run()
#9 C:\xampp\htdocs\HMS\system\Boot.php(68): CodeIgniter\Boot::runCodeIgniter(Object(CodeIgniter\CodeIgniter))
#10 C:\xampp\htdocs\HMS\index.php(59): CodeIgniter\Boot::bootWeb(Object(Config\Paths))
#11 {main}
CRITICAL - 2025-10-06 14:01:00 --> CodeIgniter\Database\Exceptions\DatabaseException: Table 'hms.patients' doesn't exist
[Method: POST, Route: admin/patients/create]
in SYSTEMPATH\Database\BaseConnection.php on line 684.
 1 SYSTEMPATH\Database\BaseBuilder.php(2345): CodeIgniter\Database\BaseConnection->query('INSERT INTO `patients` (`full_name`, `age`, `gender`, `civil_status`, `contact`, `address`, `concern`, `created_at`) VALUES (:full_name:, :age:, :gender:, :civil_status:, :contact:, :address:, :concern:, :created_at:)', [...], false)
 2 APPPATH\Controllers\Admin\Patients.php(51): CodeIgniter\Database\BaseBuilder->insert([...])
 3 SYSTEMPATH\CodeIgniter.php(933): App\Controllers\Admin\Patients->create()
 4 SYSTEMPATH\CodeIgniter.php(507): CodeIgniter\CodeIgniter->runController(Object(App\Controllers\Admin\Patients))
 5 SYSTEMPATH\CodeIgniter.php(354): CodeIgniter\CodeIgniter->handleRequest(null, Object(Config\Cache), false)
 6 SYSTEMPATH\Boot.php(363): CodeIgniter\CodeIgniter->run()
 7 SYSTEMPATH\Boot.php(68): CodeIgniter\Boot::runCodeIgniter(Object(CodeIgniter\CodeIgniter))
 8 FCPATH\index.php(59): CodeIgniter\Boot::bootWeb(Object(Config\Paths))
CRITICAL - 2025-10-06 14:01:00 --> [Caused by] CodeIgniter\Database\Exceptions\DatabaseException: Table 'hms.patients' doesn't exist
in SYSTEMPATH\Database\MySQLi\Connection.php on line 332.
 1 SYSTEMPATH\Database\BaseConnection.php(729): CodeIgniter\Database\MySQLi\Connection->execute('INSERT INTO `patients` (`full_name`, `age`, `gender`, `civil_status`, `contact`, `address`, `concern`, `created_at`) VALUES (\'fahad alalawi\', 20, \'Male\', \'Single\', \'09551168026\', \'Lagao\', \'wala\', \'2025-10-06 14:01:00\')')
 2 SYSTEMPATH\Database\BaseConnection.php(646): CodeIgniter\Database\BaseConnection->simpleQuery('INSERT INTO `patients` (`full_name`, `age`, `gender`, `civil_status`, `contact`, `address`, `concern`, `created_at`) VALUES (\'fahad alalawi\', 20, \'Male\', \'Single\', \'09551168026\', \'Lagao\', \'wala\', \'2025-10-06 14:01:00\')')
 3 SYSTEMPATH\Database\BaseBuilder.php(2345): CodeIgniter\Database\BaseConnection->query('INSERT INTO `patients` (`full_name`, `age`, `gender`, `civil_status`, `contact`, `address`, `concern`, `created_at`) VALUES (:full_name:, :age:, :gender:, :civil_status:, :contact:, :address:, :concern:, :created_at:)', [...], false)
 4 APPPATH\Controllers\Admin\Patients.php(51): CodeIgniter\Database\BaseBuilder->insert([...])
 5 SYSTEMPATH\CodeIgniter.php(933): App\Controllers\Admin\Patients->create()
 6 SYSTEMPATH\CodeIgniter.php(507): CodeIgniter\CodeIgniter->runController(Object(App\Controllers\Admin\Patients))
 7 SYSTEMPATH\CodeIgniter.php(354): CodeIgniter\CodeIgniter->handleRequest(null, Object(Config\Cache), false)
 8 SYSTEMPATH\Boot.php(363): CodeIgniter\CodeIgniter->run()
 9 SYSTEMPATH\Boot.php(68): CodeIgniter\Boot::runCodeIgniter(Object(CodeIgniter\CodeIgniter))
10 FCPATH\index.php(59): CodeIgniter\Boot::bootWeb(Object(Config\Paths))
CRITICAL - 2025-10-06 14:01:00 --> [Caused by] mysqli_sql_exception: Table 'hms.patients' doesn't exist
in SYSTEMPATH\Database\MySQLi\Connection.php on line 327.
 1 SYSTEMPATH\Database\MySQLi\Connection.php(327): mysqli->query('INSERT INTO `patients` (`full_name`, `age`, `gender`, `civil_status`, `contact`, `address`, `concern`, `created_at`) VALUES (\'fahad alalawi\', 20, \'Male\', \'Single\', \'09551168026\', \'Lagao\', \'wala\', \'2025-10-06 14:01:00\')', 0)
 2 SYSTEMPATH\Database\BaseConnection.php(729): CodeIgniter\Database\MySQLi\Connection->execute('INSERT INTO `patients` (`full_name`, `age`, `gender`, `civil_status`, `contact`, `address`, `concern`, `created_at`) VALUES (\'fahad alalawi\', 20, \'Male\', \'Single\', \'09551168026\', \'Lagao\', \'wala\', \'2025-10-06 14:01:00\')')
 3 SYSTEMPATH\Database\BaseConnection.php(646): CodeIgniter\Database\BaseConnection->simpleQuery('INSERT INTO `patients` (`full_name`, `age`, `gender`, `civil_status`, `contact`, `address`, `concern`, `created_at`) VALUES (\'fahad alalawi\', 20, \'Male\', \'Single\', \'09551168026\', \'Lagao\', \'wala\', \'2025-10-06 14:01:00\')')
 4 SYSTEMPATH\Database\BaseBuilder.php(2345): CodeIgniter\Database\BaseConnection->query('INSERT INTO `patients` (`full_name`, `age`, `gender`, `civil_status`, `contact`, `address`, `concern`, `created_at`) VALUES (:full_name:, :age:, :gender:, :civil_status:, :contact:, :address:, :concern:, :created_at:)', [...], false)
 5 APPPATH\Controllers\Admin\Patients.php(51): CodeIgniter\Database\BaseBuilder->insert([...])
 6 SYSTEMPATH\CodeIgniter.php(933): App\Controllers\Admin\Patients->create()
 7 SYSTEMPATH\CodeIgniter.php(507): CodeIgniter\CodeIgniter->runController(Object(App\Controllers\Admin\Patients))
 8 SYSTEMPATH\CodeIgniter.php(354): CodeIgniter\CodeIgniter->handleRequest(null, Object(Config\Cache), false)
 9 SYSTEMPATH\Boot.php(363): CodeIgniter\CodeIgniter->run()
10 SYSTEMPATH\Boot.php(68): CodeIgniter\Boot::runCodeIgniter(Object(CodeIgniter\CodeIgniter))
11 FCPATH\index.php(59): CodeIgniter\Boot::bootWeb(Object(Config\Paths))
