ERROR - 2025-11-25 07:53:41 --> mysqli_sql_exception: Unknown column 'bi.reference_type' in 'where clause' in C:\xampp\htdocs\HMS\system\Database\MySQLi\Connection.php:327
Stack trace:
#0 C:\xampp\htdocs\HMS\system\Database\MySQLi\Connection.php(327): mysqli->query('SELECT `bi`.`re...', 0)
#1 C:\xampp\htdocs\HMS\system\Database\BaseConnection.php(729): CodeIgniter\Database\MySQLi\Connection->execute('SELECT `bi`.`re...')
#2 C:\xampp\htdocs\HMS\system\Database\BaseConnection.php(646): CodeIgniter\Database\BaseConnection->simpleQuery('SELECT `bi`.`re...')
#3 C:\xampp\htdocs\HMS\system\Database\BaseBuilder.php(1649): CodeIgniter\Database\BaseConnection->query('SELECT `bi`.`re...', Array, false)
#4 C:\xampp\htdocs\HMS\app\Controllers\Accounts.php(1011): CodeIgniter\Database\BaseBuilder->get()
#5 C:\xampp\htdocs\HMS\system\CodeIgniter.php(933): App\Controllers\Accounts->getPatientBillableItems('4')
#6 C:\xampp\htdocs\HMS\system\CodeIgniter.php(507): CodeIgniter\CodeIgniter->runController(Object(App\Controllers\Accounts))
#7 C:\xampp\htdocs\HMS\system\CodeIgniter.php(354): CodeIgniter\CodeIgniter->handleRequest(NULL, Object(Config\Cache), false)
#8 C:\xampp\htdocs\HMS\system\Boot.php(363): CodeIgniter\CodeIgniter->run()
#9 C:\xampp\htdocs\HMS\system\Boot.php(68): CodeIgniter\Boot::runCodeIgniter(Object(CodeIgniter\CodeIgniter))
#10 C:\xampp\htdocs\HMS\index.php(59): CodeIgniter\Boot::bootWeb(Object(Config\Paths))
#11 {main}
ERROR - 2025-11-25 07:54:01 --> mysqli_sql_exception: Unknown column 'bi.reference_type' in 'where clause' in C:\xampp\htdocs\HMS\system\Database\MySQLi\Connection.php:327
Stack trace:
#0 C:\xampp\htdocs\HMS\system\Database\MySQLi\Connection.php(327): mysqli->query('SELECT `bi`.`re...', 0)
#1 C:\xampp\htdocs\HMS\system\Database\BaseConnection.php(729): CodeIgniter\Database\MySQLi\Connection->execute('SELECT `bi`.`re...')
#2 C:\xampp\htdocs\HMS\system\Database\BaseConnection.php(646): CodeIgniter\Database\BaseConnection->simpleQuery('SELECT `bi`.`re...')
#3 C:\xampp\htdocs\HMS\system\Database\BaseBuilder.php(1649): CodeIgniter\Database\BaseConnection->query('SELECT `bi`.`re...', Array, false)
#4 C:\xampp\htdocs\HMS\app\Controllers\Accounts.php(1011): CodeIgniter\Database\BaseBuilder->get()
#5 C:\xampp\htdocs\HMS\system\CodeIgniter.php(933): App\Controllers\Accounts->getPatientBillableItems('4')
#6 C:\xampp\htdocs\HMS\system\CodeIgniter.php(507): CodeIgniter\CodeIgniter->runController(Object(App\Controllers\Accounts))
#7 C:\xampp\htdocs\HMS\system\CodeIgniter.php(354): CodeIgniter\CodeIgniter->handleRequest(NULL, Object(Config\Cache), false)
#8 C:\xampp\htdocs\HMS\system\Boot.php(363): CodeIgniter\CodeIgniter->run()
#9 C:\xampp\htdocs\HMS\system\Boot.php(68): CodeIgniter\Boot::runCodeIgniter(Object(CodeIgniter\CodeIgniter))
#10 C:\xampp\htdocs\HMS\index.php(59): CodeIgniter\Boot::bootWeb(Object(Config\Paths))
#11 {main}
ERROR - 2025-11-25 08:04:20 --> mysqli_sql_exception: Unknown column 'bi.reference_type' in 'where clause' in C:\xampp\htdocs\HMS\system\Database\MySQLi\Connection.php:327
Stack trace:
#0 C:\xampp\htdocs\HMS\system\Database\MySQLi\Connection.php(327): mysqli->query('SELECT `bi`.`re...', 0)
#1 C:\xampp\htdocs\HMS\system\Database\BaseConnection.php(729): CodeIgniter\Database\MySQLi\Connection->execute('SELECT `bi`.`re...')
#2 C:\xampp\htdocs\HMS\system\Database\BaseConnection.php(646): CodeIgniter\Database\BaseConnection->simpleQuery('SELECT `bi`.`re...')
#3 C:\xampp\htdocs\HMS\system\Database\BaseBuilder.php(1649): CodeIgniter\Database\BaseConnection->query('SELECT `bi`.`re...', Array, false)
#4 C:\xampp\htdocs\HMS\app\Controllers\Accounts.php(1011): CodeIgniter\Database\BaseBuilder->get()
#5 C:\xampp\htdocs\HMS\system\CodeIgniter.php(933): App\Controllers\Accounts->getPatientBillableItems('4')
#6 C:\xampp\htdocs\HMS\system\CodeIgniter.php(507): CodeIgniter\CodeIgniter->runController(Object(App\Controllers\Accounts))
#7 C:\xampp\htdocs\HMS\system\CodeIgniter.php(354): CodeIgniter\CodeIgniter->handleRequest(NULL, Object(Config\Cache), false)
#8 C:\xampp\htdocs\HMS\system\Boot.php(363): CodeIgniter\CodeIgniter->run()
#9 C:\xampp\htdocs\HMS\system\Boot.php(68): CodeIgniter\Boot::runCodeIgniter(Object(CodeIgniter\CodeIgniter))
#10 C:\xampp\htdocs\HMS\index.php(59): CodeIgniter\Boot::bootWeb(Object(Config\Paths))
#11 {main}
ERROR - 2025-11-25 08:07:23 --> mysqli_sql_exception: Unknown column 'bi.reference_type' in 'where clause' in C:\xampp\htdocs\HMS\system\Database\MySQLi\Connection.php:327
Stack trace:
#0 C:\xampp\htdocs\HMS\system\Database\MySQLi\Connection.php(327): mysqli->query('SELECT `bi`.`re...', 0)
#1 C:\xampp\htdocs\HMS\system\Database\BaseConnection.php(729): CodeIgniter\Database\MySQLi\Connection->execute('SELECT `bi`.`re...')
#2 C:\xampp\htdocs\HMS\system\Database\BaseConnection.php(646): CodeIgniter\Database\BaseConnection->simpleQuery('SELECT `bi`.`re...')
#3 C:\xampp\htdocs\HMS\system\Database\BaseBuilder.php(1649): CodeIgniter\Database\BaseConnection->query('SELECT `bi`.`re...', Array, false)
#4 C:\xampp\htdocs\HMS\app\Controllers\Accounts.php(1011): CodeIgniter\Database\BaseBuilder->get()
#5 C:\xampp\htdocs\HMS\system\CodeIgniter.php(933): App\Controllers\Accounts->getPatientBillableItems('4')
#6 C:\xampp\htdocs\HMS\system\CodeIgniter.php(507): CodeIgniter\CodeIgniter->runController(Object(App\Controllers\Accounts))
#7 C:\xampp\htdocs\HMS\system\CodeIgniter.php(354): CodeIgniter\CodeIgniter->handleRequest(NULL, Object(Config\Cache), false)
#8 C:\xampp\htdocs\HMS\system\Boot.php(363): CodeIgniter\CodeIgniter->run()
#9 C:\xampp\htdocs\HMS\system\Boot.php(68): CodeIgniter\Boot::runCodeIgniter(Object(CodeIgniter\CodeIgniter))
#10 C:\xampp\htdocs\HMS\index.php(59): CodeIgniter\Boot::bootWeb(Object(Config\Paths))
#11 {main}
CRITICAL - 2025-11-25 08:31:22 --> ErrorException: Declaration of App\Models\SettingsModel::set(string $key, $value): bool must be compatible with CodeIgniter\Model::set($key, $value = '', ?bool $escape = null)
[Method: GET, Route: settings]
in APPPATH\Models\SettingsModel.php on line 29.
 1 [internal function]: CodeIgniter\Debug\Exceptions->shutdownHandler()
CRITICAL - 2025-11-25 08:32:55 --> ErrorException: Declaration of App\Models\SettingsModel::set(string $key, $value): bool must be compatible with CodeIgniter\Model::set($key, $value = '', ?bool $escape = null)
[Method: GET, Route: settings]
in APPPATH\Models\SettingsModel.php on line 29.
 1 [internal function]: CodeIgniter\Debug\Exceptions->shutdownHandler()
CRITICAL - 2025-11-25 08:33:07 --> ErrorException: Declaration of App\Models\SettingsModel::set(string $key, $value): bool must be compatible with CodeIgniter\Model::set($key, $value = '', ?bool $escape = null)
[Method: GET, Route: settings]
in APPPATH\Models\SettingsModel.php on line 29.
 1 [internal function]: CodeIgniter\Debug\Exceptions->shutdownHandler()
CRITICAL - 2025-11-25 08:33:47 --> ErrorException: Declaration of App\Models\SettingsModel::set(string $key, $value): bool must be compatible with CodeIgniter\Model::set($key, $value = '', ?bool $escape = null)
[Method: GET, Route: admin/settings]
in APPPATH\Models\SettingsModel.php on line 29.
 1 [internal function]: CodeIgniter\Debug\Exceptions->shutdownHandler()
CRITICAL - 2025-11-25 08:35:32 --> ErrorException: Declaration of App\Models\SettingsModel::set(string $key, $value): bool must be compatible with CodeIgniter\Model::set($key, $value = '', ?bool $escape = null)
[Method: GET, Route: settings]
in APPPATH\Models\SettingsModel.php on line 29.
 1 [internal function]: CodeIgniter\Debug\Exceptions->shutdownHandler()
CRITICAL - 2025-11-25 08:37:33 --> ErrorException: Declaration of App\Models\SettingsModel::set(string $key, $value): bool must be compatible with CodeIgniter\Model::set($key, $value = '', ?bool $escape = null)
[Method: GET, Route: settings]
in APPPATH\Models\SettingsModel.php on line 29.
 1 [internal function]: CodeIgniter\Debug\Exceptions->shutdownHandler()
CRITICAL - 2025-11-25 08:38:18 --> ErrorException: Declaration of App\Models\SettingsModel::set(string $key, $value): bool must be compatible with CodeIgniter\Model::set($key, $value = '', ?bool $escape = null)
[Method: GET, Route: admin/settings]
in APPPATH\Models\SettingsModel.php on line 29.
 1 [internal function]: CodeIgniter\Debug\Exceptions->shutdownHandler()
CRITICAL - 2025-11-25 08:39:39 --> ErrorException: Declaration of App\Models\SettingsModel::set(string $key, $value): bool must be compatible with CodeIgniter\Model::set($key, $value = '', ?bool $escape = null)
[Method: GET, Route: admin/settings]
in APPPATH\Models\SettingsModel.php on line 29.
 1 [internal function]: CodeIgniter\Debug\Exceptions->shutdownHandler()
CRITICAL - 2025-11-25 08:39:54 --> ErrorException: Declaration of App\Models\SettingsModel::set(string $key, $value): bool must be compatible with CodeIgniter\Model::set($key, $value = '', ?bool $escape = null)
[Method: GET, Route: settings]
in APPPATH\Models\SettingsModel.php on line 29.
 1 [internal function]: CodeIgniter\Debug\Exceptions->shutdownHandler()
CRITICAL - 2025-11-25 08:42:15 --> ErrorException: Declaration of App\Models\SettingsModel::set(string $key, $value): bool must be compatible with CodeIgniter\Model::set($key, $value = '', ?bool $escape = null)
[Method: GET, Route: settings]
in APPPATH\Models\SettingsModel.php on line 29.
 1 [internal function]: CodeIgniter\Debug\Exceptions->shutdownHandler()
CRITICAL - 2025-11-25 08:42:20 --> ErrorException: Declaration of App\Models\SettingsModel::set(string $key, $value): bool must be compatible with CodeIgniter\Model::set($key, $value = '', ?bool $escape = null)
[Method: GET, Route: settings]
in APPPATH\Models\SettingsModel.php on line 29.
 1 [internal function]: CodeIgniter\Debug\Exceptions->shutdownHandler()
CRITICAL - 2025-11-25 08:42:35 --> ErrorException: Declaration of App\Models\SettingsModel::set(string $key, $value): bool must be compatible with CodeIgniter\Model::set($key, $value = '', ?bool $escape = null)
[Method: GET, Route: admin/settings]
in APPPATH\Models\SettingsModel.php on line 29.
 1 [internal function]: CodeIgniter\Debug\Exceptions->shutdownHandler()
CRITICAL - 2025-11-25 08:43:27 --> ErrorException: Declaration of App\Models\SettingsModel::set(string $key, $value): bool must be compatible with CodeIgniter\Model::set($key, $value = '', ?bool $escape = null)
[Method: GET, Route: admin/settings]
in APPPATH\Models\SettingsModel.php on line 29.
 1 [internal function]: CodeIgniter\Debug\Exceptions->shutdownHandler()
CRITICAL - 2025-11-25 08:44:18 --> ErrorException: Declaration of App\Models\SettingsModel::set(string $key, $value): bool must be compatible with CodeIgniter\Model::set($key, $value = '', ?bool $escape = null)
[Method: GET, Route: settings]
in APPPATH\Models\SettingsModel.php on line 29.
 1 [internal function]: CodeIgniter\Debug\Exceptions->shutdownHandler()
CRITICAL - 2025-11-25 08:44:35 --> ErrorException: Declaration of App\Models\SettingsModel::set(string $key, $value): bool must be compatible with CodeIgniter\Model::set($key, $value = '', ?bool $escape = null)
[Method: GET, Route: settings]
in APPPATH\Models\SettingsModel.php on line 29.
 1 [internal function]: CodeIgniter\Debug\Exceptions->shutdownHandler()
CRITICAL - 2025-11-25 08:46:51 --> ErrorException: Declaration of App\Models\SettingsModel::set(string $key, $value): bool must be compatible with CodeIgniter\Model::set($key, $value = '', ?bool $escape = null)
[Method: GET, Route: settings]
in APPPATH\Models\SettingsModel.php on line 29.
 1 [internal function]: CodeIgniter\Debug\Exceptions->shutdownHandler()
CRITICAL - 2025-11-25 08:46:58 --> ErrorException: Declaration of App\Models\SettingsModel::set(string $key, $value): bool must be compatible with CodeIgniter\Model::set($key, $value = '', ?bool $escape = null)
[Method: GET, Route: settings]
in APPPATH\Models\SettingsModel.php on line 29.
 1 [internal function]: CodeIgniter\Debug\Exceptions->shutdownHandler()
CRITICAL - 2025-11-25 08:47:10 --> ErrorException: Declaration of App\Models\SettingsModel::set(string $key, $value): bool must be compatible with CodeIgniter\Model::set($key, $value = '', ?bool $escape = null)
[Method: GET, Route: admin/settings]
in APPPATH\Models\SettingsModel.php on line 29.
 1 [internal function]: CodeIgniter\Debug\Exceptions->shutdownHandler()
CRITICAL - 2025-11-25 08:49:10 --> ErrorException: Declaration of App\Models\SettingsModel::set(string $key, $value): bool must be compatible with CodeIgniter\Model::set($key, $value = '', ?bool $escape = null)
[Method: GET, Route: admin/settings]
in APPPATH\Models\SettingsModel.php on line 29.
 1 [internal function]: CodeIgniter\Debug\Exceptions->shutdownHandler()
