ERROR - 2025-11-02 03:21:42 --> mysqli_sql_exception: Table 'hms.lab_test_requests' doesn't exist in D:\JUL\xampp\htdocs\HMS\system\Database\MySQLi\Connection.php:327
Stack trace:
#0 D:\JUL\xampp\htdocs\HMS\system\Database\MySQLi\Connection.php(327): mysqli->query('SELECT COUNT(*)...', 0)
#1 D:\JUL\xampp\htdocs\HMS\system\Database\BaseConnection.php(729): CodeIgniter\Database\MySQLi\Connection->execute('SELECT COUNT(*)...')
#2 D:\JUL\xampp\htdocs\HMS\system\Database\BaseConnection.php(646): CodeIgniter\Database\BaseConnection->simpleQuery('SELECT COUNT(*)...')
#3 D:\JUL\xampp\htdocs\HMS\system\Database\BaseBuilder.php(1733): CodeIgniter\Database\BaseConnection->query('SELECT COUNT(*)...', Array, false)
#4 D:\JUL\xampp\htdocs\HMS\system\Model.php(675): CodeIgniter\Database\BaseBuilder->countAllResults(true)
#5 D:\JUL\xampp\htdocs\HMS\app\Controllers\Admin\Lab\Dashboard.php(62): CodeIgniter\Model->countAllResults()
#6 D:\JUL\xampp\htdocs\HMS\system\CodeIgniter.php(933): App\Controllers\Admin\Lab\Dashboard->index()
#7 D:\JUL\xampp\htdocs\HMS\system\CodeIgniter.php(507): CodeIgniter\CodeIgniter->runController(Object(App\Controllers\Admin\Lab\Dashboard))
#8 D:\JUL\xampp\htdocs\HMS\system\CodeIgniter.php(354): CodeIgniter\CodeIgniter->handleRequest(NULL, Object(Config\Cache), false)
#9 D:\JUL\xampp\htdocs\HMS\system\Boot.php(363): CodeIgniter\CodeIgniter->run()
#10 D:\JUL\xampp\htdocs\HMS\system\Boot.php(68): CodeIgniter\Boot::runCodeIgniter(Object(CodeIgniter\CodeIgniter))
#11 D:\JUL\xampp\htdocs\HMS\index.php(59): CodeIgniter\Boot::bootWeb(Object(Config\Paths))
#12 {main}
ERROR - 2025-11-02 03:21:42 --> Failed to load lab dashboard data: Table 'hms.lab_test_requests' doesn't exist
ERROR - 2025-11-02 03:21:54 --> mysqli_sql_exception: Table 'hms.lab_test_requests' doesn't exist in D:\JUL\xampp\htdocs\HMS\system\Database\MySQLi\Connection.php:327
Stack trace:
#0 D:\JUL\xampp\htdocs\HMS\system\Database\MySQLi\Connection.php(327): mysqli->query('SELECT COUNT(*)...', 0)
#1 D:\JUL\xampp\htdocs\HMS\system\Database\BaseConnection.php(729): CodeIgniter\Database\MySQLi\Connection->execute('SELECT COUNT(*)...')
#2 D:\JUL\xampp\htdocs\HMS\system\Database\BaseConnection.php(646): CodeIgniter\Database\BaseConnection->simpleQuery('SELECT COUNT(*)...')
#3 D:\JUL\xampp\htdocs\HMS\system\Database\BaseBuilder.php(1733): CodeIgniter\Database\BaseConnection->query('SELECT COUNT(*)...', Array, false)
#4 D:\JUL\xampp\htdocs\HMS\system\Model.php(675): CodeIgniter\Database\BaseBuilder->countAllResults(true)
#5 D:\JUL\xampp\htdocs\HMS\app\Controllers\Admin\Lab\Dashboard.php(62): CodeIgniter\Model->countAllResults()
#6 D:\JUL\xampp\htdocs\HMS\system\CodeIgniter.php(933): App\Controllers\Admin\Lab\Dashboard->index()
#7 D:\JUL\xampp\htdocs\HMS\system\CodeIgniter.php(507): CodeIgniter\CodeIgniter->runController(Object(App\Controllers\Admin\Lab\Dashboard))
#8 D:\JUL\xampp\htdocs\HMS\system\CodeIgniter.php(354): CodeIgniter\CodeIgniter->handleRequest(NULL, Object(Config\Cache), false)
#9 D:\JUL\xampp\htdocs\HMS\system\Boot.php(363): CodeIgniter\CodeIgniter->run()
#10 D:\JUL\xampp\htdocs\HMS\system\Boot.php(68): CodeIgniter\Boot::runCodeIgniter(Object(CodeIgniter\CodeIgniter))
#11 D:\JUL\xampp\htdocs\HMS\index.php(59): CodeIgniter\Boot::bootWeb(Object(Config\Paths))
#12 {main}
ERROR - 2025-11-02 03:21:54 --> Failed to load lab dashboard data: Table 'hms.lab_test_requests' doesn't exist
ERROR - 2025-11-02 12:43:33 --> mysqli_sql_exception: Table 'hms.lab_test_requests' doesn't exist in C:\xampp\htdocs\HMS\system\Database\MySQLi\Connection.php:327
Stack trace:
#0 C:\xampp\htdocs\HMS\system\Database\MySQLi\Connection.php(327): mysqli->query('SELECT COUNT(*)...', 0)
#1 C:\xampp\htdocs\HMS\system\Database\BaseConnection.php(729): CodeIgniter\Database\MySQLi\Connection->execute('SELECT COUNT(*)...')
#2 C:\xampp\htdocs\HMS\system\Database\BaseConnection.php(646): CodeIgniter\Database\BaseConnection->simpleQuery('SELECT COUNT(*)...')
#3 C:\xampp\htdocs\HMS\system\Database\BaseBuilder.php(1733): CodeIgniter\Database\BaseConnection->query('SELECT COUNT(*)...', Array, false)
#4 C:\xampp\htdocs\HMS\system\Model.php(675): CodeIgniter\Database\BaseBuilder->countAllResults(true)
#5 C:\xampp\htdocs\HMS\app\Controllers\Admin\Lab\Dashboard.php(62): CodeIgniter\Model->countAllResults()
#6 C:\xampp\htdocs\HMS\system\CodeIgniter.php(933): App\Controllers\Admin\Lab\Dashboard->index()
#7 C:\xampp\htdocs\HMS\system\CodeIgniter.php(507): CodeIgniter\CodeIgniter->runController(Object(App\Controllers\Admin\Lab\Dashboard))
#8 C:\xampp\htdocs\HMS\system\CodeIgniter.php(354): CodeIgniter\CodeIgniter->handleRequest(NULL, Object(Config\Cache), false)
#9 C:\xampp\htdocs\HMS\system\Boot.php(363): CodeIgniter\CodeIgniter->run()
#10 C:\xampp\htdocs\HMS\system\Boot.php(68): CodeIgniter\Boot::runCodeIgniter(Object(CodeIgniter\CodeIgniter))
#11 C:\xampp\htdocs\HMS\index.php(59): CodeIgniter\Boot::bootWeb(Object(Config\Paths))
#12 {main}
ERROR - 2025-11-02 12:43:33 --> Failed to load lab dashboard data: Table 'hms.lab_test_requests' doesn't exist
CRITICAL - 2025-11-02 13:27:59 --> ArgumentCountError: Too few arguments to function App\Controllers\Reception::extractPayload(), 0 passed in C:\xampp\htdocs\HMS\app\Controllers\Reception.php on line 342 and exactly 1 expected
[Method: POST, Route: reception/createPatient]
in APPPATH\Controllers\Reception.php on line 151.
 1 APPPATH\Controllers\Reception.php(342): App\Controllers\Reception->extractPayload()
 2 SYSTEMPATH\CodeIgniter.php(933): App\Controllers\Reception->store()
 3 SYSTEMPATH\CodeIgniter.php(507): CodeIgniter\CodeIgniter->runController(Object(App\Controllers\Reception))
 4 SYSTEMPATH\CodeIgniter.php(354): CodeIgniter\CodeIgniter->handleRequest(null, Object(Config\Cache), false)
 5 SYSTEMPATH\Boot.php(363): CodeIgniter\CodeIgniter->run()
 6 SYSTEMPATH\Boot.php(68): CodeIgniter\Boot::runCodeIgniter(Object(CodeIgniter\CodeIgniter))
 7 FCPATH\index.php(59): CodeIgniter\Boot::bootWeb(Object(Config\Paths))
CRITICAL - 2025-11-02 13:28:03 --> ArgumentCountError: Too few arguments to function App\Controllers\Reception::extractPayload(), 0 passed in C:\xampp\htdocs\HMS\app\Controllers\Reception.php on line 342 and exactly 1 expected
[Method: POST, Route: reception/createPatient]
in APPPATH\Controllers\Reception.php on line 151.
 1 APPPATH\Controllers\Reception.php(342): App\Controllers\Reception->extractPayload()
 2 SYSTEMPATH\CodeIgniter.php(933): App\Controllers\Reception->store()
 3 SYSTEMPATH\CodeIgniter.php(507): CodeIgniter\CodeIgniter->runController(Object(App\Controllers\Reception))
 4 SYSTEMPATH\CodeIgniter.php(354): CodeIgniter\CodeIgniter->handleRequest(null, Object(Config\Cache), false)
 5 SYSTEMPATH\Boot.php(363): CodeIgniter\CodeIgniter->run()
 6 SYSTEMPATH\Boot.php(68): CodeIgniter\Boot::runCodeIgniter(Object(CodeIgniter\CodeIgniter))
 7 FCPATH\index.php(59): CodeIgniter\Boot::bootWeb(Object(Config\Paths))
ERROR - 2025-11-02 13:29:51 --> mysqli_sql_exception: Unknown column 'first_name' in 'field list' in C:\xampp\htdocs\HMS\system\Database\MySQLi\Connection.php:327
Stack trace:
#0 C:\xampp\htdocs\HMS\system\Database\MySQLi\Connection.php(327): mysqli->query('INSERT INTO `pa...', 0)
#1 C:\xampp\htdocs\HMS\system\Database\BaseConnection.php(729): CodeIgniter\Database\MySQLi\Connection->execute('INSERT INTO `pa...')
#2 C:\xampp\htdocs\HMS\system\Database\BaseConnection.php(646): CodeIgniter\Database\BaseConnection->simpleQuery('INSERT INTO `pa...')
#3 C:\xampp\htdocs\HMS\system\Database\BaseBuilder.php(2345): CodeIgniter\Database\BaseConnection->query('INSERT INTO `pa...', Array, false)
#4 C:\xampp\htdocs\HMS\system\Model.php(394): CodeIgniter\Database\BaseBuilder->insert()
#5 C:\xampp\htdocs\HMS\system\BaseModel.php(838): CodeIgniter\Model->doInsert(Array)
#6 C:\xampp\htdocs\HMS\system\Model.php(797): CodeIgniter\BaseModel->insert(Array, true)
#7 C:\xampp\htdocs\HMS\app\Controllers\Reception.php(353): CodeIgniter\Model->insert(Array)
#8 C:\xampp\htdocs\HMS\system\CodeIgniter.php(933): App\Controllers\Reception->store()
#9 C:\xampp\htdocs\HMS\system\CodeIgniter.php(507): CodeIgniter\CodeIgniter->runController(Object(App\Controllers\Reception))
#10 C:\xampp\htdocs\HMS\system\CodeIgniter.php(354): CodeIgniter\CodeIgniter->handleRequest(NULL, Object(Config\Cache), false)
#11 C:\xampp\htdocs\HMS\system\Boot.php(363): CodeIgniter\CodeIgniter->run()
#12 C:\xampp\htdocs\HMS\system\Boot.php(68): CodeIgniter\Boot::runCodeIgniter(Object(CodeIgniter\CodeIgniter))
#13 C:\xampp\htdocs\HMS\index.php(59): CodeIgniter\Boot::bootWeb(Object(Config\Paths))
#14 {main}
ERROR - 2025-11-02 13:29:51 --> Database exception: Unknown column 'first_name' in 'field list'
ERROR - 2025-11-02 13:29:53 --> mysqli_sql_exception: Unknown column 'first_name' in 'field list' in C:\xampp\htdocs\HMS\system\Database\MySQLi\Connection.php:327
Stack trace:
#0 C:\xampp\htdocs\HMS\system\Database\MySQLi\Connection.php(327): mysqli->query('INSERT INTO `pa...', 0)
#1 C:\xampp\htdocs\HMS\system\Database\BaseConnection.php(729): CodeIgniter\Database\MySQLi\Connection->execute('INSERT INTO `pa...')
#2 C:\xampp\htdocs\HMS\system\Database\BaseConnection.php(646): CodeIgniter\Database\BaseConnection->simpleQuery('INSERT INTO `pa...')
#3 C:\xampp\htdocs\HMS\system\Database\BaseBuilder.php(2345): CodeIgniter\Database\BaseConnection->query('INSERT INTO `pa...', Array, false)
#4 C:\xampp\htdocs\HMS\system\Model.php(394): CodeIgniter\Database\BaseBuilder->insert()
#5 C:\xampp\htdocs\HMS\system\BaseModel.php(838): CodeIgniter\Model->doInsert(Array)
#6 C:\xampp\htdocs\HMS\system\Model.php(797): CodeIgniter\BaseModel->insert(Array, true)
#7 C:\xampp\htdocs\HMS\app\Controllers\Reception.php(353): CodeIgniter\Model->insert(Array)
#8 C:\xampp\htdocs\HMS\system\CodeIgniter.php(933): App\Controllers\Reception->store()
#9 C:\xampp\htdocs\HMS\system\CodeIgniter.php(507): CodeIgniter\CodeIgniter->runController(Object(App\Controllers\Reception))
#10 C:\xampp\htdocs\HMS\system\CodeIgniter.php(354): CodeIgniter\CodeIgniter->handleRequest(NULL, Object(Config\Cache), false)
#11 C:\xampp\htdocs\HMS\system\Boot.php(363): CodeIgniter\CodeIgniter->run()
#12 C:\xampp\htdocs\HMS\system\Boot.php(68): CodeIgniter\Boot::runCodeIgniter(Object(CodeIgniter\CodeIgniter))
#13 C:\xampp\htdocs\HMS\index.php(59): CodeIgniter\Boot::bootWeb(Object(Config\Paths))
#14 {main}
ERROR - 2025-11-02 13:29:53 --> Database exception: Unknown column 'first_name' in 'field list'
ERROR - 2025-11-02 13:29:54 --> mysqli_sql_exception: Unknown column 'first_name' in 'field list' in C:\xampp\htdocs\HMS\system\Database\MySQLi\Connection.php:327
Stack trace:
#0 C:\xampp\htdocs\HMS\system\Database\MySQLi\Connection.php(327): mysqli->query('INSERT INTO `pa...', 0)
#1 C:\xampp\htdocs\HMS\system\Database\BaseConnection.php(729): CodeIgniter\Database\MySQLi\Connection->execute('INSERT INTO `pa...')
#2 C:\xampp\htdocs\HMS\system\Database\BaseConnection.php(646): CodeIgniter\Database\BaseConnection->simpleQuery('INSERT INTO `pa...')
#3 C:\xampp\htdocs\HMS\system\Database\BaseBuilder.php(2345): CodeIgniter\Database\BaseConnection->query('INSERT INTO `pa...', Array, false)
#4 C:\xampp\htdocs\HMS\system\Model.php(394): CodeIgniter\Database\BaseBuilder->insert()
#5 C:\xampp\htdocs\HMS\system\BaseModel.php(838): CodeIgniter\Model->doInsert(Array)
#6 C:\xampp\htdocs\HMS\system\Model.php(797): CodeIgniter\BaseModel->insert(Array, true)
#7 C:\xampp\htdocs\HMS\app\Controllers\Reception.php(353): CodeIgniter\Model->insert(Array)
#8 C:\xampp\htdocs\HMS\system\CodeIgniter.php(933): App\Controllers\Reception->store()
#9 C:\xampp\htdocs\HMS\system\CodeIgniter.php(507): CodeIgniter\CodeIgniter->runController(Object(App\Controllers\Reception))
#10 C:\xampp\htdocs\HMS\system\CodeIgniter.php(354): CodeIgniter\CodeIgniter->handleRequest(NULL, Object(Config\Cache), false)
#11 C:\xampp\htdocs\HMS\system\Boot.php(363): CodeIgniter\CodeIgniter->run()
#12 C:\xampp\htdocs\HMS\system\Boot.php(68): CodeIgniter\Boot::runCodeIgniter(Object(CodeIgniter\CodeIgniter))
#13 C:\xampp\htdocs\HMS\index.php(59): CodeIgniter\Boot::bootWeb(Object(Config\Paths))
#14 {main}
ERROR - 2025-11-02 13:29:54 --> Database exception: Unknown column 'first_name' in 'field list'
ERROR - 2025-11-02 13:29:55 --> mysqli_sql_exception: Unknown column 'first_name' in 'field list' in C:\xampp\htdocs\HMS\system\Database\MySQLi\Connection.php:327
Stack trace:
#0 C:\xampp\htdocs\HMS\system\Database\MySQLi\Connection.php(327): mysqli->query('INSERT INTO `pa...', 0)
#1 C:\xampp\htdocs\HMS\system\Database\BaseConnection.php(729): CodeIgniter\Database\MySQLi\Connection->execute('INSERT INTO `pa...')
#2 C:\xampp\htdocs\HMS\system\Database\BaseConnection.php(646): CodeIgniter\Database\BaseConnection->simpleQuery('INSERT INTO `pa...')
#3 C:\xampp\htdocs\HMS\system\Database\BaseBuilder.php(2345): CodeIgniter\Database\BaseConnection->query('INSERT INTO `pa...', Array, false)
#4 C:\xampp\htdocs\HMS\system\Model.php(394): CodeIgniter\Database\BaseBuilder->insert()
#5 C:\xampp\htdocs\HMS\system\BaseModel.php(838): CodeIgniter\Model->doInsert(Array)
#6 C:\xampp\htdocs\HMS\system\Model.php(797): CodeIgniter\BaseModel->insert(Array, true)
#7 C:\xampp\htdocs\HMS\app\Controllers\Reception.php(353): CodeIgniter\Model->insert(Array)
#8 C:\xampp\htdocs\HMS\system\CodeIgniter.php(933): App\Controllers\Reception->store()
#9 C:\xampp\htdocs\HMS\system\CodeIgniter.php(507): CodeIgniter\CodeIgniter->runController(Object(App\Controllers\Reception))
#10 C:\xampp\htdocs\HMS\system\CodeIgniter.php(354): CodeIgniter\CodeIgniter->handleRequest(NULL, Object(Config\Cache), false)
#11 C:\xampp\htdocs\HMS\system\Boot.php(363): CodeIgniter\CodeIgniter->run()
#12 C:\xampp\htdocs\HMS\system\Boot.php(68): CodeIgniter\Boot::runCodeIgniter(Object(CodeIgniter\CodeIgniter))
#13 C:\xampp\htdocs\HMS\index.php(59): CodeIgniter\Boot::bootWeb(Object(Config\Paths))
#14 {main}
ERROR - 2025-11-02 13:29:55 --> Database exception: Unknown column 'first_name' in 'field list'
ERROR - 2025-11-02 13:29:56 --> mysqli_sql_exception: Unknown column 'first_name' in 'field list' in C:\xampp\htdocs\HMS\system\Database\MySQLi\Connection.php:327
Stack trace:
#0 C:\xampp\htdocs\HMS\system\Database\MySQLi\Connection.php(327): mysqli->query('INSERT INTO `pa...', 0)
#1 C:\xampp\htdocs\HMS\system\Database\BaseConnection.php(729): CodeIgniter\Database\MySQLi\Connection->execute('INSERT INTO `pa...')
#2 C:\xampp\htdocs\HMS\system\Database\BaseConnection.php(646): CodeIgniter\Database\BaseConnection->simpleQuery('INSERT INTO `pa...')
#3 C:\xampp\htdocs\HMS\system\Database\BaseBuilder.php(2345): CodeIgniter\Database\BaseConnection->query('INSERT INTO `pa...', Array, false)
#4 C:\xampp\htdocs\HMS\system\Model.php(394): CodeIgniter\Database\BaseBuilder->insert()
#5 C:\xampp\htdocs\HMS\system\BaseModel.php(838): CodeIgniter\Model->doInsert(Array)
#6 C:\xampp\htdocs\HMS\system\Model.php(797): CodeIgniter\BaseModel->insert(Array, true)
#7 C:\xampp\htdocs\HMS\app\Controllers\Reception.php(353): CodeIgniter\Model->insert(Array)
#8 C:\xampp\htdocs\HMS\system\CodeIgniter.php(933): App\Controllers\Reception->store()
#9 C:\xampp\htdocs\HMS\system\CodeIgniter.php(507): CodeIgniter\CodeIgniter->runController(Object(App\Controllers\Reception))
#10 C:\xampp\htdocs\HMS\system\CodeIgniter.php(354): CodeIgniter\CodeIgniter->handleRequest(NULL, Object(Config\Cache), false)
#11 C:\xampp\htdocs\HMS\system\Boot.php(363): CodeIgniter\CodeIgniter->run()
#12 C:\xampp\htdocs\HMS\system\Boot.php(68): CodeIgniter\Boot::runCodeIgniter(Object(CodeIgniter\CodeIgniter))
#13 C:\xampp\htdocs\HMS\index.php(59): CodeIgniter\Boot::bootWeb(Object(Config\Paths))
#14 {main}
ERROR - 2025-11-02 13:29:56 --> Database exception: Unknown column 'first_name' in 'field list'
ERROR - 2025-11-02 13:29:56 --> mysqli_sql_exception: Unknown column 'first_name' in 'field list' in C:\xampp\htdocs\HMS\system\Database\MySQLi\Connection.php:327
Stack trace:
#0 C:\xampp\htdocs\HMS\system\Database\MySQLi\Connection.php(327): mysqli->query('INSERT INTO `pa...', 0)
#1 C:\xampp\htdocs\HMS\system\Database\BaseConnection.php(729): CodeIgniter\Database\MySQLi\Connection->execute('INSERT INTO `pa...')
#2 C:\xampp\htdocs\HMS\system\Database\BaseConnection.php(646): CodeIgniter\Database\BaseConnection->simpleQuery('INSERT INTO `pa...')
#3 C:\xampp\htdocs\HMS\system\Database\BaseBuilder.php(2345): CodeIgniter\Database\BaseConnection->query('INSERT INTO `pa...', Array, false)
#4 C:\xampp\htdocs\HMS\system\Model.php(394): CodeIgniter\Database\BaseBuilder->insert()
#5 C:\xampp\htdocs\HMS\system\BaseModel.php(838): CodeIgniter\Model->doInsert(Array)
#6 C:\xampp\htdocs\HMS\system\Model.php(797): CodeIgniter\BaseModel->insert(Array, true)
#7 C:\xampp\htdocs\HMS\app\Controllers\Reception.php(353): CodeIgniter\Model->insert(Array)
#8 C:\xampp\htdocs\HMS\system\CodeIgniter.php(933): App\Controllers\Reception->store()
#9 C:\xampp\htdocs\HMS\system\CodeIgniter.php(507): CodeIgniter\CodeIgniter->runController(Object(App\Controllers\Reception))
#10 C:\xampp\htdocs\HMS\system\CodeIgniter.php(354): CodeIgniter\CodeIgniter->handleRequest(NULL, Object(Config\Cache), false)
#11 C:\xampp\htdocs\HMS\system\Boot.php(363): CodeIgniter\CodeIgniter->run()
#12 C:\xampp\htdocs\HMS\system\Boot.php(68): CodeIgniter\Boot::runCodeIgniter(Object(CodeIgniter\CodeIgniter))
#13 C:\xampp\htdocs\HMS\index.php(59): CodeIgniter\Boot::bootWeb(Object(Config\Paths))
#14 {main}
ERROR - 2025-11-02 13:29:56 --> Database exception: Unknown column 'first_name' in 'field list'
ERROR - 2025-11-02 13:29:57 --> mysqli_sql_exception: Unknown column 'first_name' in 'field list' in C:\xampp\htdocs\HMS\system\Database\MySQLi\Connection.php:327
Stack trace:
#0 C:\xampp\htdocs\HMS\system\Database\MySQLi\Connection.php(327): mysqli->query('INSERT INTO `pa...', 0)
#1 C:\xampp\htdocs\HMS\system\Database\BaseConnection.php(729): CodeIgniter\Database\MySQLi\Connection->execute('INSERT INTO `pa...')
#2 C:\xampp\htdocs\HMS\system\Database\BaseConnection.php(646): CodeIgniter\Database\BaseConnection->simpleQuery('INSERT INTO `pa...')
#3 C:\xampp\htdocs\HMS\system\Database\BaseBuilder.php(2345): CodeIgniter\Database\BaseConnection->query('INSERT INTO `pa...', Array, false)
#4 C:\xampp\htdocs\HMS\system\Model.php(394): CodeIgniter\Database\BaseBuilder->insert()
#5 C:\xampp\htdocs\HMS\system\BaseModel.php(838): CodeIgniter\Model->doInsert(Array)
#6 C:\xampp\htdocs\HMS\system\Model.php(797): CodeIgniter\BaseModel->insert(Array, true)
#7 C:\xampp\htdocs\HMS\app\Controllers\Reception.php(353): CodeIgniter\Model->insert(Array)
#8 C:\xampp\htdocs\HMS\system\CodeIgniter.php(933): App\Controllers\Reception->store()
#9 C:\xampp\htdocs\HMS\system\CodeIgniter.php(507): CodeIgniter\CodeIgniter->runController(Object(App\Controllers\Reception))
#10 C:\xampp\htdocs\HMS\system\CodeIgniter.php(354): CodeIgniter\CodeIgniter->handleRequest(NULL, Object(Config\Cache), false)
#11 C:\xampp\htdocs\HMS\system\Boot.php(363): CodeIgniter\CodeIgniter->run()
#12 C:\xampp\htdocs\HMS\system\Boot.php(68): CodeIgniter\Boot::runCodeIgniter(Object(CodeIgniter\CodeIgniter))
#13 C:\xampp\htdocs\HMS\index.php(59): CodeIgniter\Boot::bootWeb(Object(Config\Paths))
#14 {main}
ERROR - 2025-11-02 13:29:57 --> Database exception: Unknown column 'first_name' in 'field list'
ERROR - 2025-11-02 13:29:59 --> mysqli_sql_exception: Unknown column 'first_name' in 'field list' in C:\xampp\htdocs\HMS\system\Database\MySQLi\Connection.php:327
Stack trace:
#0 C:\xampp\htdocs\HMS\system\Database\MySQLi\Connection.php(327): mysqli->query('INSERT INTO `pa...', 0)
#1 C:\xampp\htdocs\HMS\system\Database\BaseConnection.php(729): CodeIgniter\Database\MySQLi\Connection->execute('INSERT INTO `pa...')
#2 C:\xampp\htdocs\HMS\system\Database\BaseConnection.php(646): CodeIgniter\Database\BaseConnection->simpleQuery('INSERT INTO `pa...')
#3 C:\xampp\htdocs\HMS\system\Database\BaseBuilder.php(2345): CodeIgniter\Database\BaseConnection->query('INSERT INTO `pa...', Array, false)
#4 C:\xampp\htdocs\HMS\system\Model.php(394): CodeIgniter\Database\BaseBuilder->insert()
#5 C:\xampp\htdocs\HMS\system\BaseModel.php(838): CodeIgniter\Model->doInsert(Array)
#6 C:\xampp\htdocs\HMS\system\Model.php(797): CodeIgniter\BaseModel->insert(Array, true)
#7 C:\xampp\htdocs\HMS\app\Controllers\Reception.php(353): CodeIgniter\Model->insert(Array)
#8 C:\xampp\htdocs\HMS\system\CodeIgniter.php(933): App\Controllers\Reception->store()
#9 C:\xampp\htdocs\HMS\system\CodeIgniter.php(507): CodeIgniter\CodeIgniter->runController(Object(App\Controllers\Reception))
#10 C:\xampp\htdocs\HMS\system\CodeIgniter.php(354): CodeIgniter\CodeIgniter->handleRequest(NULL, Object(Config\Cache), false)
#11 C:\xampp\htdocs\HMS\system\Boot.php(363): CodeIgniter\CodeIgniter->run()
#12 C:\xampp\htdocs\HMS\system\Boot.php(68): CodeIgniter\Boot::runCodeIgniter(Object(CodeIgniter\CodeIgniter))
#13 C:\xampp\htdocs\HMS\index.php(59): CodeIgniter\Boot::bootWeb(Object(Config\Paths))
#14 {main}
ERROR - 2025-11-02 13:29:59 --> Database exception: Unknown column 'first_name' in 'field list'
ERROR - 2025-11-02 13:29:59 --> mysqli_sql_exception: Unknown column 'first_name' in 'field list' in C:\xampp\htdocs\HMS\system\Database\MySQLi\Connection.php:327
Stack trace:
#0 C:\xampp\htdocs\HMS\system\Database\MySQLi\Connection.php(327): mysqli->query('INSERT INTO `pa...', 0)
#1 C:\xampp\htdocs\HMS\system\Database\BaseConnection.php(729): CodeIgniter\Database\MySQLi\Connection->execute('INSERT INTO `pa...')
#2 C:\xampp\htdocs\HMS\system\Database\BaseConnection.php(646): CodeIgniter\Database\BaseConnection->simpleQuery('INSERT INTO `pa...')
#3 C:\xampp\htdocs\HMS\system\Database\BaseBuilder.php(2345): CodeIgniter\Database\BaseConnection->query('INSERT INTO `pa...', Array, false)
#4 C:\xampp\htdocs\HMS\system\Model.php(394): CodeIgniter\Database\BaseBuilder->insert()
#5 C:\xampp\htdocs\HMS\system\BaseModel.php(838): CodeIgniter\Model->doInsert(Array)
#6 C:\xampp\htdocs\HMS\system\Model.php(797): CodeIgniter\BaseModel->insert(Array, true)
#7 C:\xampp\htdocs\HMS\app\Controllers\Reception.php(353): CodeIgniter\Model->insert(Array)
#8 C:\xampp\htdocs\HMS\system\CodeIgniter.php(933): App\Controllers\Reception->store()
#9 C:\xampp\htdocs\HMS\system\CodeIgniter.php(507): CodeIgniter\CodeIgniter->runController(Object(App\Controllers\Reception))
#10 C:\xampp\htdocs\HMS\system\CodeIgniter.php(354): CodeIgniter\CodeIgniter->handleRequest(NULL, Object(Config\Cache), false)
#11 C:\xampp\htdocs\HMS\system\Boot.php(363): CodeIgniter\CodeIgniter->run()
#12 C:\xampp\htdocs\HMS\system\Boot.php(68): CodeIgniter\Boot::runCodeIgniter(Object(CodeIgniter\CodeIgniter))
#13 C:\xampp\htdocs\HMS\index.php(59): CodeIgniter\Boot::bootWeb(Object(Config\Paths))
#14 {main}
ERROR - 2025-11-02 13:29:59 --> Database exception: Unknown column 'first_name' in 'field list'
ERROR - 2025-11-02 13:30:00 --> mysqli_sql_exception: Unknown column 'first_name' in 'field list' in C:\xampp\htdocs\HMS\system\Database\MySQLi\Connection.php:327
Stack trace:
#0 C:\xampp\htdocs\HMS\system\Database\MySQLi\Connection.php(327): mysqli->query('INSERT INTO `pa...', 0)
#1 C:\xampp\htdocs\HMS\system\Database\BaseConnection.php(729): CodeIgniter\Database\MySQLi\Connection->execute('INSERT INTO `pa...')
#2 C:\xampp\htdocs\HMS\system\Database\BaseConnection.php(646): CodeIgniter\Database\BaseConnection->simpleQuery('INSERT INTO `pa...')
#3 C:\xampp\htdocs\HMS\system\Database\BaseBuilder.php(2345): CodeIgniter\Database\BaseConnection->query('INSERT INTO `pa...', Array, false)
#4 C:\xampp\htdocs\HMS\system\Model.php(394): CodeIgniter\Database\BaseBuilder->insert()
#5 C:\xampp\htdocs\HMS\system\BaseModel.php(838): CodeIgniter\Model->doInsert(Array)
#6 C:\xampp\htdocs\HMS\system\Model.php(797): CodeIgniter\BaseModel->insert(Array, true)
#7 C:\xampp\htdocs\HMS\app\Controllers\Reception.php(353): CodeIgniter\Model->insert(Array)
#8 C:\xampp\htdocs\HMS\system\CodeIgniter.php(933): App\Controllers\Reception->store()
#9 C:\xampp\htdocs\HMS\system\CodeIgniter.php(507): CodeIgniter\CodeIgniter->runController(Object(App\Controllers\Reception))
#10 C:\xampp\htdocs\HMS\system\CodeIgniter.php(354): CodeIgniter\CodeIgniter->handleRequest(NULL, Object(Config\Cache), false)
#11 C:\xampp\htdocs\HMS\system\Boot.php(363): CodeIgniter\CodeIgniter->run()
#12 C:\xampp\htdocs\HMS\system\Boot.php(68): CodeIgniter\Boot::runCodeIgniter(Object(CodeIgniter\CodeIgniter))
#13 C:\xampp\htdocs\HMS\index.php(59): CodeIgniter\Boot::bootWeb(Object(Config\Paths))
#14 {main}
ERROR - 2025-11-02 13:30:00 --> Database exception: Unknown column 'first_name' in 'field list'
ERROR - 2025-11-02 13:30:00 --> mysqli_sql_exception: Unknown column 'first_name' in 'field list' in C:\xampp\htdocs\HMS\system\Database\MySQLi\Connection.php:327
Stack trace:
#0 C:\xampp\htdocs\HMS\system\Database\MySQLi\Connection.php(327): mysqli->query('INSERT INTO `pa...', 0)
#1 C:\xampp\htdocs\HMS\system\Database\BaseConnection.php(729): CodeIgniter\Database\MySQLi\Connection->execute('INSERT INTO `pa...')
#2 C:\xampp\htdocs\HMS\system\Database\BaseConnection.php(646): CodeIgniter\Database\BaseConnection->simpleQuery('INSERT INTO `pa...')
#3 C:\xampp\htdocs\HMS\system\Database\BaseBuilder.php(2345): CodeIgniter\Database\BaseConnection->query('INSERT INTO `pa...', Array, false)
#4 C:\xampp\htdocs\HMS\system\Model.php(394): CodeIgniter\Database\BaseBuilder->insert()
#5 C:\xampp\htdocs\HMS\system\BaseModel.php(838): CodeIgniter\Model->doInsert(Array)
#6 C:\xampp\htdocs\HMS\system\Model.php(797): CodeIgniter\BaseModel->insert(Array, true)
#7 C:\xampp\htdocs\HMS\app\Controllers\Reception.php(353): CodeIgniter\Model->insert(Array)
#8 C:\xampp\htdocs\HMS\system\CodeIgniter.php(933): App\Controllers\Reception->store()
#9 C:\xampp\htdocs\HMS\system\CodeIgniter.php(507): CodeIgniter\CodeIgniter->runController(Object(App\Controllers\Reception))
#10 C:\xampp\htdocs\HMS\system\CodeIgniter.php(354): CodeIgniter\CodeIgniter->handleRequest(NULL, Object(Config\Cache), false)
#11 C:\xampp\htdocs\HMS\system\Boot.php(363): CodeIgniter\CodeIgniter->run()
#12 C:\xampp\htdocs\HMS\system\Boot.php(68): CodeIgniter\Boot::runCodeIgniter(Object(CodeIgniter\CodeIgniter))
#13 C:\xampp\htdocs\HMS\index.php(59): CodeIgniter\Boot::bootWeb(Object(Config\Paths))
#14 {main}
ERROR - 2025-11-02 13:30:00 --> Database exception: Unknown column 'first_name' in 'field list'
ERROR - 2025-11-02 13:30:01 --> mysqli_sql_exception: Unknown column 'first_name' in 'field list' in C:\xampp\htdocs\HMS\system\Database\MySQLi\Connection.php:327
Stack trace:
#0 C:\xampp\htdocs\HMS\system\Database\MySQLi\Connection.php(327): mysqli->query('INSERT INTO `pa...', 0)
#1 C:\xampp\htdocs\HMS\system\Database\BaseConnection.php(729): CodeIgniter\Database\MySQLi\Connection->execute('INSERT INTO `pa...')
#2 C:\xampp\htdocs\HMS\system\Database\BaseConnection.php(646): CodeIgniter\Database\BaseConnection->simpleQuery('INSERT INTO `pa...')
#3 C:\xampp\htdocs\HMS\system\Database\BaseBuilder.php(2345): CodeIgniter\Database\BaseConnection->query('INSERT INTO `pa...', Array, false)
#4 C:\xampp\htdocs\HMS\system\Model.php(394): CodeIgniter\Database\BaseBuilder->insert()
#5 C:\xampp\htdocs\HMS\system\BaseModel.php(838): CodeIgniter\Model->doInsert(Array)
#6 C:\xampp\htdocs\HMS\system\Model.php(797): CodeIgniter\BaseModel->insert(Array, true)
#7 C:\xampp\htdocs\HMS\app\Controllers\Reception.php(353): CodeIgniter\Model->insert(Array)
#8 C:\xampp\htdocs\HMS\system\CodeIgniter.php(933): App\Controllers\Reception->store()
#9 C:\xampp\htdocs\HMS\system\CodeIgniter.php(507): CodeIgniter\CodeIgniter->runController(Object(App\Controllers\Reception))
#10 C:\xampp\htdocs\HMS\system\CodeIgniter.php(354): CodeIgniter\CodeIgniter->handleRequest(NULL, Object(Config\Cache), false)
#11 C:\xampp\htdocs\HMS\system\Boot.php(363): CodeIgniter\CodeIgniter->run()
#12 C:\xampp\htdocs\HMS\system\Boot.php(68): CodeIgniter\Boot::runCodeIgniter(Object(CodeIgniter\CodeIgniter))
#13 C:\xampp\htdocs\HMS\index.php(59): CodeIgniter\Boot::bootWeb(Object(Config\Paths))
#14 {main}
ERROR - 2025-11-02 13:30:01 --> Database exception: Unknown column 'first_name' in 'field list'
ERROR - 2025-11-02 13:30:32 --> mysqli_sql_exception: Unknown column 'first_name' in 'field list' in C:\xampp\htdocs\HMS\system\Database\MySQLi\Connection.php:327
Stack trace:
#0 C:\xampp\htdocs\HMS\system\Database\MySQLi\Connection.php(327): mysqli->query('INSERT INTO `pa...', 0)
#1 C:\xampp\htdocs\HMS\system\Database\BaseConnection.php(729): CodeIgniter\Database\MySQLi\Connection->execute('INSERT INTO `pa...')
#2 C:\xampp\htdocs\HMS\system\Database\BaseConnection.php(646): CodeIgniter\Database\BaseConnection->simpleQuery('INSERT INTO `pa...')
#3 C:\xampp\htdocs\HMS\system\Database\BaseBuilder.php(2345): CodeIgniter\Database\BaseConnection->query('INSERT INTO `pa...', Array, false)
#4 C:\xampp\htdocs\HMS\system\Model.php(394): CodeIgniter\Database\BaseBuilder->insert()
#5 C:\xampp\htdocs\HMS\system\BaseModel.php(838): CodeIgniter\Model->doInsert(Array)
#6 C:\xampp\htdocs\HMS\system\Model.php(797): CodeIgniter\BaseModel->insert(Array, true)
#7 C:\xampp\htdocs\HMS\app\Controllers\Reception.php(353): CodeIgniter\Model->insert(Array)
#8 C:\xampp\htdocs\HMS\system\CodeIgniter.php(933): App\Controllers\Reception->store()
#9 C:\xampp\htdocs\HMS\system\CodeIgniter.php(507): CodeIgniter\CodeIgniter->runController(Object(App\Controllers\Reception))
#10 C:\xampp\htdocs\HMS\system\CodeIgniter.php(354): CodeIgniter\CodeIgniter->handleRequest(NULL, Object(Config\Cache), false)
#11 C:\xampp\htdocs\HMS\system\Boot.php(363): CodeIgniter\CodeIgniter->run()
#12 C:\xampp\htdocs\HMS\system\Boot.php(68): CodeIgniter\Boot::runCodeIgniter(Object(CodeIgniter\CodeIgniter))
#13 C:\xampp\htdocs\HMS\index.php(59): CodeIgniter\Boot::bootWeb(Object(Config\Paths))
#14 {main}
ERROR - 2025-11-02 13:30:32 --> Database exception: Unknown column 'first_name' in 'field list'
ERROR - 2025-11-02 13:30:34 --> mysqli_sql_exception: Unknown column 'first_name' in 'field list' in C:\xampp\htdocs\HMS\system\Database\MySQLi\Connection.php:327
Stack trace:
#0 C:\xampp\htdocs\HMS\system\Database\MySQLi\Connection.php(327): mysqli->query('INSERT INTO `pa...', 0)
#1 C:\xampp\htdocs\HMS\system\Database\BaseConnection.php(729): CodeIgniter\Database\MySQLi\Connection->execute('INSERT INTO `pa...')
#2 C:\xampp\htdocs\HMS\system\Database\BaseConnection.php(646): CodeIgniter\Database\BaseConnection->simpleQuery('INSERT INTO `pa...')
#3 C:\xampp\htdocs\HMS\system\Database\BaseBuilder.php(2345): CodeIgniter\Database\BaseConnection->query('INSERT INTO `pa...', Array, false)
#4 C:\xampp\htdocs\HMS\system\Model.php(394): CodeIgniter\Database\BaseBuilder->insert()
#5 C:\xampp\htdocs\HMS\system\BaseModel.php(838): CodeIgniter\Model->doInsert(Array)
#6 C:\xampp\htdocs\HMS\system\Model.php(797): CodeIgniter\BaseModel->insert(Array, true)
#7 C:\xampp\htdocs\HMS\app\Controllers\Reception.php(353): CodeIgniter\Model->insert(Array)
#8 C:\xampp\htdocs\HMS\system\CodeIgniter.php(933): App\Controllers\Reception->store()
#9 C:\xampp\htdocs\HMS\system\CodeIgniter.php(507): CodeIgniter\CodeIgniter->runController(Object(App\Controllers\Reception))
#10 C:\xampp\htdocs\HMS\system\CodeIgniter.php(354): CodeIgniter\CodeIgniter->handleRequest(NULL, Object(Config\Cache), false)
#11 C:\xampp\htdocs\HMS\system\Boot.php(363): CodeIgniter\CodeIgniter->run()
#12 C:\xampp\htdocs\HMS\system\Boot.php(68): CodeIgniter\Boot::runCodeIgniter(Object(CodeIgniter\CodeIgniter))
#13 C:\xampp\htdocs\HMS\index.php(59): CodeIgniter\Boot::bootWeb(Object(Config\Paths))
#14 {main}
ERROR - 2025-11-02 13:30:34 --> Database exception: Unknown column 'first_name' in 'field list'
ERROR - 2025-11-02 13:31:56 --> mysqli_sql_exception: Unknown column 'first_name' in 'field list' in C:\xampp\htdocs\HMS\system\Database\MySQLi\Connection.php:327
Stack trace:
#0 C:\xampp\htdocs\HMS\system\Database\MySQLi\Connection.php(327): mysqli->query('INSERT INTO `pa...', 0)
#1 C:\xampp\htdocs\HMS\system\Database\BaseConnection.php(729): CodeIgniter\Database\MySQLi\Connection->execute('INSERT INTO `pa...')
#2 C:\xampp\htdocs\HMS\system\Database\BaseConnection.php(646): CodeIgniter\Database\BaseConnection->simpleQuery('INSERT INTO `pa...')
#3 C:\xampp\htdocs\HMS\system\Database\BaseBuilder.php(2345): CodeIgniter\Database\BaseConnection->query('INSERT INTO `pa...', Array, false)
#4 C:\xampp\htdocs\HMS\system\Model.php(394): CodeIgniter\Database\BaseBuilder->insert()
#5 C:\xampp\htdocs\HMS\system\BaseModel.php(838): CodeIgniter\Model->doInsert(Array)
#6 C:\xampp\htdocs\HMS\system\Model.php(797): CodeIgniter\BaseModel->insert(Array, true)
#7 C:\xampp\htdocs\HMS\app\Controllers\Reception.php(355): CodeIgniter\Model->insert(Array)
#8 C:\xampp\htdocs\HMS\system\CodeIgniter.php(933): App\Controllers\Reception->store()
#9 C:\xampp\htdocs\HMS\system\CodeIgniter.php(507): CodeIgniter\CodeIgniter->runController(Object(App\Controllers\Reception))
#10 C:\xampp\htdocs\HMS\system\CodeIgniter.php(354): CodeIgniter\CodeIgniter->handleRequest(NULL, Object(Config\Cache), false)
#11 C:\xampp\htdocs\HMS\system\Boot.php(363): CodeIgniter\CodeIgniter->run()
#12 C:\xampp\htdocs\HMS\system\Boot.php(68): CodeIgniter\Boot::runCodeIgniter(Object(CodeIgniter\CodeIgniter))
#13 C:\xampp\htdocs\HMS\index.php(59): CodeIgniter\Boot::bootWeb(Object(Config\Paths))
#14 {main}
ERROR - 2025-11-02 13:31:56 --> Database exception: Unknown column 'first_name' in 'field list'
ERROR - 2025-11-02 13:31:57 --> mysqli_sql_exception: Unknown column 'first_name' in 'field list' in C:\xampp\htdocs\HMS\system\Database\MySQLi\Connection.php:327
Stack trace:
#0 C:\xampp\htdocs\HMS\system\Database\MySQLi\Connection.php(327): mysqli->query('INSERT INTO `pa...', 0)
#1 C:\xampp\htdocs\HMS\system\Database\BaseConnection.php(729): CodeIgniter\Database\MySQLi\Connection->execute('INSERT INTO `pa...')
#2 C:\xampp\htdocs\HMS\system\Database\BaseConnection.php(646): CodeIgniter\Database\BaseConnection->simpleQuery('INSERT INTO `pa...')
#3 C:\xampp\htdocs\HMS\system\Database\BaseBuilder.php(2345): CodeIgniter\Database\BaseConnection->query('INSERT INTO `pa...', Array, false)
#4 C:\xampp\htdocs\HMS\system\Model.php(394): CodeIgniter\Database\BaseBuilder->insert()
#5 C:\xampp\htdocs\HMS\system\BaseModel.php(838): CodeIgniter\Model->doInsert(Array)
#6 C:\xampp\htdocs\HMS\system\Model.php(797): CodeIgniter\BaseModel->insert(Array, true)
#7 C:\xampp\htdocs\HMS\app\Controllers\Reception.php(355): CodeIgniter\Model->insert(Array)
#8 C:\xampp\htdocs\HMS\system\CodeIgniter.php(933): App\Controllers\Reception->store()
#9 C:\xampp\htdocs\HMS\system\CodeIgniter.php(507): CodeIgniter\CodeIgniter->runController(Object(App\Controllers\Reception))
#10 C:\xampp\htdocs\HMS\system\CodeIgniter.php(354): CodeIgniter\CodeIgniter->handleRequest(NULL, Object(Config\Cache), false)
#11 C:\xampp\htdocs\HMS\system\Boot.php(363): CodeIgniter\CodeIgniter->run()
#12 C:\xampp\htdocs\HMS\system\Boot.php(68): CodeIgniter\Boot::runCodeIgniter(Object(CodeIgniter\CodeIgniter))
#13 C:\xampp\htdocs\HMS\index.php(59): CodeIgniter\Boot::bootWeb(Object(Config\Paths))
#14 {main}
ERROR - 2025-11-02 13:31:57 --> Database exception: Unknown column 'first_name' in 'field list'
ERROR - 2025-11-02 13:31:57 --> mysqli_sql_exception: Unknown column 'first_name' in 'field list' in C:\xampp\htdocs\HMS\system\Database\MySQLi\Connection.php:327
Stack trace:
#0 C:\xampp\htdocs\HMS\system\Database\MySQLi\Connection.php(327): mysqli->query('INSERT INTO `pa...', 0)
#1 C:\xampp\htdocs\HMS\system\Database\BaseConnection.php(729): CodeIgniter\Database\MySQLi\Connection->execute('INSERT INTO `pa...')
#2 C:\xampp\htdocs\HMS\system\Database\BaseConnection.php(646): CodeIgniter\Database\BaseConnection->simpleQuery('INSERT INTO `pa...')
#3 C:\xampp\htdocs\HMS\system\Database\BaseBuilder.php(2345): CodeIgniter\Database\BaseConnection->query('INSERT INTO `pa...', Array, false)
#4 C:\xampp\htdocs\HMS\system\Model.php(394): CodeIgniter\Database\BaseBuilder->insert()
#5 C:\xampp\htdocs\HMS\system\BaseModel.php(838): CodeIgniter\Model->doInsert(Array)
#6 C:\xampp\htdocs\HMS\system\Model.php(797): CodeIgniter\BaseModel->insert(Array, true)
#7 C:\xampp\htdocs\HMS\app\Controllers\Reception.php(355): CodeIgniter\Model->insert(Array)
#8 C:\xampp\htdocs\HMS\system\CodeIgniter.php(933): App\Controllers\Reception->store()
#9 C:\xampp\htdocs\HMS\system\CodeIgniter.php(507): CodeIgniter\CodeIgniter->runController(Object(App\Controllers\Reception))
#10 C:\xampp\htdocs\HMS\system\CodeIgniter.php(354): CodeIgniter\CodeIgniter->handleRequest(NULL, Object(Config\Cache), false)
#11 C:\xampp\htdocs\HMS\system\Boot.php(363): CodeIgniter\CodeIgniter->run()
#12 C:\xampp\htdocs\HMS\system\Boot.php(68): CodeIgniter\Boot::runCodeIgniter(Object(CodeIgniter\CodeIgniter))
#13 C:\xampp\htdocs\HMS\index.php(59): CodeIgniter\Boot::bootWeb(Object(Config\Paths))
#14 {main}
ERROR - 2025-11-02 13:31:57 --> Database exception: Unknown column 'first_name' in 'field list'
ERROR - 2025-11-02 13:31:58 --> mysqli_sql_exception: Unknown column 'first_name' in 'field list' in C:\xampp\htdocs\HMS\system\Database\MySQLi\Connection.php:327
Stack trace:
#0 C:\xampp\htdocs\HMS\system\Database\MySQLi\Connection.php(327): mysqli->query('INSERT INTO `pa...', 0)
#1 C:\xampp\htdocs\HMS\system\Database\BaseConnection.php(729): CodeIgniter\Database\MySQLi\Connection->execute('INSERT INTO `pa...')
#2 C:\xampp\htdocs\HMS\system\Database\BaseConnection.php(646): CodeIgniter\Database\BaseConnection->simpleQuery('INSERT INTO `pa...')
#3 C:\xampp\htdocs\HMS\system\Database\BaseBuilder.php(2345): CodeIgniter\Database\BaseConnection->query('INSERT INTO `pa...', Array, false)
#4 C:\xampp\htdocs\HMS\system\Model.php(394): CodeIgniter\Database\BaseBuilder->insert()
#5 C:\xampp\htdocs\HMS\system\BaseModel.php(838): CodeIgniter\Model->doInsert(Array)
#6 C:\xampp\htdocs\HMS\system\Model.php(797): CodeIgniter\BaseModel->insert(Array, true)
#7 C:\xampp\htdocs\HMS\app\Controllers\Reception.php(355): CodeIgniter\Model->insert(Array)
#8 C:\xampp\htdocs\HMS\system\CodeIgniter.php(933): App\Controllers\Reception->store()
#9 C:\xampp\htdocs\HMS\system\CodeIgniter.php(507): CodeIgniter\CodeIgniter->runController(Object(App\Controllers\Reception))
#10 C:\xampp\htdocs\HMS\system\CodeIgniter.php(354): CodeIgniter\CodeIgniter->handleRequest(NULL, Object(Config\Cache), false)
#11 C:\xampp\htdocs\HMS\system\Boot.php(363): CodeIgniter\CodeIgniter->run()
#12 C:\xampp\htdocs\HMS\system\Boot.php(68): CodeIgniter\Boot::runCodeIgniter(Object(CodeIgniter\CodeIgniter))
#13 C:\xampp\htdocs\HMS\index.php(59): CodeIgniter\Boot::bootWeb(Object(Config\Paths))
#14 {main}
ERROR - 2025-11-02 13:31:58 --> Database exception: Unknown column 'first_name' in 'field list'
ERROR - 2025-11-02 13:31:58 --> mysqli_sql_exception: Unknown column 'first_name' in 'field list' in C:\xampp\htdocs\HMS\system\Database\MySQLi\Connection.php:327
Stack trace:
#0 C:\xampp\htdocs\HMS\system\Database\MySQLi\Connection.php(327): mysqli->query('INSERT INTO `pa...', 0)
#1 C:\xampp\htdocs\HMS\system\Database\BaseConnection.php(729): CodeIgniter\Database\MySQLi\Connection->execute('INSERT INTO `pa...')
#2 C:\xampp\htdocs\HMS\system\Database\BaseConnection.php(646): CodeIgniter\Database\BaseConnection->simpleQuery('INSERT INTO `pa...')
#3 C:\xampp\htdocs\HMS\system\Database\BaseBuilder.php(2345): CodeIgniter\Database\BaseConnection->query('INSERT INTO `pa...', Array, false)
#4 C:\xampp\htdocs\HMS\system\Model.php(394): CodeIgniter\Database\BaseBuilder->insert()
#5 C:\xampp\htdocs\HMS\system\BaseModel.php(838): CodeIgniter\Model->doInsert(Array)
#6 C:\xampp\htdocs\HMS\system\Model.php(797): CodeIgniter\BaseModel->insert(Array, true)
#7 C:\xampp\htdocs\HMS\app\Controllers\Reception.php(355): CodeIgniter\Model->insert(Array)
#8 C:\xampp\htdocs\HMS\system\CodeIgniter.php(933): App\Controllers\Reception->store()
#9 C:\xampp\htdocs\HMS\system\CodeIgniter.php(507): CodeIgniter\CodeIgniter->runController(Object(App\Controllers\Reception))
#10 C:\xampp\htdocs\HMS\system\CodeIgniter.php(354): CodeIgniter\CodeIgniter->handleRequest(NULL, Object(Config\Cache), false)
#11 C:\xampp\htdocs\HMS\system\Boot.php(363): CodeIgniter\CodeIgniter->run()
#12 C:\xampp\htdocs\HMS\system\Boot.php(68): CodeIgniter\Boot::runCodeIgniter(Object(CodeIgniter\CodeIgniter))
#13 C:\xampp\htdocs\HMS\index.php(59): CodeIgniter\Boot::bootWeb(Object(Config\Paths))
#14 {main}
ERROR - 2025-11-02 13:31:58 --> Database exception: Unknown column 'first_name' in 'field list'
ERROR - 2025-11-02 13:32:20 --> mysqli_sql_exception: Unknown column 'first_name' in 'field list' in C:\xampp\htdocs\HMS\system\Database\MySQLi\Connection.php:327
Stack trace:
#0 C:\xampp\htdocs\HMS\system\Database\MySQLi\Connection.php(327): mysqli->query('INSERT INTO `pa...', 0)
#1 C:\xampp\htdocs\HMS\system\Database\BaseConnection.php(729): CodeIgniter\Database\MySQLi\Connection->execute('INSERT INTO `pa...')
#2 C:\xampp\htdocs\HMS\system\Database\BaseConnection.php(646): CodeIgniter\Database\BaseConnection->simpleQuery('INSERT INTO `pa...')
#3 C:\xampp\htdocs\HMS\system\Database\BaseBuilder.php(2345): CodeIgniter\Database\BaseConnection->query('INSERT INTO `pa...', Array, false)
#4 C:\xampp\htdocs\HMS\system\Model.php(394): CodeIgniter\Database\BaseBuilder->insert()
#5 C:\xampp\htdocs\HMS\system\BaseModel.php(838): CodeIgniter\Model->doInsert(Array)
#6 C:\xampp\htdocs\HMS\system\Model.php(797): CodeIgniter\BaseModel->insert(Array, true)
#7 C:\xampp\htdocs\HMS\app\Controllers\Reception.php(355): CodeIgniter\Model->insert(Array)
#8 C:\xampp\htdocs\HMS\system\CodeIgniter.php(933): App\Controllers\Reception->store()
#9 C:\xampp\htdocs\HMS\system\CodeIgniter.php(507): CodeIgniter\CodeIgniter->runController(Object(App\Controllers\Reception))
#10 C:\xampp\htdocs\HMS\system\CodeIgniter.php(354): CodeIgniter\CodeIgniter->handleRequest(NULL, Object(Config\Cache), false)
#11 C:\xampp\htdocs\HMS\system\Boot.php(363): CodeIgniter\CodeIgniter->run()
#12 C:\xampp\htdocs\HMS\system\Boot.php(68): CodeIgniter\Boot::runCodeIgniter(Object(CodeIgniter\CodeIgniter))
#13 C:\xampp\htdocs\HMS\index.php(59): CodeIgniter\Boot::bootWeb(Object(Config\Paths))
#14 {main}
ERROR - 2025-11-02 13:32:20 --> Database exception: Unknown column 'first_name' in 'field list'
ERROR - 2025-11-02 13:32:21 --> mysqli_sql_exception: Unknown column 'first_name' in 'field list' in C:\xampp\htdocs\HMS\system\Database\MySQLi\Connection.php:327
Stack trace:
#0 C:\xampp\htdocs\HMS\system\Database\MySQLi\Connection.php(327): mysqli->query('INSERT INTO `pa...', 0)
#1 C:\xampp\htdocs\HMS\system\Database\BaseConnection.php(729): CodeIgniter\Database\MySQLi\Connection->execute('INSERT INTO `pa...')
#2 C:\xampp\htdocs\HMS\system\Database\BaseConnection.php(646): CodeIgniter\Database\BaseConnection->simpleQuery('INSERT INTO `pa...')
#3 C:\xampp\htdocs\HMS\system\Database\BaseBuilder.php(2345): CodeIgniter\Database\BaseConnection->query('INSERT INTO `pa...', Array, false)
#4 C:\xampp\htdocs\HMS\system\Model.php(394): CodeIgniter\Database\BaseBuilder->insert()
#5 C:\xampp\htdocs\HMS\system\BaseModel.php(838): CodeIgniter\Model->doInsert(Array)
#6 C:\xampp\htdocs\HMS\system\Model.php(797): CodeIgniter\BaseModel->insert(Array, true)
#7 C:\xampp\htdocs\HMS\app\Controllers\Reception.php(355): CodeIgniter\Model->insert(Array)
#8 C:\xampp\htdocs\HMS\system\CodeIgniter.php(933): App\Controllers\Reception->store()
#9 C:\xampp\htdocs\HMS\system\CodeIgniter.php(507): CodeIgniter\CodeIgniter->runController(Object(App\Controllers\Reception))
#10 C:\xampp\htdocs\HMS\system\CodeIgniter.php(354): CodeIgniter\CodeIgniter->handleRequest(NULL, Object(Config\Cache), false)
#11 C:\xampp\htdocs\HMS\system\Boot.php(363): CodeIgniter\CodeIgniter->run()
#12 C:\xampp\htdocs\HMS\system\Boot.php(68): CodeIgniter\Boot::runCodeIgniter(Object(CodeIgniter\CodeIgniter))
#13 C:\xampp\htdocs\HMS\index.php(59): CodeIgniter\Boot::bootWeb(Object(Config\Paths))
#14 {main}
ERROR - 2025-11-02 13:32:21 --> Database exception: Unknown column 'first_name' in 'field list'
ERROR - 2025-11-02 13:33:12 --> mysqli_sql_exception: Unknown column 'first_name' in 'field list' in C:\xampp\htdocs\HMS\system\Database\MySQLi\Connection.php:327
Stack trace:
#0 C:\xampp\htdocs\HMS\system\Database\MySQLi\Connection.php(327): mysqli->query('INSERT INTO `pa...', 0)
#1 C:\xampp\htdocs\HMS\system\Database\BaseConnection.php(729): CodeIgniter\Database\MySQLi\Connection->execute('INSERT INTO `pa...')
#2 C:\xampp\htdocs\HMS\system\Database\BaseConnection.php(646): CodeIgniter\Database\BaseConnection->simpleQuery('INSERT INTO `pa...')
#3 C:\xampp\htdocs\HMS\system\Database\BaseBuilder.php(2345): CodeIgniter\Database\BaseConnection->query('INSERT INTO `pa...', Array, false)
#4 C:\xampp\htdocs\HMS\system\Model.php(394): CodeIgniter\Database\BaseBuilder->insert()
#5 C:\xampp\htdocs\HMS\system\BaseModel.php(838): CodeIgniter\Model->doInsert(Array)
#6 C:\xampp\htdocs\HMS\system\Model.php(797): CodeIgniter\BaseModel->insert(Array, true)
#7 C:\xampp\htdocs\HMS\app\Controllers\Reception.php(372): CodeIgniter\Model->insert(Array)
#8 C:\xampp\htdocs\HMS\system\CodeIgniter.php(933): App\Controllers\Reception->store()
#9 C:\xampp\htdocs\HMS\system\CodeIgniter.php(507): CodeIgniter\CodeIgniter->runController(Object(App\Controllers\Reception))
#10 C:\xampp\htdocs\HMS\system\CodeIgniter.php(354): CodeIgniter\CodeIgniter->handleRequest(NULL, Object(Config\Cache), false)
#11 C:\xampp\htdocs\HMS\system\Boot.php(363): CodeIgniter\CodeIgniter->run()
#12 C:\xampp\htdocs\HMS\system\Boot.php(68): CodeIgniter\Boot::runCodeIgniter(Object(CodeIgniter\CodeIgniter))
#13 C:\xampp\htdocs\HMS\index.php(59): CodeIgniter\Boot::bootWeb(Object(Config\Paths))
#14 {main}
ERROR - 2025-11-02 13:33:12 --> Database exception: Unknown column 'first_name' in 'field list'
ERROR - 2025-11-02 13:33:40 --> mysqli_sql_exception: Unknown column 'first_name' in 'field list' in C:\xampp\htdocs\HMS\system\Database\MySQLi\Connection.php:327
Stack trace:
#0 C:\xampp\htdocs\HMS\system\Database\MySQLi\Connection.php(327): mysqli->query('INSERT INTO `pa...', 0)
#1 C:\xampp\htdocs\HMS\system\Database\BaseConnection.php(729): CodeIgniter\Database\MySQLi\Connection->execute('INSERT INTO `pa...')
#2 C:\xampp\htdocs\HMS\system\Database\BaseConnection.php(646): CodeIgniter\Database\BaseConnection->simpleQuery('INSERT INTO `pa...')
#3 C:\xampp\htdocs\HMS\system\Database\BaseBuilder.php(2345): CodeIgniter\Database\BaseConnection->query('INSERT INTO `pa...', Array, false)
#4 C:\xampp\htdocs\HMS\system\Model.php(394): CodeIgniter\Database\BaseBuilder->insert()
#5 C:\xampp\htdocs\HMS\system\BaseModel.php(838): CodeIgniter\Model->doInsert(Array)
#6 C:\xampp\htdocs\HMS\system\Model.php(797): CodeIgniter\BaseModel->insert(Array, true)
#7 C:\xampp\htdocs\HMS\app\Controllers\Reception.php(372): CodeIgniter\Model->insert(Array)
#8 C:\xampp\htdocs\HMS\system\CodeIgniter.php(933): App\Controllers\Reception->store()
#9 C:\xampp\htdocs\HMS\system\CodeIgniter.php(507): CodeIgniter\CodeIgniter->runController(Object(App\Controllers\Reception))
#10 C:\xampp\htdocs\HMS\system\CodeIgniter.php(354): CodeIgniter\CodeIgniter->handleRequest(NULL, Object(Config\Cache), false)
#11 C:\xampp\htdocs\HMS\system\Boot.php(363): CodeIgniter\CodeIgniter->run()
#12 C:\xampp\htdocs\HMS\system\Boot.php(68): CodeIgniter\Boot::runCodeIgniter(Object(CodeIgniter\CodeIgniter))
#13 C:\xampp\htdocs\HMS\index.php(59): CodeIgniter\Boot::bootWeb(Object(Config\Paths))
#14 {main}
ERROR - 2025-11-02 13:33:40 --> Database exception: Unknown column 'first_name' in 'field list'
ERROR - 2025-11-02 13:33:40 --> mysqli_sql_exception: Unknown column 'first_name' in 'field list' in C:\xampp\htdocs\HMS\system\Database\MySQLi\Connection.php:327
Stack trace:
#0 C:\xampp\htdocs\HMS\system\Database\MySQLi\Connection.php(327): mysqli->query('INSERT INTO `pa...', 0)
#1 C:\xampp\htdocs\HMS\system\Database\BaseConnection.php(729): CodeIgniter\Database\MySQLi\Connection->execute('INSERT INTO `pa...')
#2 C:\xampp\htdocs\HMS\system\Database\BaseConnection.php(646): CodeIgniter\Database\BaseConnection->simpleQuery('INSERT INTO `pa...')
#3 C:\xampp\htdocs\HMS\system\Database\BaseBuilder.php(2345): CodeIgniter\Database\BaseConnection->query('INSERT INTO `pa...', Array, false)
#4 C:\xampp\htdocs\HMS\system\Model.php(394): CodeIgniter\Database\BaseBuilder->insert()
#5 C:\xampp\htdocs\HMS\system\BaseModel.php(838): CodeIgniter\Model->doInsert(Array)
#6 C:\xampp\htdocs\HMS\system\Model.php(797): CodeIgniter\BaseModel->insert(Array, true)
#7 C:\xampp\htdocs\HMS\app\Controllers\Reception.php(372): CodeIgniter\Model->insert(Array)
#8 C:\xampp\htdocs\HMS\system\CodeIgniter.php(933): App\Controllers\Reception->store()
#9 C:\xampp\htdocs\HMS\system\CodeIgniter.php(507): CodeIgniter\CodeIgniter->runController(Object(App\Controllers\Reception))
#10 C:\xampp\htdocs\HMS\system\CodeIgniter.php(354): CodeIgniter\CodeIgniter->handleRequest(NULL, Object(Config\Cache), false)
#11 C:\xampp\htdocs\HMS\system\Boot.php(363): CodeIgniter\CodeIgniter->run()
#12 C:\xampp\htdocs\HMS\system\Boot.php(68): CodeIgniter\Boot::runCodeIgniter(Object(CodeIgniter\CodeIgniter))
#13 C:\xampp\htdocs\HMS\index.php(59): CodeIgniter\Boot::bootWeb(Object(Config\Paths))
#14 {main}
ERROR - 2025-11-02 13:33:40 --> Database exception: Unknown column 'first_name' in 'field list'
ERROR - 2025-11-02 13:33:41 --> mysqli_sql_exception: Unknown column 'first_name' in 'field list' in C:\xampp\htdocs\HMS\system\Database\MySQLi\Connection.php:327
Stack trace:
#0 C:\xampp\htdocs\HMS\system\Database\MySQLi\Connection.php(327): mysqli->query('INSERT INTO `pa...', 0)
#1 C:\xampp\htdocs\HMS\system\Database\BaseConnection.php(729): CodeIgniter\Database\MySQLi\Connection->execute('INSERT INTO `pa...')
#2 C:\xampp\htdocs\HMS\system\Database\BaseConnection.php(646): CodeIgniter\Database\BaseConnection->simpleQuery('INSERT INTO `pa...')
#3 C:\xampp\htdocs\HMS\system\Database\BaseBuilder.php(2345): CodeIgniter\Database\BaseConnection->query('INSERT INTO `pa...', Array, false)
#4 C:\xampp\htdocs\HMS\system\Model.php(394): CodeIgniter\Database\BaseBuilder->insert()
#5 C:\xampp\htdocs\HMS\system\BaseModel.php(838): CodeIgniter\Model->doInsert(Array)
#6 C:\xampp\htdocs\HMS\system\Model.php(797): CodeIgniter\BaseModel->insert(Array, true)
#7 C:\xampp\htdocs\HMS\app\Controllers\Reception.php(372): CodeIgniter\Model->insert(Array)
#8 C:\xampp\htdocs\HMS\system\CodeIgniter.php(933): App\Controllers\Reception->store()
#9 C:\xampp\htdocs\HMS\system\CodeIgniter.php(507): CodeIgniter\CodeIgniter->runController(Object(App\Controllers\Reception))
#10 C:\xampp\htdocs\HMS\system\CodeIgniter.php(354): CodeIgniter\CodeIgniter->handleRequest(NULL, Object(Config\Cache), false)
#11 C:\xampp\htdocs\HMS\system\Boot.php(363): CodeIgniter\CodeIgniter->run()
#12 C:\xampp\htdocs\HMS\system\Boot.php(68): CodeIgniter\Boot::runCodeIgniter(Object(CodeIgniter\CodeIgniter))
#13 C:\xampp\htdocs\HMS\index.php(59): CodeIgniter\Boot::bootWeb(Object(Config\Paths))
#14 {main}
ERROR - 2025-11-02 13:33:41 --> Database exception: Unknown column 'first_name' in 'field list'
ERROR - 2025-11-02 13:33:41 --> mysqli_sql_exception: Unknown column 'first_name' in 'field list' in C:\xampp\htdocs\HMS\system\Database\MySQLi\Connection.php:327
Stack trace:
#0 C:\xampp\htdocs\HMS\system\Database\MySQLi\Connection.php(327): mysqli->query('INSERT INTO `pa...', 0)
#1 C:\xampp\htdocs\HMS\system\Database\BaseConnection.php(729): CodeIgniter\Database\MySQLi\Connection->execute('INSERT INTO `pa...')
#2 C:\xampp\htdocs\HMS\system\Database\BaseConnection.php(646): CodeIgniter\Database\BaseConnection->simpleQuery('INSERT INTO `pa...')
#3 C:\xampp\htdocs\HMS\system\Database\BaseBuilder.php(2345): CodeIgniter\Database\BaseConnection->query('INSERT INTO `pa...', Array, false)
#4 C:\xampp\htdocs\HMS\system\Model.php(394): CodeIgniter\Database\BaseBuilder->insert()
#5 C:\xampp\htdocs\HMS\system\BaseModel.php(838): CodeIgniter\Model->doInsert(Array)
#6 C:\xampp\htdocs\HMS\system\Model.php(797): CodeIgniter\BaseModel->insert(Array, true)
#7 C:\xampp\htdocs\HMS\app\Controllers\Reception.php(372): CodeIgniter\Model->insert(Array)
#8 C:\xampp\htdocs\HMS\system\CodeIgniter.php(933): App\Controllers\Reception->store()
#9 C:\xampp\htdocs\HMS\system\CodeIgniter.php(507): CodeIgniter\CodeIgniter->runController(Object(App\Controllers\Reception))
#10 C:\xampp\htdocs\HMS\system\CodeIgniter.php(354): CodeIgniter\CodeIgniter->handleRequest(NULL, Object(Config\Cache), false)
#11 C:\xampp\htdocs\HMS\system\Boot.php(363): CodeIgniter\CodeIgniter->run()
#12 C:\xampp\htdocs\HMS\system\Boot.php(68): CodeIgniter\Boot::runCodeIgniter(Object(CodeIgniter\CodeIgniter))
#13 C:\xampp\htdocs\HMS\index.php(59): CodeIgniter\Boot::bootWeb(Object(Config\Paths))
#14 {main}
ERROR - 2025-11-02 13:33:41 --> Database exception: Unknown column 'first_name' in 'field list'
ERROR - 2025-11-02 13:33:42 --> mysqli_sql_exception: Unknown column 'first_name' in 'field list' in C:\xampp\htdocs\HMS\system\Database\MySQLi\Connection.php:327
Stack trace:
#0 C:\xampp\htdocs\HMS\system\Database\MySQLi\Connection.php(327): mysqli->query('INSERT INTO `pa...', 0)
#1 C:\xampp\htdocs\HMS\system\Database\BaseConnection.php(729): CodeIgniter\Database\MySQLi\Connection->execute('INSERT INTO `pa...')
#2 C:\xampp\htdocs\HMS\system\Database\BaseConnection.php(646): CodeIgniter\Database\BaseConnection->simpleQuery('INSERT INTO `pa...')
#3 C:\xampp\htdocs\HMS\system\Database\BaseBuilder.php(2345): CodeIgniter\Database\BaseConnection->query('INSERT INTO `pa...', Array, false)
#4 C:\xampp\htdocs\HMS\system\Model.php(394): CodeIgniter\Database\BaseBuilder->insert()
#5 C:\xampp\htdocs\HMS\system\BaseModel.php(838): CodeIgniter\Model->doInsert(Array)
#6 C:\xampp\htdocs\HMS\system\Model.php(797): CodeIgniter\BaseModel->insert(Array, true)
#7 C:\xampp\htdocs\HMS\app\Controllers\Reception.php(372): CodeIgniter\Model->insert(Array)
#8 C:\xampp\htdocs\HMS\system\CodeIgniter.php(933): App\Controllers\Reception->store()
#9 C:\xampp\htdocs\HMS\system\CodeIgniter.php(507): CodeIgniter\CodeIgniter->runController(Object(App\Controllers\Reception))
#10 C:\xampp\htdocs\HMS\system\CodeIgniter.php(354): CodeIgniter\CodeIgniter->handleRequest(NULL, Object(Config\Cache), false)
#11 C:\xampp\htdocs\HMS\system\Boot.php(363): CodeIgniter\CodeIgniter->run()
#12 C:\xampp\htdocs\HMS\system\Boot.php(68): CodeIgniter\Boot::runCodeIgniter(Object(CodeIgniter\CodeIgniter))
#13 C:\xampp\htdocs\HMS\index.php(59): CodeIgniter\Boot::bootWeb(Object(Config\Paths))
#14 {main}
ERROR - 2025-11-02 13:33:42 --> Database exception: Unknown column 'first_name' in 'field list'
ERROR - 2025-11-02 13:33:42 --> mysqli_sql_exception: Unknown column 'first_name' in 'field list' in C:\xampp\htdocs\HMS\system\Database\MySQLi\Connection.php:327
Stack trace:
#0 C:\xampp\htdocs\HMS\system\Database\MySQLi\Connection.php(327): mysqli->query('INSERT INTO `pa...', 0)
#1 C:\xampp\htdocs\HMS\system\Database\BaseConnection.php(729): CodeIgniter\Database\MySQLi\Connection->execute('INSERT INTO `pa...')
#2 C:\xampp\htdocs\HMS\system\Database\BaseConnection.php(646): CodeIgniter\Database\BaseConnection->simpleQuery('INSERT INTO `pa...')
#3 C:\xampp\htdocs\HMS\system\Database\BaseBuilder.php(2345): CodeIgniter\Database\BaseConnection->query('INSERT INTO `pa...', Array, false)
#4 C:\xampp\htdocs\HMS\system\Model.php(394): CodeIgniter\Database\BaseBuilder->insert()
#5 C:\xampp\htdocs\HMS\system\BaseModel.php(838): CodeIgniter\Model->doInsert(Array)
#6 C:\xampp\htdocs\HMS\system\Model.php(797): CodeIgniter\BaseModel->insert(Array, true)
#7 C:\xampp\htdocs\HMS\app\Controllers\Reception.php(372): CodeIgniter\Model->insert(Array)
#8 C:\xampp\htdocs\HMS\system\CodeIgniter.php(933): App\Controllers\Reception->store()
#9 C:\xampp\htdocs\HMS\system\CodeIgniter.php(507): CodeIgniter\CodeIgniter->runController(Object(App\Controllers\Reception))
#10 C:\xampp\htdocs\HMS\system\CodeIgniter.php(354): CodeIgniter\CodeIgniter->handleRequest(NULL, Object(Config\Cache), false)
#11 C:\xampp\htdocs\HMS\system\Boot.php(363): CodeIgniter\CodeIgniter->run()
#12 C:\xampp\htdocs\HMS\system\Boot.php(68): CodeIgniter\Boot::runCodeIgniter(Object(CodeIgniter\CodeIgniter))
#13 C:\xampp\htdocs\HMS\index.php(59): CodeIgniter\Boot::bootWeb(Object(Config\Paths))
#14 {main}
ERROR - 2025-11-02 13:33:42 --> Database exception: Unknown column 'first_name' in 'field list'
ERROR - 2025-11-02 13:33:42 --> mysqli_sql_exception: Unknown column 'first_name' in 'field list' in C:\xampp\htdocs\HMS\system\Database\MySQLi\Connection.php:327
Stack trace:
#0 C:\xampp\htdocs\HMS\system\Database\MySQLi\Connection.php(327): mysqli->query('INSERT INTO `pa...', 0)
#1 C:\xampp\htdocs\HMS\system\Database\BaseConnection.php(729): CodeIgniter\Database\MySQLi\Connection->execute('INSERT INTO `pa...')
#2 C:\xampp\htdocs\HMS\system\Database\BaseConnection.php(646): CodeIgniter\Database\BaseConnection->simpleQuery('INSERT INTO `pa...')
#3 C:\xampp\htdocs\HMS\system\Database\BaseBuilder.php(2345): CodeIgniter\Database\BaseConnection->query('INSERT INTO `pa...', Array, false)
#4 C:\xampp\htdocs\HMS\system\Model.php(394): CodeIgniter\Database\BaseBuilder->insert()
#5 C:\xampp\htdocs\HMS\system\BaseModel.php(838): CodeIgniter\Model->doInsert(Array)
#6 C:\xampp\htdocs\HMS\system\Model.php(797): CodeIgniter\BaseModel->insert(Array, true)
#7 C:\xampp\htdocs\HMS\app\Controllers\Reception.php(372): CodeIgniter\Model->insert(Array)
#8 C:\xampp\htdocs\HMS\system\CodeIgniter.php(933): App\Controllers\Reception->store()
#9 C:\xampp\htdocs\HMS\system\CodeIgniter.php(507): CodeIgniter\CodeIgniter->runController(Object(App\Controllers\Reception))
#10 C:\xampp\htdocs\HMS\system\CodeIgniter.php(354): CodeIgniter\CodeIgniter->handleRequest(NULL, Object(Config\Cache), false)
#11 C:\xampp\htdocs\HMS\system\Boot.php(363): CodeIgniter\CodeIgniter->run()
#12 C:\xampp\htdocs\HMS\system\Boot.php(68): CodeIgniter\Boot::runCodeIgniter(Object(CodeIgniter\CodeIgniter))
#13 C:\xampp\htdocs\HMS\index.php(59): CodeIgniter\Boot::bootWeb(Object(Config\Paths))
#14 {main}
ERROR - 2025-11-02 13:33:42 --> Database exception: Unknown column 'first_name' in 'field list'
ERROR - 2025-11-02 13:33:43 --> mysqli_sql_exception: Unknown column 'first_name' in 'field list' in C:\xampp\htdocs\HMS\system\Database\MySQLi\Connection.php:327
Stack trace:
#0 C:\xampp\htdocs\HMS\system\Database\MySQLi\Connection.php(327): mysqli->query('INSERT INTO `pa...', 0)
#1 C:\xampp\htdocs\HMS\system\Database\BaseConnection.php(729): CodeIgniter\Database\MySQLi\Connection->execute('INSERT INTO `pa...')
#2 C:\xampp\htdocs\HMS\system\Database\BaseConnection.php(646): CodeIgniter\Database\BaseConnection->simpleQuery('INSERT INTO `pa...')
#3 C:\xampp\htdocs\HMS\system\Database\BaseBuilder.php(2345): CodeIgniter\Database\BaseConnection->query('INSERT INTO `pa...', Array, false)
#4 C:\xampp\htdocs\HMS\system\Model.php(394): CodeIgniter\Database\BaseBuilder->insert()
#5 C:\xampp\htdocs\HMS\system\BaseModel.php(838): CodeIgniter\Model->doInsert(Array)
#6 C:\xampp\htdocs\HMS\system\Model.php(797): CodeIgniter\BaseModel->insert(Array, true)
#7 C:\xampp\htdocs\HMS\app\Controllers\Reception.php(372): CodeIgniter\Model->insert(Array)
#8 C:\xampp\htdocs\HMS\system\CodeIgniter.php(933): App\Controllers\Reception->store()
#9 C:\xampp\htdocs\HMS\system\CodeIgniter.php(507): CodeIgniter\CodeIgniter->runController(Object(App\Controllers\Reception))
#10 C:\xampp\htdocs\HMS\system\CodeIgniter.php(354): CodeIgniter\CodeIgniter->handleRequest(NULL, Object(Config\Cache), false)
#11 C:\xampp\htdocs\HMS\system\Boot.php(363): CodeIgniter\CodeIgniter->run()
#12 C:\xampp\htdocs\HMS\system\Boot.php(68): CodeIgniter\Boot::runCodeIgniter(Object(CodeIgniter\CodeIgniter))
#13 C:\xampp\htdocs\HMS\index.php(59): CodeIgniter\Boot::bootWeb(Object(Config\Paths))
#14 {main}
ERROR - 2025-11-02 13:33:43 --> Database exception: Unknown column 'first_name' in 'field list'
ERROR - 2025-11-02 13:33:43 --> mysqli_sql_exception: Unknown column 'first_name' in 'field list' in C:\xampp\htdocs\HMS\system\Database\MySQLi\Connection.php:327
Stack trace:
#0 C:\xampp\htdocs\HMS\system\Database\MySQLi\Connection.php(327): mysqli->query('INSERT INTO `pa...', 0)
#1 C:\xampp\htdocs\HMS\system\Database\BaseConnection.php(729): CodeIgniter\Database\MySQLi\Connection->execute('INSERT INTO `pa...')
#2 C:\xampp\htdocs\HMS\system\Database\BaseConnection.php(646): CodeIgniter\Database\BaseConnection->simpleQuery('INSERT INTO `pa...')
#3 C:\xampp\htdocs\HMS\system\Database\BaseBuilder.php(2345): CodeIgniter\Database\BaseConnection->query('INSERT INTO `pa...', Array, false)
#4 C:\xampp\htdocs\HMS\system\Model.php(394): CodeIgniter\Database\BaseBuilder->insert()
#5 C:\xampp\htdocs\HMS\system\BaseModel.php(838): CodeIgniter\Model->doInsert(Array)
#6 C:\xampp\htdocs\HMS\system\Model.php(797): CodeIgniter\BaseModel->insert(Array, true)
#7 C:\xampp\htdocs\HMS\app\Controllers\Reception.php(372): CodeIgniter\Model->insert(Array)
#8 C:\xampp\htdocs\HMS\system\CodeIgniter.php(933): App\Controllers\Reception->store()
#9 C:\xampp\htdocs\HMS\system\CodeIgniter.php(507): CodeIgniter\CodeIgniter->runController(Object(App\Controllers\Reception))
#10 C:\xampp\htdocs\HMS\system\CodeIgniter.php(354): CodeIgniter\CodeIgniter->handleRequest(NULL, Object(Config\Cache), false)
#11 C:\xampp\htdocs\HMS\system\Boot.php(363): CodeIgniter\CodeIgniter->run()
#12 C:\xampp\htdocs\HMS\system\Boot.php(68): CodeIgniter\Boot::runCodeIgniter(Object(CodeIgniter\CodeIgniter))
#13 C:\xampp\htdocs\HMS\index.php(59): CodeIgniter\Boot::bootWeb(Object(Config\Paths))
#14 {main}
ERROR - 2025-11-02 13:33:43 --> Database exception: Unknown column 'first_name' in 'field list'
ERROR - 2025-11-02 13:33:44 --> mysqli_sql_exception: Unknown column 'first_name' in 'field list' in C:\xampp\htdocs\HMS\system\Database\MySQLi\Connection.php:327
Stack trace:
#0 C:\xampp\htdocs\HMS\system\Database\MySQLi\Connection.php(327): mysqli->query('INSERT INTO `pa...', 0)
#1 C:\xampp\htdocs\HMS\system\Database\BaseConnection.php(729): CodeIgniter\Database\MySQLi\Connection->execute('INSERT INTO `pa...')
#2 C:\xampp\htdocs\HMS\system\Database\BaseConnection.php(646): CodeIgniter\Database\BaseConnection->simpleQuery('INSERT INTO `pa...')
#3 C:\xampp\htdocs\HMS\system\Database\BaseBuilder.php(2345): CodeIgniter\Database\BaseConnection->query('INSERT INTO `pa...', Array, false)
#4 C:\xampp\htdocs\HMS\system\Model.php(394): CodeIgniter\Database\BaseBuilder->insert()
#5 C:\xampp\htdocs\HMS\system\BaseModel.php(838): CodeIgniter\Model->doInsert(Array)
#6 C:\xampp\htdocs\HMS\system\Model.php(797): CodeIgniter\BaseModel->insert(Array, true)
#7 C:\xampp\htdocs\HMS\app\Controllers\Reception.php(372): CodeIgniter\Model->insert(Array)
#8 C:\xampp\htdocs\HMS\system\CodeIgniter.php(933): App\Controllers\Reception->store()
#9 C:\xampp\htdocs\HMS\system\CodeIgniter.php(507): CodeIgniter\CodeIgniter->runController(Object(App\Controllers\Reception))
#10 C:\xampp\htdocs\HMS\system\CodeIgniter.php(354): CodeIgniter\CodeIgniter->handleRequest(NULL, Object(Config\Cache), false)
#11 C:\xampp\htdocs\HMS\system\Boot.php(363): CodeIgniter\CodeIgniter->run()
#12 C:\xampp\htdocs\HMS\system\Boot.php(68): CodeIgniter\Boot::runCodeIgniter(Object(CodeIgniter\CodeIgniter))
#13 C:\xampp\htdocs\HMS\index.php(59): CodeIgniter\Boot::bootWeb(Object(Config\Paths))
#14 {main}
ERROR - 2025-11-02 13:33:44 --> Database exception: Unknown column 'first_name' in 'field list'
ERROR - 2025-11-02 13:35:36 --> mysqli_sql_exception: Unknown column 'first_name' in 'field list' in C:\xampp\htdocs\HMS\system\Database\MySQLi\Connection.php:327
Stack trace:
#0 C:\xampp\htdocs\HMS\system\Database\MySQLi\Connection.php(327): mysqli->query('INSERT INTO `pa...', 0)
#1 C:\xampp\htdocs\HMS\system\Database\BaseConnection.php(729): CodeIgniter\Database\MySQLi\Connection->execute('INSERT INTO `pa...')
#2 C:\xampp\htdocs\HMS\system\Database\BaseConnection.php(646): CodeIgniter\Database\BaseConnection->simpleQuery('INSERT INTO `pa...')
#3 C:\xampp\htdocs\HMS\system\Database\BaseBuilder.php(2345): CodeIgniter\Database\BaseConnection->query('INSERT INTO `pa...', Array, false)
#4 C:\xampp\htdocs\HMS\system\Model.php(394): CodeIgniter\Database\BaseBuilder->insert()
#5 C:\xampp\htdocs\HMS\system\BaseModel.php(838): CodeIgniter\Model->doInsert(Array)
#6 C:\xampp\htdocs\HMS\system\Model.php(797): CodeIgniter\BaseModel->insert(Array, true)
#7 C:\xampp\htdocs\HMS\app\Controllers\Reception.php(372): CodeIgniter\Model->insert(Array)
#8 C:\xampp\htdocs\HMS\system\CodeIgniter.php(933): App\Controllers\Reception->store()
#9 C:\xampp\htdocs\HMS\system\CodeIgniter.php(507): CodeIgniter\CodeIgniter->runController(Object(App\Controllers\Reception))
#10 C:\xampp\htdocs\HMS\system\CodeIgniter.php(354): CodeIgniter\CodeIgniter->handleRequest(NULL, Object(Config\Cache), false)
#11 C:\xampp\htdocs\HMS\system\Boot.php(363): CodeIgniter\CodeIgniter->run()
#12 C:\xampp\htdocs\HMS\system\Boot.php(68): CodeIgniter\Boot::runCodeIgniter(Object(CodeIgniter\CodeIgniter))
#13 C:\xampp\htdocs\HMS\index.php(59): CodeIgniter\Boot::bootWeb(Object(Config\Paths))
#14 {main}
ERROR - 2025-11-02 13:35:36 --> Database exception: Unknown column 'first_name' in 'field list'
ERROR - 2025-11-02 13:35:36 --> mysqli_sql_exception: Unknown column 'first_name' in 'field list' in C:\xampp\htdocs\HMS\system\Database\MySQLi\Connection.php:327
Stack trace:
#0 C:\xampp\htdocs\HMS\system\Database\MySQLi\Connection.php(327): mysqli->query('INSERT INTO `pa...', 0)
#1 C:\xampp\htdocs\HMS\system\Database\BaseConnection.php(729): CodeIgniter\Database\MySQLi\Connection->execute('INSERT INTO `pa...')
#2 C:\xampp\htdocs\HMS\system\Database\BaseConnection.php(646): CodeIgniter\Database\BaseConnection->simpleQuery('INSERT INTO `pa...')
#3 C:\xampp\htdocs\HMS\system\Database\BaseBuilder.php(2345): CodeIgniter\Database\BaseConnection->query('INSERT INTO `pa...', Array, false)
#4 C:\xampp\htdocs\HMS\system\Model.php(394): CodeIgniter\Database\BaseBuilder->insert()
#5 C:\xampp\htdocs\HMS\system\BaseModel.php(838): CodeIgniter\Model->doInsert(Array)
#6 C:\xampp\htdocs\HMS\system\Model.php(797): CodeIgniter\BaseModel->insert(Array, true)
#7 C:\xampp\htdocs\HMS\app\Controllers\Reception.php(372): CodeIgniter\Model->insert(Array)
#8 C:\xampp\htdocs\HMS\system\CodeIgniter.php(933): App\Controllers\Reception->store()
#9 C:\xampp\htdocs\HMS\system\CodeIgniter.php(507): CodeIgniter\CodeIgniter->runController(Object(App\Controllers\Reception))
#10 C:\xampp\htdocs\HMS\system\CodeIgniter.php(354): CodeIgniter\CodeIgniter->handleRequest(NULL, Object(Config\Cache), false)
#11 C:\xampp\htdocs\HMS\system\Boot.php(363): CodeIgniter\CodeIgniter->run()
#12 C:\xampp\htdocs\HMS\system\Boot.php(68): CodeIgniter\Boot::runCodeIgniter(Object(CodeIgniter\CodeIgniter))
#13 C:\xampp\htdocs\HMS\index.php(59): CodeIgniter\Boot::bootWeb(Object(Config\Paths))
#14 {main}
ERROR - 2025-11-02 13:35:36 --> Database exception: Unknown column 'first_name' in 'field list'
ERROR - 2025-11-02 13:35:37 --> mysqli_sql_exception: Unknown column 'first_name' in 'field list' in C:\xampp\htdocs\HMS\system\Database\MySQLi\Connection.php:327
Stack trace:
#0 C:\xampp\htdocs\HMS\system\Database\MySQLi\Connection.php(327): mysqli->query('INSERT INTO `pa...', 0)
#1 C:\xampp\htdocs\HMS\system\Database\BaseConnection.php(729): CodeIgniter\Database\MySQLi\Connection->execute('INSERT INTO `pa...')
#2 C:\xampp\htdocs\HMS\system\Database\BaseConnection.php(646): CodeIgniter\Database\BaseConnection->simpleQuery('INSERT INTO `pa...')
#3 C:\xampp\htdocs\HMS\system\Database\BaseBuilder.php(2345): CodeIgniter\Database\BaseConnection->query('INSERT INTO `pa...', Array, false)
#4 C:\xampp\htdocs\HMS\system\Model.php(394): CodeIgniter\Database\BaseBuilder->insert()
#5 C:\xampp\htdocs\HMS\system\BaseModel.php(838): CodeIgniter\Model->doInsert(Array)
#6 C:\xampp\htdocs\HMS\system\Model.php(797): CodeIgniter\BaseModel->insert(Array, true)
#7 C:\xampp\htdocs\HMS\app\Controllers\Reception.php(372): CodeIgniter\Model->insert(Array)
#8 C:\xampp\htdocs\HMS\system\CodeIgniter.php(933): App\Controllers\Reception->store()
#9 C:\xampp\htdocs\HMS\system\CodeIgniter.php(507): CodeIgniter\CodeIgniter->runController(Object(App\Controllers\Reception))
#10 C:\xampp\htdocs\HMS\system\CodeIgniter.php(354): CodeIgniter\CodeIgniter->handleRequest(NULL, Object(Config\Cache), false)
#11 C:\xampp\htdocs\HMS\system\Boot.php(363): CodeIgniter\CodeIgniter->run()
#12 C:\xampp\htdocs\HMS\system\Boot.php(68): CodeIgniter\Boot::runCodeIgniter(Object(CodeIgniter\CodeIgniter))
#13 C:\xampp\htdocs\HMS\index.php(59): CodeIgniter\Boot::bootWeb(Object(Config\Paths))
#14 {main}
ERROR - 2025-11-02 13:35:37 --> Database exception: Unknown column 'first_name' in 'field list'
ERROR - 2025-11-02 13:35:37 --> mysqli_sql_exception: Unknown column 'first_name' in 'field list' in C:\xampp\htdocs\HMS\system\Database\MySQLi\Connection.php:327
Stack trace:
#0 C:\xampp\htdocs\HMS\system\Database\MySQLi\Connection.php(327): mysqli->query('INSERT INTO `pa...', 0)
#1 C:\xampp\htdocs\HMS\system\Database\BaseConnection.php(729): CodeIgniter\Database\MySQLi\Connection->execute('INSERT INTO `pa...')
#2 C:\xampp\htdocs\HMS\system\Database\BaseConnection.php(646): CodeIgniter\Database\BaseConnection->simpleQuery('INSERT INTO `pa...')
#3 C:\xampp\htdocs\HMS\system\Database\BaseBuilder.php(2345): CodeIgniter\Database\BaseConnection->query('INSERT INTO `pa...', Array, false)
#4 C:\xampp\htdocs\HMS\system\Model.php(394): CodeIgniter\Database\BaseBuilder->insert()
#5 C:\xampp\htdocs\HMS\system\BaseModel.php(838): CodeIgniter\Model->doInsert(Array)
#6 C:\xampp\htdocs\HMS\system\Model.php(797): CodeIgniter\BaseModel->insert(Array, true)
#7 C:\xampp\htdocs\HMS\app\Controllers\Reception.php(372): CodeIgniter\Model->insert(Array)
#8 C:\xampp\htdocs\HMS\system\CodeIgniter.php(933): App\Controllers\Reception->store()
#9 C:\xampp\htdocs\HMS\system\CodeIgniter.php(507): CodeIgniter\CodeIgniter->runController(Object(App\Controllers\Reception))
#10 C:\xampp\htdocs\HMS\system\CodeIgniter.php(354): CodeIgniter\CodeIgniter->handleRequest(NULL, Object(Config\Cache), false)
#11 C:\xampp\htdocs\HMS\system\Boot.php(363): CodeIgniter\CodeIgniter->run()
#12 C:\xampp\htdocs\HMS\system\Boot.php(68): CodeIgniter\Boot::runCodeIgniter(Object(CodeIgniter\CodeIgniter))
#13 C:\xampp\htdocs\HMS\index.php(59): CodeIgniter\Boot::bootWeb(Object(Config\Paths))
#14 {main}
ERROR - 2025-11-02 13:35:37 --> Database exception: Unknown column 'first_name' in 'field list'
ERROR - 2025-11-02 13:35:38 --> mysqli_sql_exception: Unknown column 'first_name' in 'field list' in C:\xampp\htdocs\HMS\system\Database\MySQLi\Connection.php:327
Stack trace:
#0 C:\xampp\htdocs\HMS\system\Database\MySQLi\Connection.php(327): mysqli->query('INSERT INTO `pa...', 0)
#1 C:\xampp\htdocs\HMS\system\Database\BaseConnection.php(729): CodeIgniter\Database\MySQLi\Connection->execute('INSERT INTO `pa...')
#2 C:\xampp\htdocs\HMS\system\Database\BaseConnection.php(646): CodeIgniter\Database\BaseConnection->simpleQuery('INSERT INTO `pa...')
#3 C:\xampp\htdocs\HMS\system\Database\BaseBuilder.php(2345): CodeIgniter\Database\BaseConnection->query('INSERT INTO `pa...', Array, false)
#4 C:\xampp\htdocs\HMS\system\Model.php(394): CodeIgniter\Database\BaseBuilder->insert()
#5 C:\xampp\htdocs\HMS\system\BaseModel.php(838): CodeIgniter\Model->doInsert(Array)
#6 C:\xampp\htdocs\HMS\system\Model.php(797): CodeIgniter\BaseModel->insert(Array, true)
#7 C:\xampp\htdocs\HMS\app\Controllers\Reception.php(372): CodeIgniter\Model->insert(Array)
#8 C:\xampp\htdocs\HMS\system\CodeIgniter.php(933): App\Controllers\Reception->store()
#9 C:\xampp\htdocs\HMS\system\CodeIgniter.php(507): CodeIgniter\CodeIgniter->runController(Object(App\Controllers\Reception))
#10 C:\xampp\htdocs\HMS\system\CodeIgniter.php(354): CodeIgniter\CodeIgniter->handleRequest(NULL, Object(Config\Cache), false)
#11 C:\xampp\htdocs\HMS\system\Boot.php(363): CodeIgniter\CodeIgniter->run()
#12 C:\xampp\htdocs\HMS\system\Boot.php(68): CodeIgniter\Boot::runCodeIgniter(Object(CodeIgniter\CodeIgniter))
#13 C:\xampp\htdocs\HMS\index.php(59): CodeIgniter\Boot::bootWeb(Object(Config\Paths))
#14 {main}
ERROR - 2025-11-02 13:35:38 --> Database exception: Unknown column 'first_name' in 'field list'
ERROR - 2025-11-02 13:35:38 --> mysqli_sql_exception: Unknown column 'first_name' in 'field list' in C:\xampp\htdocs\HMS\system\Database\MySQLi\Connection.php:327
Stack trace:
#0 C:\xampp\htdocs\HMS\system\Database\MySQLi\Connection.php(327): mysqli->query('INSERT INTO `pa...', 0)
#1 C:\xampp\htdocs\HMS\system\Database\BaseConnection.php(729): CodeIgniter\Database\MySQLi\Connection->execute('INSERT INTO `pa...')
#2 C:\xampp\htdocs\HMS\system\Database\BaseConnection.php(646): CodeIgniter\Database\BaseConnection->simpleQuery('INSERT INTO `pa...')
#3 C:\xampp\htdocs\HMS\system\Database\BaseBuilder.php(2345): CodeIgniter\Database\BaseConnection->query('INSERT INTO `pa...', Array, false)
#4 C:\xampp\htdocs\HMS\system\Model.php(394): CodeIgniter\Database\BaseBuilder->insert()
#5 C:\xampp\htdocs\HMS\system\BaseModel.php(838): CodeIgniter\Model->doInsert(Array)
#6 C:\xampp\htdocs\HMS\system\Model.php(797): CodeIgniter\BaseModel->insert(Array, true)
#7 C:\xampp\htdocs\HMS\app\Controllers\Reception.php(372): CodeIgniter\Model->insert(Array)
#8 C:\xampp\htdocs\HMS\system\CodeIgniter.php(933): App\Controllers\Reception->store()
#9 C:\xampp\htdocs\HMS\system\CodeIgniter.php(507): CodeIgniter\CodeIgniter->runController(Object(App\Controllers\Reception))
#10 C:\xampp\htdocs\HMS\system\CodeIgniter.php(354): CodeIgniter\CodeIgniter->handleRequest(NULL, Object(Config\Cache), false)
#11 C:\xampp\htdocs\HMS\system\Boot.php(363): CodeIgniter\CodeIgniter->run()
#12 C:\xampp\htdocs\HMS\system\Boot.php(68): CodeIgniter\Boot::runCodeIgniter(Object(CodeIgniter\CodeIgniter))
#13 C:\xampp\htdocs\HMS\index.php(59): CodeIgniter\Boot::bootWeb(Object(Config\Paths))
#14 {main}
ERROR - 2025-11-02 13:35:38 --> Database exception: Unknown column 'first_name' in 'field list'
ERROR - 2025-11-02 13:35:39 --> mysqli_sql_exception: Unknown column 'first_name' in 'field list' in C:\xampp\htdocs\HMS\system\Database\MySQLi\Connection.php:327
Stack trace:
#0 C:\xampp\htdocs\HMS\system\Database\MySQLi\Connection.php(327): mysqli->query('INSERT INTO `pa...', 0)
#1 C:\xampp\htdocs\HMS\system\Database\BaseConnection.php(729): CodeIgniter\Database\MySQLi\Connection->execute('INSERT INTO `pa...')
#2 C:\xampp\htdocs\HMS\system\Database\BaseConnection.php(646): CodeIgniter\Database\BaseConnection->simpleQuery('INSERT INTO `pa...')
#3 C:\xampp\htdocs\HMS\system\Database\BaseBuilder.php(2345): CodeIgniter\Database\BaseConnection->query('INSERT INTO `pa...', Array, false)
#4 C:\xampp\htdocs\HMS\system\Model.php(394): CodeIgniter\Database\BaseBuilder->insert()
#5 C:\xampp\htdocs\HMS\system\BaseModel.php(838): CodeIgniter\Model->doInsert(Array)
#6 C:\xampp\htdocs\HMS\system\Model.php(797): CodeIgniter\BaseModel->insert(Array, true)
#7 C:\xampp\htdocs\HMS\app\Controllers\Reception.php(372): CodeIgniter\Model->insert(Array)
#8 C:\xampp\htdocs\HMS\system\CodeIgniter.php(933): App\Controllers\Reception->store()
#9 C:\xampp\htdocs\HMS\system\CodeIgniter.php(507): CodeIgniter\CodeIgniter->runController(Object(App\Controllers\Reception))
#10 C:\xampp\htdocs\HMS\system\CodeIgniter.php(354): CodeIgniter\CodeIgniter->handleRequest(NULL, Object(Config\Cache), false)
#11 C:\xampp\htdocs\HMS\system\Boot.php(363): CodeIgniter\CodeIgniter->run()
#12 C:\xampp\htdocs\HMS\system\Boot.php(68): CodeIgniter\Boot::runCodeIgniter(Object(CodeIgniter\CodeIgniter))
#13 C:\xampp\htdocs\HMS\index.php(59): CodeIgniter\Boot::bootWeb(Object(Config\Paths))
#14 {main}
ERROR - 2025-11-02 13:35:39 --> Database exception: Unknown column 'first_name' in 'field list'
ERROR - 2025-11-02 13:35:39 --> mysqli_sql_exception: Unknown column 'first_name' in 'field list' in C:\xampp\htdocs\HMS\system\Database\MySQLi\Connection.php:327
Stack trace:
#0 C:\xampp\htdocs\HMS\system\Database\MySQLi\Connection.php(327): mysqli->query('INSERT INTO `pa...', 0)
#1 C:\xampp\htdocs\HMS\system\Database\BaseConnection.php(729): CodeIgniter\Database\MySQLi\Connection->execute('INSERT INTO `pa...')
#2 C:\xampp\htdocs\HMS\system\Database\BaseConnection.php(646): CodeIgniter\Database\BaseConnection->simpleQuery('INSERT INTO `pa...')
#3 C:\xampp\htdocs\HMS\system\Database\BaseBuilder.php(2345): CodeIgniter\Database\BaseConnection->query('INSERT INTO `pa...', Array, false)
#4 C:\xampp\htdocs\HMS\system\Model.php(394): CodeIgniter\Database\BaseBuilder->insert()
#5 C:\xampp\htdocs\HMS\system\BaseModel.php(838): CodeIgniter\Model->doInsert(Array)
#6 C:\xampp\htdocs\HMS\system\Model.php(797): CodeIgniter\BaseModel->insert(Array, true)
#7 C:\xampp\htdocs\HMS\app\Controllers\Reception.php(372): CodeIgniter\Model->insert(Array)
#8 C:\xampp\htdocs\HMS\system\CodeIgniter.php(933): App\Controllers\Reception->store()
#9 C:\xampp\htdocs\HMS\system\CodeIgniter.php(507): CodeIgniter\CodeIgniter->runController(Object(App\Controllers\Reception))
#10 C:\xampp\htdocs\HMS\system\CodeIgniter.php(354): CodeIgniter\CodeIgniter->handleRequest(NULL, Object(Config\Cache), false)
#11 C:\xampp\htdocs\HMS\system\Boot.php(363): CodeIgniter\CodeIgniter->run()
#12 C:\xampp\htdocs\HMS\system\Boot.php(68): CodeIgniter\Boot::runCodeIgniter(Object(CodeIgniter\CodeIgniter))
#13 C:\xampp\htdocs\HMS\index.php(59): CodeIgniter\Boot::bootWeb(Object(Config\Paths))
#14 {main}
ERROR - 2025-11-02 13:35:39 --> Database exception: Unknown column 'first_name' in 'field list'
ERROR - 2025-11-02 13:35:40 --> mysqli_sql_exception: Unknown column 'first_name' in 'field list' in C:\xampp\htdocs\HMS\system\Database\MySQLi\Connection.php:327
Stack trace:
#0 C:\xampp\htdocs\HMS\system\Database\MySQLi\Connection.php(327): mysqli->query('INSERT INTO `pa...', 0)
#1 C:\xampp\htdocs\HMS\system\Database\BaseConnection.php(729): CodeIgniter\Database\MySQLi\Connection->execute('INSERT INTO `pa...')
#2 C:\xampp\htdocs\HMS\system\Database\BaseConnection.php(646): CodeIgniter\Database\BaseConnection->simpleQuery('INSERT INTO `pa...')
#3 C:\xampp\htdocs\HMS\system\Database\BaseBuilder.php(2345): CodeIgniter\Database\BaseConnection->query('INSERT INTO `pa...', Array, false)
#4 C:\xampp\htdocs\HMS\system\Model.php(394): CodeIgniter\Database\BaseBuilder->insert()
#5 C:\xampp\htdocs\HMS\system\BaseModel.php(838): CodeIgniter\Model->doInsert(Array)
#6 C:\xampp\htdocs\HMS\system\Model.php(797): CodeIgniter\BaseModel->insert(Array, true)
#7 C:\xampp\htdocs\HMS\app\Controllers\Reception.php(372): CodeIgniter\Model->insert(Array)
#8 C:\xampp\htdocs\HMS\system\CodeIgniter.php(933): App\Controllers\Reception->store()
#9 C:\xampp\htdocs\HMS\system\CodeIgniter.php(507): CodeIgniter\CodeIgniter->runController(Object(App\Controllers\Reception))
#10 C:\xampp\htdocs\HMS\system\CodeIgniter.php(354): CodeIgniter\CodeIgniter->handleRequest(NULL, Object(Config\Cache), false)
#11 C:\xampp\htdocs\HMS\system\Boot.php(363): CodeIgniter\CodeIgniter->run()
#12 C:\xampp\htdocs\HMS\system\Boot.php(68): CodeIgniter\Boot::runCodeIgniter(Object(CodeIgniter\CodeIgniter))
#13 C:\xampp\htdocs\HMS\index.php(59): CodeIgniter\Boot::bootWeb(Object(Config\Paths))
#14 {main}
ERROR - 2025-11-02 13:35:40 --> Database exception: Unknown column 'first_name' in 'field list'
ERROR - 2025-11-02 13:35:40 --> mysqli_sql_exception: Unknown column 'first_name' in 'field list' in C:\xampp\htdocs\HMS\system\Database\MySQLi\Connection.php:327
Stack trace:
#0 C:\xampp\htdocs\HMS\system\Database\MySQLi\Connection.php(327): mysqli->query('INSERT INTO `pa...', 0)
#1 C:\xampp\htdocs\HMS\system\Database\BaseConnection.php(729): CodeIgniter\Database\MySQLi\Connection->execute('INSERT INTO `pa...')
#2 C:\xampp\htdocs\HMS\system\Database\BaseConnection.php(646): CodeIgniter\Database\BaseConnection->simpleQuery('INSERT INTO `pa...')
#3 C:\xampp\htdocs\HMS\system\Database\BaseBuilder.php(2345): CodeIgniter\Database\BaseConnection->query('INSERT INTO `pa...', Array, false)
#4 C:\xampp\htdocs\HMS\system\Model.php(394): CodeIgniter\Database\BaseBuilder->insert()
#5 C:\xampp\htdocs\HMS\system\BaseModel.php(838): CodeIgniter\Model->doInsert(Array)
#6 C:\xampp\htdocs\HMS\system\Model.php(797): CodeIgniter\BaseModel->insert(Array, true)
#7 C:\xampp\htdocs\HMS\app\Controllers\Reception.php(372): CodeIgniter\Model->insert(Array)
#8 C:\xampp\htdocs\HMS\system\CodeIgniter.php(933): App\Controllers\Reception->store()
#9 C:\xampp\htdocs\HMS\system\CodeIgniter.php(507): CodeIgniter\CodeIgniter->runController(Object(App\Controllers\Reception))
#10 C:\xampp\htdocs\HMS\system\CodeIgniter.php(354): CodeIgniter\CodeIgniter->handleRequest(NULL, Object(Config\Cache), false)
#11 C:\xampp\htdocs\HMS\system\Boot.php(363): CodeIgniter\CodeIgniter->run()
#12 C:\xampp\htdocs\HMS\system\Boot.php(68): CodeIgniter\Boot::runCodeIgniter(Object(CodeIgniter\CodeIgniter))
#13 C:\xampp\htdocs\HMS\index.php(59): CodeIgniter\Boot::bootWeb(Object(Config\Paths))
#14 {main}
ERROR - 2025-11-02 13:35:40 --> Database exception: Unknown column 'first_name' in 'field list'
ERROR - 2025-11-02 13:35:41 --> mysqli_sql_exception: Unknown column 'first_name' in 'field list' in C:\xampp\htdocs\HMS\system\Database\MySQLi\Connection.php:327
Stack trace:
#0 C:\xampp\htdocs\HMS\system\Database\MySQLi\Connection.php(327): mysqli->query('INSERT INTO `pa...', 0)
#1 C:\xampp\htdocs\HMS\system\Database\BaseConnection.php(729): CodeIgniter\Database\MySQLi\Connection->execute('INSERT INTO `pa...')
#2 C:\xampp\htdocs\HMS\system\Database\BaseConnection.php(646): CodeIgniter\Database\BaseConnection->simpleQuery('INSERT INTO `pa...')
#3 C:\xampp\htdocs\HMS\system\Database\BaseBuilder.php(2345): CodeIgniter\Database\BaseConnection->query('INSERT INTO `pa...', Array, false)
#4 C:\xampp\htdocs\HMS\system\Model.php(394): CodeIgniter\Database\BaseBuilder->insert()
#5 C:\xampp\htdocs\HMS\system\BaseModel.php(838): CodeIgniter\Model->doInsert(Array)
#6 C:\xampp\htdocs\HMS\system\Model.php(797): CodeIgniter\BaseModel->insert(Array, true)
#7 C:\xampp\htdocs\HMS\app\Controllers\Reception.php(372): CodeIgniter\Model->insert(Array)
#8 C:\xampp\htdocs\HMS\system\CodeIgniter.php(933): App\Controllers\Reception->store()
#9 C:\xampp\htdocs\HMS\system\CodeIgniter.php(507): CodeIgniter\CodeIgniter->runController(Object(App\Controllers\Reception))
#10 C:\xampp\htdocs\HMS\system\CodeIgniter.php(354): CodeIgniter\CodeIgniter->handleRequest(NULL, Object(Config\Cache), false)
#11 C:\xampp\htdocs\HMS\system\Boot.php(363): CodeIgniter\CodeIgniter->run()
#12 C:\xampp\htdocs\HMS\system\Boot.php(68): CodeIgniter\Boot::runCodeIgniter(Object(CodeIgniter\CodeIgniter))
#13 C:\xampp\htdocs\HMS\index.php(59): CodeIgniter\Boot::bootWeb(Object(Config\Paths))
#14 {main}
ERROR - 2025-11-02 13:35:41 --> Database exception: Unknown column 'first_name' in 'field list'
ERROR - 2025-11-02 14:07:59 --> mysqli_sql_exception: Can't create table `hms`.`doctors` (errno: 150 "Foreign key constraint is incorrectly formed") in C:\xampp\htdocs\HMS\system\Database\MySQLi\Connection.php:327
Stack trace:
#0 C:\xampp\htdocs\HMS\system\Database\MySQLi\Connection.php(327): mysqli->query('ALTER TABLE doc...', 0)
#1 C:\xampp\htdocs\HMS\system\Database\BaseConnection.php(729): CodeIgniter\Database\MySQLi\Connection->execute('ALTER TABLE doc...')
#2 C:\xampp\htdocs\HMS\system\Database\BaseConnection.php(646): CodeIgniter\Database\BaseConnection->simpleQuery('ALTER TABLE doc...')
#3 C:\xampp\htdocs\HMS\app\Database\Migrations\2025-10-30-080500_UpdateDoctorsTableForAdminModule.php(142): CodeIgniter\Database\BaseConnection->query('ALTER TABLE doc...')
#4 C:\xampp\htdocs\HMS\system\Database\MigrationRunner.php(876): App\Database\Migrations\UpdateDoctorsTableForAdminModule->up()
#5 C:\xampp\htdocs\HMS\system\Database\MigrationRunner.php(182): CodeIgniter\Database\MigrationRunner->migrate('up', Object(stdClass))
#6 C:\xampp\htdocs\HMS\system\Commands\Database\Migrate.php(85): CodeIgniter\Database\MigrationRunner->latest(NULL)
#7 C:\xampp\htdocs\HMS\system\CLI\Commands.php(74): CodeIgniter\Commands\Database\Migrate->run(Array)
#8 C:\xampp\htdocs\HMS\system\CLI\Console.php(47): CodeIgniter\CLI\Commands->run('migrate', Array)
#9 C:\xampp\htdocs\HMS\system\Boot.php(388): CodeIgniter\CLI\Console->run()
#10 C:\xampp\htdocs\HMS\system\Boot.php(133): CodeIgniter\Boot::runCommand(Object(CodeIgniter\CLI\Console))
#11 C:\xampp\htdocs\HMS\spark(87): CodeIgniter\Boot::bootSpark(Object(Config\Paths))
#12 {main}
ERROR - 2025-11-02 15:04:02 --> mysqli_sql_exception: Duplicate column name 'profile_picture' in C:\xampp\htdocs\HMS\system\Database\MySQLi\Connection.php:327
Stack trace:
#0 C:\xampp\htdocs\HMS\system\Database\MySQLi\Connection.php(327): mysqli->query('ALTER TABLE `do...', 0)
#1 C:\xampp\htdocs\HMS\system\Database\BaseConnection.php(729): CodeIgniter\Database\MySQLi\Connection->execute('ALTER TABLE `do...')
#2 C:\xampp\htdocs\HMS\system\Database\BaseConnection.php(646): CodeIgniter\Database\BaseConnection->simpleQuery('ALTER TABLE `do...')
#3 C:\xampp\htdocs\HMS\system\Database\Forge.php(772): CodeIgniter\Database\BaseConnection->query('ALTER TABLE `do...')
#4 C:\xampp\htdocs\HMS\app\Database\Migrations\2025-10-30-080500_UpdateDoctorsTableForAdminModule.php(136): CodeIgniter\Database\Forge->addColumn('doctors', Array)
#5 C:\xampp\htdocs\HMS\system\Database\MigrationRunner.php(876): App\Database\Migrations\UpdateDoctorsTableForAdminModule->up()
#6 C:\xampp\htdocs\HMS\system\Database\MigrationRunner.php(182): CodeIgniter\Database\MigrationRunner->migrate('up', Object(stdClass))
#7 C:\xampp\htdocs\HMS\system\Commands\Database\Migrate.php(85): CodeIgniter\Database\MigrationRunner->latest(NULL)
#8 C:\xampp\htdocs\HMS\system\CLI\Commands.php(74): CodeIgniter\Commands\Database\Migrate->run(Array)
#9 C:\xampp\htdocs\HMS\system\CLI\Console.php(47): CodeIgniter\CLI\Commands->run('migrate', Array)
#10 C:\xampp\htdocs\HMS\system\Boot.php(388): CodeIgniter\CLI\Console->run()
#11 C:\xampp\htdocs\HMS\system\Boot.php(133): CodeIgniter\Boot::runCommand(Object(CodeIgniter\CLI\Console))
#12 C:\xampp\htdocs\HMS\spark(87): CodeIgniter\Boot::bootSpark(Object(Config\Paths))
#13 {main}
ERROR - 2025-11-02 15:04:23 --> mysqli_sql_exception: Duplicate column name 'profile_picture' in C:\xampp\htdocs\HMS\system\Database\MySQLi\Connection.php:327
Stack trace:
#0 C:\xampp\htdocs\HMS\system\Database\MySQLi\Connection.php(327): mysqli->query('ALTER TABLE `do...', 0)
#1 C:\xampp\htdocs\HMS\system\Database\BaseConnection.php(729): CodeIgniter\Database\MySQLi\Connection->execute('ALTER TABLE `do...')
#2 C:\xampp\htdocs\HMS\system\Database\BaseConnection.php(646): CodeIgniter\Database\BaseConnection->simpleQuery('ALTER TABLE `do...')
#3 C:\xampp\htdocs\HMS\system\Database\Forge.php(772): CodeIgniter\Database\BaseConnection->query('ALTER TABLE `do...')
#4 C:\xampp\htdocs\HMS\app\Database\Migrations\2025-10-30-080500_UpdateDoctorsTableForAdminModule.php(136): CodeIgniter\Database\Forge->addColumn('doctors', Array)
#5 C:\xampp\htdocs\HMS\system\Database\MigrationRunner.php(876): App\Database\Migrations\UpdateDoctorsTableForAdminModule->up()
#6 C:\xampp\htdocs\HMS\system\Database\MigrationRunner.php(182): CodeIgniter\Database\MigrationRunner->migrate('up', Object(stdClass))
#7 C:\xampp\htdocs\HMS\system\Commands\Database\Migrate.php(85): CodeIgniter\Database\MigrationRunner->latest('default')
#8 C:\xampp\htdocs\HMS\system\CLI\Commands.php(74): CodeIgniter\Commands\Database\Migrate->run(Array)
#9 C:\xampp\htdocs\HMS\system\CLI\Console.php(47): CodeIgniter\CLI\Commands->run('migrate', Array)
#10 C:\xampp\htdocs\HMS\system\Boot.php(388): CodeIgniter\CLI\Console->run()
#11 C:\xampp\htdocs\HMS\system\Boot.php(133): CodeIgniter\Boot::runCommand(Object(CodeIgniter\CLI\Console))
#12 C:\xampp\htdocs\HMS\spark(87): CodeIgniter\Boot::bootSpark(Object(Config\Paths))
#13 {main}
